{"C:\\Users\\Hamzah\\Documents\\Data_D\\Belajar Program\\Havktiv8\\Phase-3\\Week-3\\Final-Project-Backend\\Backend_BarberDelivery\\app.js": {"path":"C:\\Users\\Hamzah\\Documents\\Data_D\\Belajar Program\\Havktiv8\\Phase-3\\Week-3\\Final-Project-Backend\\Backend_BarberDelivery\\app.js","statementMap":{"0":{"start":{"line":1,"column":0},"end":{"line":3,"column":1}},"1":{"start":{"line":2,"column":2},"end":{"line":2,"column":29}},"2":{"start":{"line":5,"column":16},"end":{"line":5,"column":34}},"3":{"start":{"line":6,"column":13},"end":{"line":6,"column":28}},"4":{"start":{"line":7,"column":21},"end":{"line":7,"column":57}},"5":{"start":{"line":8,"column":25},"end":{"line":8,"column":67}},"6":{"start":{"line":9,"column":12},"end":{"line":9,"column":21}},"7":{"start":{"line":10,"column":13},"end":{"line":10,"column":37}},"8":{"start":{"line":11,"column":15},"end":{"line":11,"column":34}},"9":{"start":{"line":13,"column":0},"end":{"line":13,"column":24}},"10":{"start":{"line":15,"column":0},"end":{"line":15,"column":16}},"11":{"start":{"line":17,"column":0},"end":{"line":17,"column":48}},"12":{"start":{"line":19,"column":0},"end":{"line":19,"column":21}},"13":{"start":{"line":20,"column":0},"end":{"line":20,"column":22}},"14":{"start":{"line":22,"column":0},"end":{"line":29,"column":5}},"15":{"start":{"line":23,"column":2},"end":{"line":28,"column":3}},"16":{"start":{"line":24,"column":4},"end":{"line":24,"column":25}},"17":{"start":{"line":27,"column":4},"end":{"line":27,"column":48}},"18":{"start":{"line":31,"column":0},"end":{"line":31,"column":21}}},"fnMap":{"0":{"name":"(anonymous_0)","decl":{"start":{"line":22,"column":1},"end":{"line":22,"column":2}},"loc":{"start":{"line":22,"column":13},"end":{"line":29,"column":1}},"line":22}},"branchMap":{"0":{"loc":{"start":{"line":1,"column":0},"end":{"line":3,"column":1}},"type":"if","locations":[{"start":{"line":1,"column":0},"end":{"line":3,"column":1}},{"start":{},"end":{}}],"line":1},"1":{"loc":{"start":{"line":10,"column":13},"end":{"line":10,"column":37}},"type":"binary-expr","locations":[{"start":{"line":10,"column":13},"end":{"line":10,"column":29}},{"start":{"line":10,"column":33},"end":{"line":10,"column":37}}],"line":10}},"s":{"0":3,"1":3,"2":3,"3":3,"4":3,"5":3,"6":3,"7":3,"8":3,"9":3,"10":3,"11":3,"12":3,"13":3,"14":3,"15":3,"16":3,"17":0,"18":3},"f":{"0":3},"b":{"0":[3,0],"1":[3,3]},"_coverageSchema":"1a1c01bbd47fc00a2c39e90264f33305004495a9","hash":"11f1a468ce207229aaec7964f3aa10f43c701661"}
,"C:\\Users\\Hamzah\\Documents\\Data_D\\Belajar Program\\Havktiv8\\Phase-3\\Week-3\\Final-Project-Backend\\Backend_BarberDelivery\\configMongodb\\mongoConnection.js": {"path":"C:\\Users\\Hamzah\\Documents\\Data_D\\Belajar Program\\Havktiv8\\Phase-3\\Week-3\\Final-Project-Backend\\Backend_BarberDelivery\\configMongodb\\mongoConnection.js","statementMap":{"0":{"start":{"line":1,"column":24},"end":{"line":1,"column":42}},"1":{"start":{"line":4,"column":25},"end":{"line":4,"column":98}},"2":{"start":{"line":6,"column":9},"end":{"line":6,"column":13}},"3":{"start":{"line":8,"column":21},"end":{"line":20,"column":1}},"4":{"start":{"line":9,"column":17},"end":{"line":9,"column":50}},"5":{"start":{"line":11,"column":2},"end":{"line":19,"column":3}},"6":{"start":{"line":12,"column":21},"end":{"line":12,"column":43}},"7":{"start":{"line":14,"column":4},"end":{"line":14,"column":18}},"8":{"start":{"line":16,"column":4},"end":{"line":16,"column":20}},"9":{"start":{"line":18,"column":4},"end":{"line":18,"column":25}},"10":{"start":{"line":22,"column":20},"end":{"line":22,"column":28}},"11":{"start":{"line":22,"column":26},"end":{"line":22,"column":28}},"12":{"start":{"line":24,"column":0},"end":{"line":28,"column":2}}},"fnMap":{"0":{"name":"(anonymous_0)","decl":{"start":{"line":8,"column":21},"end":{"line":8,"column":22}},"loc":{"start":{"line":8,"column":33},"end":{"line":20,"column":1}},"line":8},"1":{"name":"(anonymous_1)","decl":{"start":{"line":22,"column":20},"end":{"line":22,"column":21}},"loc":{"start":{"line":22,"column":26},"end":{"line":22,"column":28}},"line":22}},"branchMap":{},"s":{"0":3,"1":3,"2":3,"3":3,"4":3,"5":3,"6":3,"7":3,"8":3,"9":0,"10":3,"11":0,"12":3},"f":{"0":3,"1":0},"b":{},"_coverageSchema":"1a1c01bbd47fc00a2c39e90264f33305004495a9","hash":"867af8a632d786a4caf35e845138df0f4e30f6f5"}
,"C:\\Users\\Hamzah\\Documents\\Data_D\\Belajar Program\\Havktiv8\\Phase-3\\Week-3\\Final-Project-Backend\\Backend_BarberDelivery\\controllers\\barberMainController.js": {"path":"C:\\Users\\Hamzah\\Documents\\Data_D\\Belajar Program\\Havktiv8\\Phase-3\\Week-3\\Final-Project-Backend\\Backend_BarberDelivery\\controllers\\barberMainController.js","statementMap":{"0":{"start":{"line":1,"column":20},"end":{"line":1,"column":37}},"1":{"start":{"line":2,"column":24},"end":{"line":2,"column":49}},"2":{"start":{"line":3,"column":88},"end":{"line":3,"column":114}},"3":{"start":{"line":7,"column":4},"end":{"line":54,"column":5}},"4":{"start":{"line":8,"column":44},"end":{"line":8,"column":52}},"5":{"start":{"line":11,"column":6},"end":{"line":13,"column":7}},"6":{"start":{"line":12,"column":8},"end":{"line":12,"column":44}},"7":{"start":{"line":15,"column":6},"end":{"line":17,"column":7}},"8":{"start":{"line":16,"column":8},"end":{"line":16,"column":41}},"9":{"start":{"line":19,"column":6},"end":{"line":21,"column":7}},"10":{"start":{"line":20,"column":8},"end":{"line":20,"column":44}},"11":{"start":{"line":23,"column":24},"end":{"line":28,"column":8}},"12":{"start":{"line":30,"column":6},"end":{"line":32,"column":7}},"13":{"start":{"line":31,"column":8},"end":{"line":31,"column":40}},"14":{"start":{"line":34,"column":25},"end":{"line":34,"column":70}},"15":{"start":{"line":35,"column":6},"end":{"line":37,"column":7}},"16":{"start":{"line":36,"column":8},"end":{"line":36,"column":40}},"17":{"start":{"line":40,"column":25},"end":{"line":42,"column":8}},"18":{"start":{"line":44,"column":34},"end":{"line":44,"column":54}},"19":{"start":{"line":46,"column":6},"end":{"line":49,"column":9}},"20":{"start":{"line":52,"column":6},"end":{"line":52,"column":23}},"21":{"start":{"line":53,"column":6},"end":{"line":53,"column":16}},"22":{"start":{"line":59,"column":4},"end":{"line":77,"column":5}},"23":{"start":{"line":60,"column":33},"end":{"line":60,"column":41}},"24":{"start":{"line":62,"column":6},"end":{"line":71,"column":8}},"25":{"start":{"line":73,"column":6},"end":{"line":73,"column":75}},"26":{"start":{"line":76,"column":6},"end":{"line":76,"column":18}},"27":{"start":{"line":82,"column":4},"end":{"line":92,"column":5}},"28":{"start":{"line":83,"column":27},"end":{"line":87,"column":8}},"29":{"start":{"line":89,"column":6},"end":{"line":89,"column":41}},"30":{"start":{"line":91,"column":6},"end":{"line":91,"column":18}},"31":{"start":{"line":96,"column":4},"end":{"line":113,"column":5}},"32":{"start":{"line":97,"column":30},"end":{"line":97,"column":40}},"33":{"start":{"line":99,"column":30},"end":{"line":104,"column":8}},"34":{"start":{"line":106,"column":6},"end":{"line":108,"column":7}},"35":{"start":{"line":107,"column":8},"end":{"line":107,"column":41}},"36":{"start":{"line":110,"column":6},"end":{"line":110,"column":44}},"37":{"start":{"line":112,"column":6},"end":{"line":112,"column":18}},"38":{"start":{"line":117,"column":4},"end":{"line":140,"column":5}},"39":{"start":{"line":118,"column":30},"end":{"line":118,"column":40}},"40":{"start":{"line":119,"column":25},"end":{"line":119,"column":33}},"41":{"start":{"line":121,"column":38},"end":{"line":131,"column":7}},"42":{"start":{"line":133,"column":6},"end":{"line":135,"column":7}},"43":{"start":{"line":134,"column":8},"end":{"line":134,"column":41}},"44":{"start":{"line":137,"column":6},"end":{"line":137,"column":77}},"45":{"start":{"line":139,"column":6},"end":{"line":139,"column":18}},"46":{"start":{"line":146,"column":4},"end":{"line":153,"column":5}},"47":{"start":{"line":147,"column":24},"end":{"line":149,"column":8}},"48":{"start":{"line":150,"column":6},"end":{"line":150,"column":38}},"49":{"start":{"line":152,"column":6},"end":{"line":152,"column":18}},"50":{"start":{"line":157,"column":4},"end":{"line":186,"column":5}},"51":{"start":{"line":158,"column":29},"end":{"line":158,"column":39}},"52":{"start":{"line":159,"column":25},"end":{"line":159,"column":33}},"53":{"start":{"line":160,"column":28},"end":{"line":165,"column":8}},"54":{"start":{"line":167,"column":6},"end":{"line":169,"column":7}},"55":{"start":{"line":168,"column":8},"end":{"line":168,"column":41}},"56":{"start":{"line":171,"column":30},"end":{"line":181,"column":7}},"57":{"start":{"line":183,"column":6},"end":{"line":183,"column":59}},"58":{"start":{"line":185,"column":6},"end":{"line":185,"column":18}},"59":{"start":{"line":190,"column":0},"end":{"line":190,"column":38}}},"fnMap":{"0":{"name":"(anonymous_0)","decl":{"start":{"line":6,"column":2},"end":{"line":6,"column":3}},"loc":{"start":{"line":6,"column":37},"end":{"line":55,"column":3}},"line":6},"1":{"name":"(anonymous_1)","decl":{"start":{"line":58,"column":2},"end":{"line":58,"column":3}},"loc":{"start":{"line":58,"column":51},"end":{"line":78,"column":3}},"line":58},"2":{"name":"(anonymous_2)","decl":{"start":{"line":81,"column":2},"end":{"line":81,"column":3}},"loc":{"start":{"line":81,"column":49},"end":{"line":93,"column":3}},"line":81},"3":{"name":"(anonymous_3)","decl":{"start":{"line":95,"column":2},"end":{"line":95,"column":3}},"loc":{"start":{"line":95,"column":50},"end":{"line":114,"column":3}},"line":95},"4":{"name":"(anonymous_4)","decl":{"start":{"line":116,"column":2},"end":{"line":116,"column":3}},"loc":{"start":{"line":116,"column":54},"end":{"line":141,"column":3}},"line":116},"5":{"name":"(anonymous_5)","decl":{"start":{"line":145,"column":2},"end":{"line":145,"column":3}},"loc":{"start":{"line":145,"column":43},"end":{"line":154,"column":3}},"line":145},"6":{"name":"(anonymous_6)","decl":{"start":{"line":156,"column":2},"end":{"line":156,"column":3}},"loc":{"start":{"line":156,"column":45},"end":{"line":187,"column":3}},"line":156}},"branchMap":{"0":{"loc":{"start":{"line":11,"column":6},"end":{"line":13,"column":7}},"type":"if","locations":[{"start":{"line":11,"column":6},"end":{"line":13,"column":7}},{"start":{},"end":{}}],"line":11},"1":{"loc":{"start":{"line":15,"column":6},"end":{"line":17,"column":7}},"type":"if","locations":[{"start":{"line":15,"column":6},"end":{"line":17,"column":7}},{"start":{},"end":{}}],"line":15},"2":{"loc":{"start":{"line":19,"column":6},"end":{"line":21,"column":7}},"type":"if","locations":[{"start":{"line":19,"column":6},"end":{"line":21,"column":7}},{"start":{},"end":{}}],"line":19},"3":{"loc":{"start":{"line":30,"column":6},"end":{"line":32,"column":7}},"type":"if","locations":[{"start":{"line":30,"column":6},"end":{"line":32,"column":7}},{"start":{},"end":{}}],"line":30},"4":{"loc":{"start":{"line":35,"column":6},"end":{"line":37,"column":7}},"type":"if","locations":[{"start":{"line":35,"column":6},"end":{"line":37,"column":7}},{"start":{},"end":{}}],"line":35},"5":{"loc":{"start":{"line":106,"column":6},"end":{"line":108,"column":7}},"type":"if","locations":[{"start":{"line":106,"column":6},"end":{"line":108,"column":7}},{"start":{},"end":{}}],"line":106},"6":{"loc":{"start":{"line":133,"column":6},"end":{"line":135,"column":7}},"type":"if","locations":[{"start":{"line":133,"column":6},"end":{"line":135,"column":7}},{"start":{},"end":{}}],"line":133},"7":{"loc":{"start":{"line":167,"column":6},"end":{"line":169,"column":7}},"type":"if","locations":[{"start":{"line":167,"column":6},"end":{"line":169,"column":7}},{"start":{},"end":{}}],"line":167}},"s":{"0":3,"1":3,"2":3,"3":4,"4":4,"5":4,"6":0,"7":4,"8":0,"9":4,"10":0,"11":4,"12":4,"13":2,"14":2,"15":2,"16":1,"17":1,"18":1,"19":1,"20":3,"21":3,"22":0,"23":0,"24":0,"25":0,"26":0,"27":0,"28":0,"29":0,"30":0,"31":0,"32":0,"33":0,"34":0,"35":0,"36":0,"37":0,"38":0,"39":0,"40":0,"41":0,"42":0,"43":0,"44":0,"45":0,"46":0,"47":0,"48":0,"49":0,"50":0,"51":0,"52":0,"53":0,"54":0,"55":0,"56":0,"57":0,"58":0,"59":3},"f":{"0":4,"1":0,"2":0,"3":0,"4":0,"5":0,"6":0},"b":{"0":[0,4],"1":[0,4],"2":[0,4],"3":[2,2],"4":[1,1],"5":[0,0],"6":[0,0],"7":[0,0]},"_coverageSchema":"1a1c01bbd47fc00a2c39e90264f33305004495a9","hash":"31719d6dc6fc57c660546405906e99a0e238edb2"}
,"C:\\Users\\Hamzah\\Documents\\Data_D\\Belajar Program\\Havktiv8\\Phase-3\\Week-3\\Final-Project-Backend\\Backend_BarberDelivery\\controllers\\cmsMainController.js": {"path":"C:\\Users\\Hamzah\\Documents\\Data_D\\Belajar Program\\Havktiv8\\Phase-3\\Week-3\\Final-Project-Backend\\Backend_BarberDelivery\\controllers\\cmsMainController.js","statementMap":{"0":{"start":{"line":1,"column":20},"end":{"line":1,"column":37}},"1":{"start":{"line":2,"column":24},"end":{"line":2,"column":49}},"2":{"start":{"line":3,"column":54},"end":{"line":3,"column":80}},"3":{"start":{"line":4,"column":14},"end":{"line":4,"column":50}},"4":{"start":{"line":5,"column":18},"end":{"line":5,"column":56}},"5":{"start":{"line":9,"column":4},"end":{"line":41,"column":5}},"6":{"start":{"line":10,"column":44},"end":{"line":10,"column":52}},"7":{"start":{"line":11,"column":27},"end":{"line":15,"column":8}},"8":{"start":{"line":17,"column":6},"end":{"line":22,"column":9}},"9":{"start":{"line":24,"column":6},"end":{"line":24,"column":23}},"10":{"start":{"line":25,"column":6},"end":{"line":29,"column":7}},"11":{"start":{"line":26,"column":8},"end":{"line":26,"column":42}},"12":{"start":{"line":27,"column":13},"end":{"line":29,"column":7}},"13":{"start":{"line":28,"column":8},"end":{"line":28,"column":42}},"14":{"start":{"line":30,"column":6},"end":{"line":32,"column":7}},"15":{"start":{"line":31,"column":8},"end":{"line":31,"column":42}},"16":{"start":{"line":33,"column":6},"end":{"line":35,"column":7}},"17":{"start":{"line":34,"column":8},"end":{"line":34,"column":42}},"18":{"start":{"line":36,"column":6},"end":{"line":40,"column":7}},"19":{"start":{"line":37,"column":8},"end":{"line":37,"column":42}},"20":{"start":{"line":39,"column":8},"end":{"line":39,"column":18}},"21":{"start":{"line":45,"column":4},"end":{"line":74,"column":5}},"22":{"start":{"line":46,"column":44},"end":{"line":46,"column":52}},"23":{"start":{"line":47,"column":6},"end":{"line":47,"column":44}},"24":{"start":{"line":49,"column":25},"end":{"line":49,"column":72}},"25":{"start":{"line":51,"column":6},"end":{"line":53,"column":7}},"26":{"start":{"line":52,"column":8},"end":{"line":52,"column":40}},"27":{"start":{"line":55,"column":26},"end":{"line":55,"column":70}},"28":{"start":{"line":56,"column":6},"end":{"line":58,"column":7}},"29":{"start":{"line":57,"column":8},"end":{"line":57,"column":40}},"30":{"start":{"line":60,"column":25},"end":{"line":62,"column":8}},"31":{"start":{"line":64,"column":34},"end":{"line":64,"column":53}},"32":{"start":{"line":66,"column":6},"end":{"line":69,"column":9}},"33":{"start":{"line":72,"column":6},"end":{"line":72,"column":23}},"34":{"start":{"line":73,"column":6},"end":{"line":73,"column":16}},"35":{"start":{"line":78,"column":4},"end":{"line":85,"column":5}},"36":{"start":{"line":79,"column":27},"end":{"line":79,"column":51}},"37":{"start":{"line":81,"column":6},"end":{"line":81,"column":41}},"38":{"start":{"line":83,"column":6},"end":{"line":83,"column":23}},"39":{"start":{"line":84,"column":6},"end":{"line":84,"column":16}},"40":{"start":{"line":89,"column":4},"end":{"line":105,"column":5}},"41":{"start":{"line":90,"column":29},"end":{"line":90,"column":39}},"42":{"start":{"line":91,"column":28},"end":{"line":100,"column":7}},"43":{"start":{"line":101,"column":6},"end":{"line":101,"column":72}},"44":{"start":{"line":103,"column":6},"end":{"line":103,"column":23}},"45":{"start":{"line":104,"column":6},"end":{"line":104,"column":16}},"46":{"start":{"line":109,"column":4},"end":{"line":134,"column":5}},"47":{"start":{"line":110,"column":29},"end":{"line":110,"column":39}},"48":{"start":{"line":112,"column":29},"end":{"line":116,"column":8}},"49":{"start":{"line":117,"column":6},"end":{"line":117,"column":34}},"50":{"start":{"line":119,"column":6},"end":{"line":130,"column":7}},"51":{"start":{"line":120,"column":34},"end":{"line":124,"column":10}},"52":{"start":{"line":125,"column":8},"end":{"line":127,"column":11}},"53":{"start":{"line":129,"column":8},"end":{"line":129,"column":41}},"54":{"start":{"line":132,"column":6},"end":{"line":132,"column":23}},"55":{"start":{"line":133,"column":6},"end":{"line":133,"column":16}},"56":{"start":{"line":138,"column":4},"end":{"line":156,"column":5}},"57":{"start":{"line":139,"column":111},"end":{"line":139,"column":119}},"58":{"start":{"line":140,"column":29},"end":{"line":151,"column":8}},"59":{"start":{"line":152,"column":6},"end":{"line":152,"column":43}},"60":{"start":{"line":154,"column":6},"end":{"line":154,"column":23}},"61":{"start":{"line":155,"column":6},"end":{"line":155,"column":16}},"62":{"start":{"line":160,"column":4},"end":{"line":167,"column":5}},"63":{"start":{"line":161,"column":25},"end":{"line":161,"column":47}},"64":{"start":{"line":163,"column":6},"end":{"line":163,"column":39}},"65":{"start":{"line":165,"column":6},"end":{"line":165,"column":23}},"66":{"start":{"line":166,"column":6},"end":{"line":166,"column":16}},"67":{"start":{"line":171,"column":4},"end":{"line":187,"column":5}},"68":{"start":{"line":172,"column":27},"end":{"line":172,"column":37}},"69":{"start":{"line":173,"column":25},"end":{"line":177,"column":8}},"70":{"start":{"line":179,"column":6},"end":{"line":183,"column":7}},"71":{"start":{"line":180,"column":8},"end":{"line":180,"column":41}},"72":{"start":{"line":182,"column":8},"end":{"line":182,"column":41}},"73":{"start":{"line":185,"column":6},"end":{"line":185,"column":23}},"74":{"start":{"line":186,"column":6},"end":{"line":186,"column":16}},"75":{"start":{"line":191,"column":4},"end":{"line":216,"column":5}},"76":{"start":{"line":192,"column":27},"end":{"line":192,"column":37}},"77":{"start":{"line":193,"column":111},"end":{"line":193,"column":119}},"78":{"start":{"line":194,"column":29},"end":{"line":211,"column":7}},"79":{"start":{"line":212,"column":6},"end":{"line":212,"column":49}},"80":{"start":{"line":214,"column":6},"end":{"line":214,"column":23}},"81":{"start":{"line":215,"column":6},"end":{"line":215,"column":16}},"82":{"start":{"line":220,"column":4},"end":{"line":245,"column":5}},"83":{"start":{"line":221,"column":27},"end":{"line":221,"column":37}},"84":{"start":{"line":223,"column":27},"end":{"line":227,"column":8}},"85":{"start":{"line":228,"column":6},"end":{"line":228,"column":32}},"86":{"start":{"line":230,"column":6},"end":{"line":241,"column":7}},"87":{"start":{"line":231,"column":32},"end":{"line":235,"column":10}},"88":{"start":{"line":236,"column":8},"end":{"line":238,"column":11}},"89":{"start":{"line":240,"column":8},"end":{"line":240,"column":41}},"90":{"start":{"line":243,"column":6},"end":{"line":243,"column":23}},"91":{"start":{"line":244,"column":6},"end":{"line":244,"column":16}},"92":{"start":{"line":249,"column":4},"end":{"line":257,"column":5}},"93":{"start":{"line":250,"column":28},"end":{"line":250,"column":61}},"94":{"start":{"line":251,"column":6},"end":{"line":251,"column":33}},"95":{"start":{"line":253,"column":6},"end":{"line":253,"column":42}},"96":{"start":{"line":255,"column":6},"end":{"line":255,"column":23}},"97":{"start":{"line":256,"column":6},"end":{"line":256,"column":16}},"98":{"start":{"line":261,"column":4},"end":{"line":278,"column":5}},"99":{"start":{"line":262,"column":24},"end":{"line":262,"column":32}},"100":{"start":{"line":263,"column":27},"end":{"line":265,"column":8}},"101":{"start":{"line":267,"column":6},"end":{"line":270,"column":9}},"102":{"start":{"line":272,"column":6},"end":{"line":272,"column":23}},"103":{"start":{"line":273,"column":6},"end":{"line":277,"column":7}},"104":{"start":{"line":274,"column":8},"end":{"line":274,"column":42}},"105":{"start":{"line":276,"column":8},"end":{"line":276,"column":18}},"106":{"start":{"line":282,"column":4},"end":{"line":290,"column":5}},"107":{"start":{"line":283,"column":30},"end":{"line":283,"column":40}},"108":{"start":{"line":284,"column":30},"end":{"line":284,"column":78}},"109":{"start":{"line":286,"column":6},"end":{"line":286,"column":72}},"110":{"start":{"line":288,"column":6},"end":{"line":288,"column":23}},"111":{"start":{"line":289,"column":6},"end":{"line":289,"column":16}},"112":{"start":{"line":294,"column":0},"end":{"line":294,"column":31}}},"fnMap":{"0":{"name":"(anonymous_0)","decl":{"start":{"line":7,"column":2},"end":{"line":7,"column":3}},"loc":{"start":{"line":7,"column":40},"end":{"line":42,"column":3}},"line":7},"1":{"name":"(anonymous_1)","decl":{"start":{"line":44,"column":2},"end":{"line":44,"column":3}},"loc":{"start":{"line":44,"column":37},"end":{"line":75,"column":3}},"line":44},"2":{"name":"(anonymous_2)","decl":{"start":{"line":77,"column":2},"end":{"line":77,"column":3}},"loc":{"start":{"line":77,"column":46},"end":{"line":86,"column":3}},"line":77},"3":{"name":"(anonymous_3)","decl":{"start":{"line":88,"column":2},"end":{"line":88,"column":3}},"loc":{"start":{"line":88,"column":54},"end":{"line":106,"column":3}},"line":88},"4":{"name":"(anonymous_4)","decl":{"start":{"line":108,"column":2},"end":{"line":108,"column":3}},"loc":{"start":{"line":108,"column":46},"end":{"line":135,"column":3}},"line":108},"5":{"name":"(anonymous_5)","decl":{"start":{"line":137,"column":2},"end":{"line":137,"column":3}},"loc":{"start":{"line":137,"column":42},"end":{"line":157,"column":3}},"line":137},"6":{"name":"(anonymous_6)","decl":{"start":{"line":159,"column":2},"end":{"line":159,"column":3}},"loc":{"start":{"line":159,"column":44},"end":{"line":168,"column":3}},"line":159},"7":{"name":"(anonymous_7)","decl":{"start":{"line":170,"column":2},"end":{"line":170,"column":3}},"loc":{"start":{"line":170,"column":43},"end":{"line":188,"column":3}},"line":170},"8":{"name":"(anonymous_8)","decl":{"start":{"line":190,"column":2},"end":{"line":190,"column":3}},"loc":{"start":{"line":190,"column":42},"end":{"line":217,"column":3}},"line":190},"9":{"name":"(anonymous_9)","decl":{"start":{"line":219,"column":2},"end":{"line":219,"column":3}},"loc":{"start":{"line":219,"column":44},"end":{"line":246,"column":3}},"line":219},"10":{"name":"(anonymous_10)","decl":{"start":{"line":248,"column":2},"end":{"line":248,"column":3}},"loc":{"start":{"line":248,"column":47},"end":{"line":258,"column":3}},"line":248},"11":{"name":"(anonymous_11)","decl":{"start":{"line":260,"column":2},"end":{"line":260,"column":3}},"loc":{"start":{"line":260,"column":44},"end":{"line":279,"column":3}},"line":260},"12":{"name":"(anonymous_12)","decl":{"start":{"line":281,"column":2},"end":{"line":281,"column":3}},"loc":{"start":{"line":281,"column":51},"end":{"line":291,"column":3}},"line":281}},"branchMap":{"0":{"loc":{"start":{"line":25,"column":6},"end":{"line":29,"column":7}},"type":"if","locations":[{"start":{"line":25,"column":6},"end":{"line":29,"column":7}},{"start":{"line":27,"column":13},"end":{"line":29,"column":7}}],"line":25},"1":{"loc":{"start":{"line":27,"column":13},"end":{"line":29,"column":7}},"type":"if","locations":[{"start":{"line":27,"column":13},"end":{"line":29,"column":7}},{"start":{},"end":{}}],"line":27},"2":{"loc":{"start":{"line":30,"column":6},"end":{"line":32,"column":7}},"type":"if","locations":[{"start":{"line":30,"column":6},"end":{"line":32,"column":7}},{"start":{},"end":{}}],"line":30},"3":{"loc":{"start":{"line":33,"column":6},"end":{"line":35,"column":7}},"type":"if","locations":[{"start":{"line":33,"column":6},"end":{"line":35,"column":7}},{"start":{},"end":{}}],"line":33},"4":{"loc":{"start":{"line":36,"column":6},"end":{"line":40,"column":7}},"type":"if","locations":[{"start":{"line":36,"column":6},"end":{"line":40,"column":7}},{"start":{"line":38,"column":13},"end":{"line":40,"column":7}}],"line":36},"5":{"loc":{"start":{"line":51,"column":6},"end":{"line":53,"column":7}},"type":"if","locations":[{"start":{"line":51,"column":6},"end":{"line":53,"column":7}},{"start":{},"end":{}}],"line":51},"6":{"loc":{"start":{"line":56,"column":6},"end":{"line":58,"column":7}},"type":"if","locations":[{"start":{"line":56,"column":6},"end":{"line":58,"column":7}},{"start":{},"end":{}}],"line":56},"7":{"loc":{"start":{"line":119,"column":6},"end":{"line":130,"column":7}},"type":"if","locations":[{"start":{"line":119,"column":6},"end":{"line":130,"column":7}},{"start":{"line":128,"column":13},"end":{"line":130,"column":7}}],"line":119},"8":{"loc":{"start":{"line":179,"column":6},"end":{"line":183,"column":7}},"type":"if","locations":[{"start":{"line":179,"column":6},"end":{"line":183,"column":7}},{"start":{"line":181,"column":13},"end":{"line":183,"column":7}}],"line":179},"9":{"loc":{"start":{"line":230,"column":6},"end":{"line":241,"column":7}},"type":"if","locations":[{"start":{"line":230,"column":6},"end":{"line":241,"column":7}},{"start":{"line":239,"column":13},"end":{"line":241,"column":7}}],"line":230},"10":{"loc":{"start":{"line":273,"column":6},"end":{"line":277,"column":7}},"type":"if","locations":[{"start":{"line":273,"column":6},"end":{"line":277,"column":7}},{"start":{"line":275,"column":13},"end":{"line":277,"column":7}}],"line":273}},"s":{"0":3,"1":3,"2":3,"3":3,"4":3,"5":0,"6":0,"7":0,"8":0,"9":0,"10":0,"11":0,"12":0,"13":0,"14":0,"15":0,"16":0,"17":0,"18":0,"19":0,"20":0,"21":0,"22":0,"23":0,"24":0,"25":0,"26":0,"27":0,"28":0,"29":0,"30":0,"31":0,"32":0,"33":0,"34":0,"35":0,"36":0,"37":0,"38":0,"39":0,"40":0,"41":0,"42":0,"43":0,"44":0,"45":0,"46":0,"47":0,"48":0,"49":0,"50":0,"51":0,"52":0,"53":0,"54":0,"55":0,"56":0,"57":0,"58":0,"59":0,"60":0,"61":0,"62":0,"63":0,"64":0,"65":0,"66":0,"67":0,"68":0,"69":0,"70":0,"71":0,"72":0,"73":0,"74":0,"75":0,"76":0,"77":0,"78":0,"79":0,"80":0,"81":0,"82":0,"83":0,"84":0,"85":0,"86":0,"87":0,"88":0,"89":0,"90":0,"91":0,"92":0,"93":0,"94":0,"95":0,"96":0,"97":0,"98":0,"99":0,"100":0,"101":0,"102":0,"103":0,"104":0,"105":0,"106":0,"107":0,"108":0,"109":0,"110":0,"111":0,"112":3},"f":{"0":0,"1":0,"2":0,"3":0,"4":0,"5":0,"6":0,"7":0,"8":0,"9":0,"10":0,"11":0,"12":0},"b":{"0":[0,0],"1":[0,0],"2":[0,0],"3":[0,0],"4":[0,0],"5":[0,0],"6":[0,0],"7":[0,0],"8":[0,0],"9":[0,0],"10":[0,0]},"_coverageSchema":"1a1c01bbd47fc00a2c39e90264f33305004495a9","hash":"cc58dd7ea4d2338e89d674d0a62a3b9a3f2b4811"}
,"C:\\Users\\Hamzah\\Documents\\Data_D\\Belajar Program\\Havktiv8\\Phase-3\\Week-3\\Final-Project-Backend\\Backend_BarberDelivery\\controllers\\customerMainController.js": {"path":"C:\\Users\\Hamzah\\Documents\\Data_D\\Belajar Program\\Havktiv8\\Phase-3\\Week-3\\Final-Project-Backend\\Backend_BarberDelivery\\controllers\\customerMainController.js","statementMap":{"0":{"start":{"line":1,"column":88},"end":{"line":1,"column":114}},"1":{"start":{"line":2,"column":17},"end":{"line":2,"column":50}},"2":{"start":{"line":3,"column":14},"end":{"line":3,"column":30}},"3":{"start":{"line":4,"column":12},"end":{"line":4,"column":39}},"4":{"start":{"line":5,"column":17},"end":{"line":5,"column":49}},"5":{"start":{"line":6,"column":15},"end":{"line":6,"column":41}},"6":{"start":{"line":7,"column":18},"end":{"line":7,"column":56}},"7":{"start":{"line":9,"column":0},"end":{"line":9,"column":19}},"8":{"start":{"line":10,"column":0},"end":{"line":10,"column":30}},"9":{"start":{"line":12,"column":0},"end":{"line":12,"column":17}},"10":{"start":{"line":16,"column":4},"end":{"line":26,"column":5}},"11":{"start":{"line":17,"column":29},"end":{"line":19,"column":8}},"12":{"start":{"line":22,"column":6},"end":{"line":22,"column":43}},"13":{"start":{"line":24,"column":6},"end":{"line":24,"column":23}},"14":{"start":{"line":25,"column":6},"end":{"line":25,"column":13}},"15":{"start":{"line":30,"column":4},"end":{"line":48,"column":5}},"16":{"start":{"line":31,"column":27},"end":{"line":31,"column":37}},"17":{"start":{"line":32,"column":25},"end":{"line":37,"column":8}},"18":{"start":{"line":39,"column":6},"end":{"line":41,"column":7}},"19":{"start":{"line":40,"column":8},"end":{"line":40,"column":41}},"20":{"start":{"line":43,"column":6},"end":{"line":43,"column":30}},"21":{"start":{"line":44,"column":6},"end":{"line":44,"column":39}},"22":{"start":{"line":46,"column":6},"end":{"line":46,"column":23}},"23":{"start":{"line":47,"column":6},"end":{"line":47,"column":16}},"24":{"start":{"line":52,"column":4},"end":{"line":197,"column":5}},"25":{"start":{"line":53,"column":90},"end":{"line":53,"column":98}},"26":{"start":{"line":57,"column":37},"end":{"line":66,"column":8}},"27":{"start":{"line":68,"column":29},"end":{"line":68,"column":31}},"28":{"start":{"line":70,"column":6},"end":{"line":72,"column":9}},"29":{"start":{"line":71,"column":8},"end":{"line":71,"column":76}},"30":{"start":{"line":74,"column":36},"end":{"line":74,"column":90}},"31":{"start":{"line":75,"column":29},"end":{"line":82,"column":8}},"32":{"start":{"line":85,"column":6},"end":{"line":85,"column":55}},"33":{"start":{"line":86,"column":6},"end":{"line":86,"column":51}},"34":{"start":{"line":88,"column":6},"end":{"line":88,"column":62}},"35":{"start":{"line":91,"column":8},"end":{"line":99,"column":11}},"36":{"start":{"line":92,"column":10},"end":{"line":98,"column":13}},"37":{"start":{"line":93,"column":12},"end":{"line":97,"column":13}},"38":{"start":{"line":94,"column":14},"end":{"line":94,"column":26}},"39":{"start":{"line":96,"column":14},"end":{"line":96,"column":33}},"40":{"start":{"line":104,"column":8},"end":{"line":110,"column":9}},"41":{"start":{"line":105,"column":28},"end":{"line":105,"column":92}},"42":{"start":{"line":106,"column":10},"end":{"line":106,"column":44}},"43":{"start":{"line":113,"column":29},"end":{"line":113,"column":41}},"44":{"start":{"line":114,"column":6},"end":{"line":114,"column":46}},"45":{"start":{"line":115,"column":33},"end":{"line":115,"column":85}},"46":{"start":{"line":118,"column":27},"end":{"line":120,"column":8}},"47":{"start":{"line":119,"column":8},"end":{"line":119,"column":32}},"48":{"start":{"line":122,"column":26},"end":{"line":124,"column":11}},"49":{"start":{"line":123,"column":8},"end":{"line":123,"column":21}},"50":{"start":{"line":126,"column":27},"end":{"line":130,"column":8}},"51":{"start":{"line":134,"column":6},"end":{"line":138,"column":7}},"52":{"start":{"line":135,"column":8},"end":{"line":135,"column":81}},"53":{"start":{"line":137,"column":8},"end":{"line":137,"column":73}},"54":{"start":{"line":141,"column":32},"end":{"line":141,"column":81}},"55":{"start":{"line":142,"column":30},"end":{"line":144,"column":8}},"56":{"start":{"line":143,"column":8},"end":{"line":143,"column":35}},"57":{"start":{"line":146,"column":29},"end":{"line":148,"column":11}},"58":{"start":{"line":147,"column":8},"end":{"line":147,"column":21}},"59":{"start":{"line":150,"column":26},"end":{"line":150,"column":63}},"60":{"start":{"line":153,"column":6},"end":{"line":153,"column":24}},"61":{"start":{"line":154,"column":6},"end":{"line":154,"column":29}},"62":{"start":{"line":155,"column":24},"end":{"line":155,"column":38}},"63":{"start":{"line":156,"column":22},"end":{"line":156,"column":36}},"64":{"start":{"line":157,"column":6},"end":{"line":157,"column":51}},"65":{"start":{"line":158,"column":6},"end":{"line":158,"column":63}},"66":{"start":{"line":163,"column":29},"end":{"line":169,"column":8}},"67":{"start":{"line":171,"column":32},"end":{"line":189,"column":7}},"68":{"start":{"line":193,"column":6},"end":{"line":193,"column":52}},"69":{"start":{"line":195,"column":6},"end":{"line":195,"column":23}},"70":{"start":{"line":196,"column":6},"end":{"line":196,"column":16}},"71":{"start":{"line":201,"column":4},"end":{"line":211,"column":5}},"72":{"start":{"line":202,"column":32},"end":{"line":206,"column":8}},"73":{"start":{"line":207,"column":6},"end":{"line":207,"column":46}},"74":{"start":{"line":209,"column":6},"end":{"line":209,"column":23}},"75":{"start":{"line":210,"column":6},"end":{"line":210,"column":16}},"76":{"start":{"line":215,"column":4},"end":{"line":234,"column":5}},"77":{"start":{"line":216,"column":32},"end":{"line":216,"column":42}},"78":{"start":{"line":217,"column":33},"end":{"line":225,"column":8}},"79":{"start":{"line":226,"column":6},"end":{"line":228,"column":7}},"80":{"start":{"line":227,"column":8},"end":{"line":227,"column":41}},"81":{"start":{"line":229,"column":6},"end":{"line":229,"column":38}},"82":{"start":{"line":230,"column":6},"end":{"line":230,"column":47}},"83":{"start":{"line":232,"column":6},"end":{"line":232,"column":23}},"84":{"start":{"line":233,"column":6},"end":{"line":233,"column":16}},"85":{"start":{"line":238,"column":4},"end":{"line":302,"column":5}},"86":{"start":{"line":239,"column":32},"end":{"line":239,"column":40}},"87":{"start":{"line":241,"column":31},"end":{"line":249,"column":8}},"88":{"start":{"line":252,"column":6},"end":{"line":254,"column":7}},"89":{"start":{"line":253,"column":8},"end":{"line":253,"column":41}},"90":{"start":{"line":256,"column":6},"end":{"line":265,"column":8}},"91":{"start":{"line":267,"column":6},"end":{"line":274,"column":8}},"92":{"start":{"line":276,"column":6},"end":{"line":285,"column":8}},"93":{"start":{"line":287,"column":6},"end":{"line":296,"column":8}},"94":{"start":{"line":298,"column":6},"end":{"line":298,"column":64}},"95":{"start":{"line":300,"column":6},"end":{"line":300,"column":23}},"96":{"start":{"line":301,"column":6},"end":{"line":301,"column":16}},"97":{"start":{"line":306,"column":4},"end":{"line":353,"column":5}},"98":{"start":{"line":307,"column":33},"end":{"line":307,"column":41}},"99":{"start":{"line":309,"column":6},"end":{"line":311,"column":7}},"100":{"start":{"line":310,"column":8},"end":{"line":310,"column":43}},"101":{"start":{"line":313,"column":25},"end":{"line":317,"column":8}},"102":{"start":{"line":319,"column":6},"end":{"line":321,"column":7}},"103":{"start":{"line":320,"column":8},"end":{"line":320,"column":41}},"104":{"start":{"line":323,"column":25},"end":{"line":323,"column":42}},"105":{"start":{"line":327,"column":6},"end":{"line":331,"column":7}},"106":{"start":{"line":328,"column":8},"end":{"line":328,"column":28}},"107":{"start":{"line":330,"column":8},"end":{"line":330,"column":48}},"108":{"start":{"line":332,"column":6},"end":{"line":332,"column":37}},"109":{"start":{"line":334,"column":6},"end":{"line":343,"column":8}},"110":{"start":{"line":344,"column":6},"end":{"line":344,"column":31}},"111":{"start":{"line":346,"column":6},"end":{"line":346,"column":68}},"112":{"start":{"line":348,"column":6},"end":{"line":350,"column":7}},"113":{"start":{"line":349,"column":8},"end":{"line":349,"column":79}},"114":{"start":{"line":351,"column":6},"end":{"line":351,"column":23}},"115":{"start":{"line":352,"column":6},"end":{"line":352,"column":16}},"116":{"start":{"line":357,"column":4},"end":{"line":363,"column":5}},"117":{"start":{"line":358,"column":28},"end":{"line":358,"column":61}},"118":{"start":{"line":359,"column":6},"end":{"line":359,"column":42}},"119":{"start":{"line":361,"column":6},"end":{"line":361,"column":23}},"120":{"start":{"line":362,"column":6},"end":{"line":362,"column":16}},"121":{"start":{"line":367,"column":0},"end":{"line":367,"column":40}}},"fnMap":{"0":{"name":"(anonymous_0)","decl":{"start":{"line":15,"column":2},"end":{"line":15,"column":3}},"loc":{"start":{"line":15,"column":44},"end":{"line":27,"column":3}},"line":15},"1":{"name":"(anonymous_1)","decl":{"start":{"line":29,"column":2},"end":{"line":29,"column":3}},"loc":{"start":{"line":29,"column":45},"end":{"line":49,"column":3}},"line":29},"2":{"name":"(anonymous_2)","decl":{"start":{"line":51,"column":2},"end":{"line":51,"column":3}},"loc":{"start":{"line":51,"column":47},"end":{"line":198,"column":3}},"line":51},"3":{"name":"(anonymous_3)","decl":{"start":{"line":70,"column":40},"end":{"line":70,"column":41}},"loc":{"start":{"line":70,"column":48},"end":{"line":72,"column":7}},"line":70},"4":{"name":"getDistances","decl":{"start":{"line":90,"column":15},"end":{"line":90,"column":27}},"loc":{"start":{"line":90,"column":51},"end":{"line":100,"column":7}},"line":90},"5":{"name":"(anonymous_5)","decl":{"start":{"line":91,"column":27},"end":{"line":91,"column":28}},"loc":{"start":{"line":91,"column":54},"end":{"line":99,"column":9}},"line":91},"6":{"name":"(anonymous_6)","decl":{"start":{"line":92,"column":49},"end":{"line":92,"column":50}},"loc":{"start":{"line":92,"column":75},"end":{"line":98,"column":11}},"line":92},"7":{"name":"main","decl":{"start":{"line":103,"column":21},"end":{"line":103,"column":25}},"loc":{"start":{"line":103,"column":28},"end":{"line":111,"column":7}},"line":103},"8":{"name":"(anonymous_8)","decl":{"start":{"line":118,"column":46},"end":{"line":118,"column":47}},"loc":{"start":{"line":118,"column":54},"end":{"line":120,"column":7}},"line":118},"9":{"name":"(anonymous_9)","decl":{"start":{"line":122,"column":46},"end":{"line":122,"column":47}},"loc":{"start":{"line":122,"column":62},"end":{"line":124,"column":7}},"line":122},"10":{"name":"(anonymous_10)","decl":{"start":{"line":142,"column":49},"end":{"line":142,"column":50}},"loc":{"start":{"line":142,"column":57},"end":{"line":144,"column":7}},"line":142},"11":{"name":"(anonymous_11)","decl":{"start":{"line":146,"column":52},"end":{"line":146,"column":53}},"loc":{"start":{"line":146,"column":68},"end":{"line":148,"column":7}},"line":146},"12":{"name":"(anonymous_12)","decl":{"start":{"line":200,"column":2},"end":{"line":200,"column":3}},"loc":{"start":{"line":200,"column":49},"end":{"line":212,"column":3}},"line":200},"13":{"name":"(anonymous_13)","decl":{"start":{"line":214,"column":2},"end":{"line":214,"column":3}},"loc":{"start":{"line":214,"column":50},"end":{"line":235,"column":3}},"line":214},"14":{"name":"(anonymous_14)","decl":{"start":{"line":237,"column":2},"end":{"line":237,"column":3}},"loc":{"start":{"line":237,"column":46},"end":{"line":303,"column":3}},"line":237},"15":{"name":"(anonymous_15)","decl":{"start":{"line":305,"column":2},"end":{"line":305,"column":3}},"loc":{"start":{"line":305,"column":42},"end":{"line":354,"column":3}},"line":305},"16":{"name":"(anonymous_16)","decl":{"start":{"line":356,"column":2},"end":{"line":356,"column":3}},"loc":{"start":{"line":356,"column":47},"end":{"line":364,"column":3}},"line":356}},"branchMap":{"0":{"loc":{"start":{"line":39,"column":6},"end":{"line":41,"column":7}},"type":"if","locations":[{"start":{"line":39,"column":6},"end":{"line":41,"column":7}},{"start":{},"end":{}}],"line":39},"1":{"loc":{"start":{"line":93,"column":12},"end":{"line":97,"column":13}},"type":"if","locations":[{"start":{"line":93,"column":12},"end":{"line":97,"column":13}},{"start":{"line":95,"column":19},"end":{"line":97,"column":13}}],"line":93},"2":{"loc":{"start":{"line":134,"column":6},"end":{"line":138,"column":7}},"type":"if","locations":[{"start":{"line":134,"column":6},"end":{"line":138,"column":7}},{"start":{"line":136,"column":13},"end":{"line":138,"column":7}}],"line":134},"3":{"loc":{"start":{"line":226,"column":6},"end":{"line":228,"column":7}},"type":"if","locations":[{"start":{"line":226,"column":6},"end":{"line":228,"column":7}},{"start":{},"end":{}}],"line":226},"4":{"loc":{"start":{"line":252,"column":6},"end":{"line":254,"column":7}},"type":"if","locations":[{"start":{"line":252,"column":6},"end":{"line":254,"column":7}},{"start":{},"end":{}}],"line":252},"5":{"loc":{"start":{"line":309,"column":6},"end":{"line":311,"column":7}},"type":"if","locations":[{"start":{"line":309,"column":6},"end":{"line":311,"column":7}},{"start":{},"end":{}}],"line":309},"6":{"loc":{"start":{"line":319,"column":6},"end":{"line":321,"column":7}},"type":"if","locations":[{"start":{"line":319,"column":6},"end":{"line":321,"column":7}},{"start":{},"end":{}}],"line":319},"7":{"loc":{"start":{"line":327,"column":6},"end":{"line":331,"column":7}},"type":"if","locations":[{"start":{"line":327,"column":6},"end":{"line":331,"column":7}},{"start":{"line":329,"column":13},"end":{"line":331,"column":7}}],"line":327},"8":{"loc":{"start":{"line":348,"column":6},"end":{"line":350,"column":7}},"type":"if","locations":[{"start":{"line":348,"column":6},"end":{"line":350,"column":7}},{"start":{},"end":{}}],"line":348}},"s":{"0":3,"1":3,"2":3,"3":3,"4":3,"5":3,"6":3,"7":3,"8":3,"9":3,"10":0,"11":0,"12":0,"13":0,"14":0,"15":0,"16":0,"17":0,"18":0,"19":0,"20":0,"21":0,"22":0,"23":0,"24":0,"25":0,"26":0,"27":0,"28":0,"29":0,"30":0,"31":0,"32":0,"33":0,"34":0,"35":0,"36":0,"37":0,"38":0,"39":0,"40":0,"41":0,"42":0,"43":0,"44":0,"45":0,"46":0,"47":0,"48":0,"49":0,"50":0,"51":0,"52":0,"53":0,"54":0,"55":0,"56":0,"57":0,"58":0,"59":0,"60":0,"61":0,"62":0,"63":0,"64":0,"65":0,"66":0,"67":0,"68":0,"69":0,"70":0,"71":0,"72":0,"73":0,"74":0,"75":0,"76":0,"77":0,"78":0,"79":0,"80":0,"81":0,"82":0,"83":0,"84":0,"85":0,"86":0,"87":0,"88":0,"89":0,"90":0,"91":0,"92":0,"93":0,"94":0,"95":0,"96":0,"97":0,"98":0,"99":0,"100":0,"101":0,"102":0,"103":0,"104":0,"105":0,"106":0,"107":0,"108":0,"109":0,"110":0,"111":0,"112":0,"113":0,"114":0,"115":0,"116":0,"117":0,"118":0,"119":0,"120":0,"121":3},"f":{"0":0,"1":0,"2":0,"3":0,"4":0,"5":0,"6":0,"7":0,"8":0,"9":0,"10":0,"11":0,"12":0,"13":0,"14":0,"15":0,"16":0},"b":{"0":[0,0],"1":[0,0],"2":[0,0],"3":[0,0],"4":[0,0],"5":[0,0],"6":[0,0],"7":[0,0],"8":[0,0]},"_coverageSchema":"1a1c01bbd47fc00a2c39e90264f33305004495a9","hash":"34a0212aa10e63a4d601a157bdc3cb7c0a455b51"}
,"C:\\Users\\Hamzah\\Documents\\Data_D\\Belajar Program\\Havktiv8\\Phase-3\\Week-3\\Final-Project-Backend\\Backend_BarberDelivery\\controllers\\customerProfileController.js": {"path":"C:\\Users\\Hamzah\\Documents\\Data_D\\Belajar Program\\Havktiv8\\Phase-3\\Week-3\\Final-Project-Backend\\Backend_BarberDelivery\\controllers\\customerProfileController.js","statementMap":{"0":{"start":{"line":1,"column":20},"end":{"line":1,"column":37}},"1":{"start":{"line":2,"column":24},"end":{"line":2,"column":49}},"2":{"start":{"line":3,"column":54},"end":{"line":3,"column":80}},"3":{"start":{"line":7,"column":4},"end":{"line":19,"column":5}},"4":{"start":{"line":8,"column":44},"end":{"line":8,"column":52}},"5":{"start":{"line":9,"column":6},"end":{"line":9,"column":28}},"6":{"start":{"line":10,"column":33},"end":{"line":14,"column":8}},"7":{"start":{"line":15,"column":6},"end":{"line":15,"column":87}},"8":{"start":{"line":17,"column":6},"end":{"line":17,"column":23}},"9":{"start":{"line":18,"column":6},"end":{"line":18,"column":16}},"10":{"start":{"line":23,"column":4},"end":{"line":61,"column":5}},"11":{"start":{"line":24,"column":44},"end":{"line":24,"column":52}},"12":{"start":{"line":25,"column":6},"end":{"line":25,"column":54}},"13":{"start":{"line":27,"column":26},"end":{"line":32,"column":8}},"14":{"start":{"line":35,"column":6},"end":{"line":37,"column":7}},"15":{"start":{"line":36,"column":8},"end":{"line":36,"column":40}},"16":{"start":{"line":39,"column":26},"end":{"line":39,"column":73}},"17":{"start":{"line":40,"column":6},"end":{"line":40,"column":33}},"18":{"start":{"line":41,"column":6},"end":{"line":44,"column":7}},"19":{"start":{"line":42,"column":8},"end":{"line":42,"column":29}},"20":{"start":{"line":43,"column":8},"end":{"line":43,"column":40}},"21":{"start":{"line":45,"column":6},"end":{"line":45,"column":27}},"22":{"start":{"line":47,"column":25},"end":{"line":49,"column":8}},"23":{"start":{"line":51,"column":34},"end":{"line":51,"column":56}},"24":{"start":{"line":53,"column":6},"end":{"line":56,"column":9}},"25":{"start":{"line":59,"column":6},"end":{"line":59,"column":23}},"26":{"start":{"line":60,"column":6},"end":{"line":60,"column":16}},"27":{"start":{"line":65,"column":0},"end":{"line":65,"column":43}}},"fnMap":{"0":{"name":"(anonymous_0)","decl":{"start":{"line":5,"column":2},"end":{"line":5,"column":3}},"loc":{"start":{"line":5,"column":40},"end":{"line":20,"column":3}},"line":5},"1":{"name":"(anonymous_1)","decl":{"start":{"line":22,"column":2},"end":{"line":22,"column":3}},"loc":{"start":{"line":22,"column":37},"end":{"line":62,"column":3}},"line":22}},"branchMap":{"0":{"loc":{"start":{"line":35,"column":6},"end":{"line":37,"column":7}},"type":"if","locations":[{"start":{"line":35,"column":6},"end":{"line":37,"column":7}},{"start":{},"end":{}}],"line":35},"1":{"loc":{"start":{"line":41,"column":6},"end":{"line":44,"column":7}},"type":"if","locations":[{"start":{"line":41,"column":6},"end":{"line":44,"column":7}},{"start":{},"end":{}}],"line":41}},"s":{"0":3,"1":3,"2":3,"3":8,"4":8,"5":8,"6":8,"7":1,"8":7,"9":7,"10":4,"11":4,"12":4,"13":4,"14":4,"15":2,"16":2,"17":2,"18":2,"19":1,"20":1,"21":1,"22":1,"23":1,"24":1,"25":3,"26":3,"27":3},"f":{"0":8,"1":4},"b":{"0":[2,2],"1":[1,1]},"_coverageSchema":"1a1c01bbd47fc00a2c39e90264f33305004495a9","hash":"39ee835ce3eaf4f071715f79c2650124eb2ba254"}
,"C:\\Users\\Hamzah\\Documents\\Data_D\\Belajar Program\\Havktiv8\\Phase-3\\Week-3\\Final-Project-Backend\\Backend_BarberDelivery\\helpers\\bcrypt.js": {"path":"C:\\Users\\Hamzah\\Documents\\Data_D\\Belajar Program\\Havktiv8\\Phase-3\\Week-3\\Final-Project-Backend\\Backend_BarberDelivery\\helpers\\bcrypt.js","statementMap":{"0":{"start":{"line":1,"column":15},"end":{"line":1,"column":32}},"1":{"start":{"line":4,"column":15},"end":{"line":4,"column":37}},"2":{"start":{"line":5,"column":15},"end":{"line":5,"column":46}},"3":{"start":{"line":7,"column":2},"end":{"line":7,"column":14}},"4":{"start":{"line":11,"column":2},"end":{"line":11,"column":52}},"5":{"start":{"line":14,"column":0},"end":{"line":14,"column":39}}},"fnMap":{"0":{"name":"hash","decl":{"start":{"line":3,"column":9},"end":{"line":3,"column":13}},"loc":{"start":{"line":3,"column":24},"end":{"line":8,"column":1}},"line":3},"1":{"name":"comparePass","decl":{"start":{"line":10,"column":9},"end":{"line":10,"column":20}},"loc":{"start":{"line":10,"column":45},"end":{"line":12,"column":1}},"line":10}},"branchMap":{},"s":{"0":3,"1":15,"2":15,"3":15,"4":0,"5":3},"f":{"0":15,"1":0},"b":{},"_coverageSchema":"1a1c01bbd47fc00a2c39e90264f33305004495a9","hash":"a749d326bfddb8fa38616f2915345a3ba6778470"}
,"C:\\Users\\Hamzah\\Documents\\Data_D\\Belajar Program\\Havktiv8\\Phase-3\\Week-3\\Final-Project-Backend\\Backend_BarberDelivery\\helpers\\jwt.js": {"path":"C:\\Users\\Hamzah\\Documents\\Data_D\\Belajar Program\\Havktiv8\\Phase-3\\Week-3\\Final-Project-Backend\\Backend_BarberDelivery\\helpers\\jwt.js","statementMap":{"0":{"start":{"line":1,"column":10},"end":{"line":1,"column":33}},"1":{"start":{"line":2,"column":23},"end":{"line":2,"column":49}},"2":{"start":{"line":5,"column":2},"end":{"line":5,"column":42}},"3":{"start":{"line":9,"column":2},"end":{"line":9,"column":43}},"4":{"start":{"line":12,"column":0},"end":{"line":12,"column":46}}},"fnMap":{"0":{"name":"encodeToken","decl":{"start":{"line":4,"column":9},"end":{"line":4,"column":20}},"loc":{"start":{"line":4,"column":29},"end":{"line":6,"column":1}},"line":4},"1":{"name":"decodeToken","decl":{"start":{"line":8,"column":9},"end":{"line":8,"column":20}},"loc":{"start":{"line":8,"column":28},"end":{"line":10,"column":1}},"line":8}},"branchMap":{},"s":{"0":3,"1":3,"2":3,"3":0,"4":3},"f":{"0":3,"1":0},"b":{},"_coverageSchema":"1a1c01bbd47fc00a2c39e90264f33305004495a9","hash":"7df59e3fc8aa2c1bf717eddb2a9beb169c02185e"}
,"C:\\Users\\Hamzah\\Documents\\Data_D\\Belajar Program\\Havktiv8\\Phase-3\\Week-3\\Final-Project-Backend\\Backend_BarberDelivery\\middleware\\barberAuth.js": {"path":"C:\\Users\\Hamzah\\Documents\\Data_D\\Belajar Program\\Havktiv8\\Phase-3\\Week-3\\Final-Project-Backend\\Backend_BarberDelivery\\middleware\\barberAuth.js","statementMap":{"0":{"start":{"line":1,"column":24},"end":{"line":1,"column":49}},"1":{"start":{"line":2,"column":19},"end":{"line":2,"column":45}},"2":{"start":{"line":4,"column":29},"end":{"line":30,"column":1}},"3":{"start":{"line":5,"column":2},"end":{"line":29,"column":3}},"4":{"start":{"line":6,"column":29},"end":{"line":6,"column":40}},"5":{"start":{"line":8,"column":4},"end":{"line":10,"column":5}},"6":{"start":{"line":9,"column":6},"end":{"line":9,"column":38}},"7":{"start":{"line":12,"column":22},"end":{"line":12,"column":47}},"8":{"start":{"line":14,"column":23},"end":{"line":14,"column":58}},"9":{"start":{"line":16,"column":4},"end":{"line":18,"column":5}},"10":{"start":{"line":17,"column":6},"end":{"line":17,"column":38}},"11":{"start":{"line":20,"column":4},"end":{"line":23,"column":5}},"12":{"start":{"line":25,"column":4},"end":{"line":25,"column":11}},"13":{"start":{"line":27,"column":4},"end":{"line":27,"column":21}},"14":{"start":{"line":28,"column":4},"end":{"line":28,"column":14}},"15":{"start":{"line":32,"column":0},"end":{"line":32,"column":42}}},"fnMap":{"0":{"name":"(anonymous_0)","decl":{"start":{"line":4,"column":29},"end":{"line":4,"column":30}},"loc":{"start":{"line":4,"column":55},"end":{"line":30,"column":1}},"line":4}},"branchMap":{"0":{"loc":{"start":{"line":8,"column":4},"end":{"line":10,"column":5}},"type":"if","locations":[{"start":{"line":8,"column":4},"end":{"line":10,"column":5}},{"start":{},"end":{}}],"line":8},"1":{"loc":{"start":{"line":16,"column":4},"end":{"line":18,"column":5}},"type":"if","locations":[{"start":{"line":16,"column":4},"end":{"line":18,"column":5}},{"start":{},"end":{}}],"line":16}},"s":{"0":3,"1":3,"2":3,"3":0,"4":0,"5":0,"6":0,"7":0,"8":0,"9":0,"10":0,"11":0,"12":0,"13":0,"14":0,"15":3},"f":{"0":0},"b":{"0":[0,0],"1":[0,0]},"_coverageSchema":"1a1c01bbd47fc00a2c39e90264f33305004495a9","hash":"6e206142dcf29c8c65c2a71d3b6e2b9e37f80751"}
,"C:\\Users\\Hamzah\\Documents\\Data_D\\Belajar Program\\Havktiv8\\Phase-3\\Week-3\\Final-Project-Backend\\Backend_BarberDelivery\\middleware\\cmsAuth.js": {"path":"C:\\Users\\Hamzah\\Documents\\Data_D\\Belajar Program\\Havktiv8\\Phase-3\\Week-3\\Final-Project-Backend\\Backend_BarberDelivery\\middleware\\cmsAuth.js","statementMap":{"0":{"start":{"line":1,"column":24},"end":{"line":1,"column":49}},"1":{"start":{"line":2,"column":14},"end":{"line":2,"column":50}},"2":{"start":{"line":4,"column":26},"end":{"line":28,"column":1}},"3":{"start":{"line":5,"column":2},"end":{"line":27,"column":3}},"4":{"start":{"line":6,"column":29},"end":{"line":6,"column":40}},"5":{"start":{"line":8,"column":4},"end":{"line":10,"column":5}},"6":{"start":{"line":9,"column":6},"end":{"line":9,"column":38}},"7":{"start":{"line":12,"column":22},"end":{"line":12,"column":47}},"8":{"start":{"line":14,"column":4},"end":{"line":14,"column":30}},"9":{"start":{"line":15,"column":22},"end":{"line":15,"column":60}},"10":{"start":{"line":17,"column":4},"end":{"line":19,"column":5}},"11":{"start":{"line":18,"column":6},"end":{"line":18,"column":38}},"12":{"start":{"line":21,"column":4},"end":{"line":21,"column":26}},"13":{"start":{"line":23,"column":4},"end":{"line":23,"column":11}},"14":{"start":{"line":25,"column":4},"end":{"line":25,"column":21}},"15":{"start":{"line":26,"column":4},"end":{"line":26,"column":14}},"16":{"start":{"line":30,"column":0},"end":{"line":30,"column":39}}},"fnMap":{"0":{"name":"(anonymous_0)","decl":{"start":{"line":4,"column":26},"end":{"line":4,"column":27}},"loc":{"start":{"line":4,"column":52},"end":{"line":28,"column":1}},"line":4}},"branchMap":{"0":{"loc":{"start":{"line":8,"column":4},"end":{"line":10,"column":5}},"type":"if","locations":[{"start":{"line":8,"column":4},"end":{"line":10,"column":5}},{"start":{},"end":{}}],"line":8},"1":{"loc":{"start":{"line":17,"column":4},"end":{"line":19,"column":5}},"type":"if","locations":[{"start":{"line":17,"column":4},"end":{"line":19,"column":5}},{"start":{},"end":{}}],"line":17}},"s":{"0":3,"1":3,"2":3,"3":0,"4":0,"5":0,"6":0,"7":0,"8":0,"9":0,"10":0,"11":0,"12":0,"13":0,"14":0,"15":0,"16":3},"f":{"0":0},"b":{"0":[0,0],"1":[0,0]},"_coverageSchema":"1a1c01bbd47fc00a2c39e90264f33305004495a9","hash":"0eac5aad28b24335c07a8caa94444f17d9e93bca"}
,"C:\\Users\\Hamzah\\Documents\\Data_D\\Belajar Program\\Havktiv8\\Phase-3\\Week-3\\Final-Project-Backend\\Backend_BarberDelivery\\middleware\\customersAuth.js": {"path":"C:\\Users\\Hamzah\\Documents\\Data_D\\Belajar Program\\Havktiv8\\Phase-3\\Week-3\\Final-Project-Backend\\Backend_BarberDelivery\\middleware\\customersAuth.js","statementMap":{"0":{"start":{"line":1,"column":24},"end":{"line":1,"column":49}},"1":{"start":{"line":2,"column":21},"end":{"line":2,"column":47}},"2":{"start":{"line":4,"column":31},"end":{"line":27,"column":1}},"3":{"start":{"line":5,"column":2},"end":{"line":26,"column":3}},"4":{"start":{"line":6,"column":29},"end":{"line":6,"column":40}},"5":{"start":{"line":8,"column":4},"end":{"line":10,"column":5}},"6":{"start":{"line":9,"column":6},"end":{"line":9,"column":38}},"7":{"start":{"line":12,"column":22},"end":{"line":12,"column":47}},"8":{"start":{"line":14,"column":25},"end":{"line":14,"column":62}},"9":{"start":{"line":16,"column":4},"end":{"line":18,"column":5}},"10":{"start":{"line":17,"column":6},"end":{"line":17,"column":38}},"11":{"start":{"line":20,"column":4},"end":{"line":20,"column":32}},"12":{"start":{"line":22,"column":4},"end":{"line":22,"column":11}},"13":{"start":{"line":24,"column":4},"end":{"line":24,"column":21}},"14":{"start":{"line":25,"column":4},"end":{"line":25,"column":14}},"15":{"start":{"line":29,"column":0},"end":{"line":29,"column":44}}},"fnMap":{"0":{"name":"(anonymous_0)","decl":{"start":{"line":4,"column":31},"end":{"line":4,"column":32}},"loc":{"start":{"line":4,"column":57},"end":{"line":27,"column":1}},"line":4}},"branchMap":{"0":{"loc":{"start":{"line":8,"column":4},"end":{"line":10,"column":5}},"type":"if","locations":[{"start":{"line":8,"column":4},"end":{"line":10,"column":5}},{"start":{},"end":{}}],"line":8},"1":{"loc":{"start":{"line":16,"column":4},"end":{"line":18,"column":5}},"type":"if","locations":[{"start":{"line":16,"column":4},"end":{"line":18,"column":5}},{"start":{},"end":{}}],"line":16}},"s":{"0":3,"1":3,"2":3,"3":0,"4":0,"5":0,"6":0,"7":0,"8":0,"9":0,"10":0,"11":0,"12":0,"13":0,"14":0,"15":3},"f":{"0":0},"b":{"0":[0,0],"1":[0,0]},"_coverageSchema":"1a1c01bbd47fc00a2c39e90264f33305004495a9","hash":"cc6ecf605632a7c470d36a7c38de62334184b784"}
,"C:\\Users\\Hamzah\\Documents\\Data_D\\Belajar Program\\Havktiv8\\Phase-3\\Week-3\\Final-Project-Backend\\Backend_BarberDelivery\\middleware\\errorHandler.js": {"path":"C:\\Users\\Hamzah\\Documents\\Data_D\\Belajar Program\\Havktiv8\\Phase-3\\Week-3\\Final-Project-Backend\\Backend_BarberDelivery\\middleware\\errorHandler.js","statementMap":{"0":{"start":{"line":2,"column":2},"end":{"line":34,"column":3}},"1":{"start":{"line":3,"column":4},"end":{"line":3,"column":59}},"2":{"start":{"line":4,"column":9},"end":{"line":34,"column":3}},"3":{"start":{"line":5,"column":4},"end":{"line":5,"column":56}},"4":{"start":{"line":6,"column":9},"end":{"line":34,"column":3}},"5":{"start":{"line":7,"column":4},"end":{"line":7,"column":59}},"6":{"start":{"line":8,"column":9},"end":{"line":34,"column":3}},"7":{"start":{"line":9,"column":20},"end":{"line":11,"column":6}},"8":{"start":{"line":10,"column":6},"end":{"line":10,"column":24}},"9":{"start":{"line":12,"column":4},"end":{"line":12,"column":49}},"10":{"start":{"line":13,"column":9},"end":{"line":34,"column":3}},"11":{"start":{"line":14,"column":4},"end":{"line":16,"column":7}},"12":{"start":{"line":17,"column":9},"end":{"line":34,"column":3}},"13":{"start":{"line":18,"column":27},"end":{"line":18,"column":48}},"14":{"start":{"line":19,"column":4},"end":{"line":21,"column":7}},"15":{"start":{"line":22,"column":9},"end":{"line":34,"column":3}},"16":{"start":{"line":23,"column":4},"end":{"line":25,"column":7}},"17":{"start":{"line":26,"column":9},"end":{"line":34,"column":3}},"18":{"start":{"line":27,"column":4},"end":{"line":27,"column":80}},"19":{"start":{"line":28,"column":9},"end":{"line":34,"column":3}},"20":{"start":{"line":29,"column":4},"end":{"line":29,"column":64}},"21":{"start":{"line":30,"column":9},"end":{"line":34,"column":3}},"22":{"start":{"line":31,"column":4},"end":{"line":31,"column":55}},"23":{"start":{"line":33,"column":4},"end":{"line":33,"column":100}},"24":{"start":{"line":37,"column":0},"end":{"line":37,"column":30}}},"fnMap":{"0":{"name":"errorHandler","decl":{"start":{"line":1,"column":9},"end":{"line":1,"column":21}},"loc":{"start":{"line":1,"column":43},"end":{"line":35,"column":1}},"line":1},"1":{"name":"(anonymous_1)","decl":{"start":{"line":9,"column":35},"end":{"line":9,"column":36}},"loc":{"start":{"line":9,"column":43},"end":{"line":11,"column":5}},"line":9}},"branchMap":{"0":{"loc":{"start":{"line":2,"column":2},"end":{"line":34,"column":3}},"type":"if","locations":[{"start":{"line":2,"column":2},"end":{"line":34,"column":3}},{"start":{"line":4,"column":9},"end":{"line":34,"column":3}}],"line":2},"1":{"loc":{"start":{"line":4,"column":9},"end":{"line":34,"column":3}},"type":"if","locations":[{"start":{"line":4,"column":9},"end":{"line":34,"column":3}},{"start":{"line":6,"column":9},"end":{"line":34,"column":3}}],"line":4},"2":{"loc":{"start":{"line":6,"column":9},"end":{"line":34,"column":3}},"type":"if","locations":[{"start":{"line":6,"column":9},"end":{"line":34,"column":3}},{"start":{"line":8,"column":9},"end":{"line":34,"column":3}}],"line":6},"3":{"loc":{"start":{"line":8,"column":9},"end":{"line":34,"column":3}},"type":"if","locations":[{"start":{"line":8,"column":9},"end":{"line":34,"column":3}},{"start":{"line":13,"column":9},"end":{"line":34,"column":3}}],"line":8},"4":{"loc":{"start":{"line":13,"column":9},"end":{"line":34,"column":3}},"type":"if","locations":[{"start":{"line":13,"column":9},"end":{"line":34,"column":3}},{"start":{"line":17,"column":9},"end":{"line":34,"column":3}}],"line":13},"5":{"loc":{"start":{"line":17,"column":9},"end":{"line":34,"column":3}},"type":"if","locations":[{"start":{"line":17,"column":9},"end":{"line":34,"column":3}},{"start":{"line":22,"column":9},"end":{"line":34,"column":3}}],"line":17},"6":{"loc":{"start":{"line":22,"column":9},"end":{"line":34,"column":3}},"type":"if","locations":[{"start":{"line":22,"column":9},"end":{"line":34,"column":3}},{"start":{"line":26,"column":9},"end":{"line":34,"column":3}}],"line":22},"7":{"loc":{"start":{"line":26,"column":9},"end":{"line":34,"column":3}},"type":"if","locations":[{"start":{"line":26,"column":9},"end":{"line":34,"column":3}},{"start":{"line":28,"column":9},"end":{"line":34,"column":3}}],"line":26},"8":{"loc":{"start":{"line":28,"column":9},"end":{"line":34,"column":3}},"type":"if","locations":[{"start":{"line":28,"column":9},"end":{"line":34,"column":3}},{"start":{"line":30,"column":9},"end":{"line":34,"column":3}}],"line":28},"9":{"loc":{"start":{"line":30,"column":9},"end":{"line":34,"column":3}},"type":"if","locations":[{"start":{"line":30,"column":9},"end":{"line":34,"column":3}},{"start":{"line":32,"column":9},"end":{"line":34,"column":3}}],"line":30},"10":{"loc":{"start":{"line":30,"column":13},"end":{"line":30,"column":77}},"type":"binary-expr","locations":[{"start":{"line":30,"column":13},"end":{"line":30,"column":41}},{"start":{"line":30,"column":45},"end":{"line":30,"column":77}}],"line":30}},"s":{"0":13,"1":0,"2":13,"3":0,"4":13,"5":0,"6":13,"7":5,"8":6,"9":5,"10":8,"11":0,"12":8,"13":2,"14":2,"15":6,"16":0,"17":6,"18":0,"19":6,"20":6,"21":0,"22":0,"23":0,"24":3},"f":{"0":13,"1":6},"b":{"0":[0,13],"1":[0,13],"2":[0,13],"3":[5,8],"4":[0,8],"5":[2,6],"6":[0,6],"7":[0,6],"8":[6,0],"9":[0,0],"10":[0,0]},"_coverageSchema":"1a1c01bbd47fc00a2c39e90264f33305004495a9","hash":"a486f919c717b1a9e840316bf01e6833be7a830e"}
,"C:\\Users\\Hamzah\\Documents\\Data_D\\Belajar Program\\Havktiv8\\Phase-3\\Week-3\\Final-Project-Backend\\Backend_BarberDelivery\\models\\admin.js": {"path":"C:\\Users\\Hamzah\\Documents\\Data_D\\Belajar Program\\Havktiv8\\Phase-3\\Week-3\\Final-Project-Backend\\Backend_BarberDelivery\\models\\admin.js","statementMap":{"0":{"start":{"line":2,"column":18},"end":{"line":2,"column":38}},"1":{"start":{"line":3,"column":0},"end":{"line":72,"column":2}},"2":{"start":{"line":14,"column":2},"end":{"line":70,"column":4}},"3":{"start":{"line":71,"column":2},"end":{"line":71,"column":15}}},"fnMap":{"0":{"name":"(anonymous_0)","decl":{"start":{"line":3,"column":17},"end":{"line":3,"column":18}},"loc":{"start":{"line":3,"column":43},"end":{"line":72,"column":1}},"line":3},"1":{"name":"(anonymous_1)","decl":{"start":{"line":10,"column":4},"end":{"line":10,"column":5}},"loc":{"start":{"line":10,"column":29},"end":{"line":12,"column":5}},"line":10}},"branchMap":{},"s":{"0":3,"1":3,"2":3,"3":3},"f":{"0":3,"1":3},"b":{},"_coverageSchema":"1a1c01bbd47fc00a2c39e90264f33305004495a9","hash":"3d70d33fa39ad35c6af3b747f3cb0a4ac9f8d7a6"}
,"C:\\Users\\Hamzah\\Documents\\Data_D\\Belajar Program\\Havktiv8\\Phase-3\\Week-3\\Final-Project-Backend\\Backend_BarberDelivery\\models\\barber.js": {"path":"C:\\Users\\Hamzah\\Documents\\Data_D\\Belajar Program\\Havktiv8\\Phase-3\\Week-3\\Final-Project-Backend\\Backend_BarberDelivery\\models\\barber.js","statementMap":{"0":{"start":{"line":2,"column":18},"end":{"line":2,"column":38}},"1":{"start":{"line":3,"column":17},"end":{"line":3,"column":45}},"2":{"start":{"line":4,"column":0},"end":{"line":79,"column":2}},"3":{"start":{"line":7,"column":6},"end":{"line":7,"column":100}},"4":{"start":{"line":8,"column":6},"end":{"line":8,"column":97}},"5":{"start":{"line":11,"column":2},"end":{"line":74,"column":4}},"6":{"start":{"line":75,"column":2},"end":{"line":77,"column":5}},"7":{"start":{"line":76,"column":4},"end":{"line":76,"column":44}},"8":{"start":{"line":78,"column":2},"end":{"line":78,"column":16}}},"fnMap":{"0":{"name":"(anonymous_0)","decl":{"start":{"line":4,"column":17},"end":{"line":4,"column":18}},"loc":{"start":{"line":4,"column":43},"end":{"line":79,"column":1}},"line":4},"1":{"name":"(anonymous_1)","decl":{"start":{"line":6,"column":4},"end":{"line":6,"column":5}},"loc":{"start":{"line":6,"column":29},"end":{"line":9,"column":5}},"line":6},"2":{"name":"(anonymous_2)","decl":{"start":{"line":75,"column":22},"end":{"line":75,"column":23}},"loc":{"start":{"line":75,"column":34},"end":{"line":77,"column":3}},"line":75}},"branchMap":{},"s":{"0":3,"1":3,"2":3,"3":3,"4":3,"5":3,"6":3,"7":0,"8":3},"f":{"0":3,"1":3,"2":0},"b":{},"_coverageSchema":"1a1c01bbd47fc00a2c39e90264f33305004495a9","hash":"de210341a028141d5d19ff27af8fbb6ce64938dc"}
,"C:\\Users\\Hamzah\\Documents\\Data_D\\Belajar Program\\Havktiv8\\Phase-3\\Week-3\\Final-Project-Backend\\Backend_BarberDelivery\\models\\customer.js": {"path":"C:\\Users\\Hamzah\\Documents\\Data_D\\Belajar Program\\Havktiv8\\Phase-3\\Week-3\\Final-Project-Backend\\Backend_BarberDelivery\\models\\customer.js","statementMap":{"0":{"start":{"line":2,"column":18},"end":{"line":2,"column":38}},"1":{"start":{"line":3,"column":17},"end":{"line":3,"column":45}},"2":{"start":{"line":4,"column":0},"end":{"line":74,"column":2}},"3":{"start":{"line":7,"column":6},"end":{"line":7,"column":102}},"4":{"start":{"line":10,"column":2},"end":{"line":69,"column":4}},"5":{"start":{"line":70,"column":2},"end":{"line":72,"column":5}},"6":{"start":{"line":71,"column":4},"end":{"line":71,"column":48}},"7":{"start":{"line":73,"column":2},"end":{"line":73,"column":18}}},"fnMap":{"0":{"name":"(anonymous_0)","decl":{"start":{"line":4,"column":17},"end":{"line":4,"column":18}},"loc":{"start":{"line":4,"column":43},"end":{"line":74,"column":1}},"line":4},"1":{"name":"(anonymous_1)","decl":{"start":{"line":6,"column":4},"end":{"line":6,"column":5}},"loc":{"start":{"line":6,"column":29},"end":{"line":8,"column":5}},"line":6},"2":{"name":"(anonymous_2)","decl":{"start":{"line":70,"column":24},"end":{"line":70,"column":25}},"loc":{"start":{"line":70,"column":38},"end":{"line":72,"column":3}},"line":70}},"branchMap":{},"s":{"0":3,"1":3,"2":3,"3":3,"4":3,"5":3,"6":3,"7":3},"f":{"0":3,"1":3,"2":3},"b":{},"_coverageSchema":"1a1c01bbd47fc00a2c39e90264f33305004495a9","hash":"2d0ad5b095e0ee01ed5ff54667d5fb58658d8ccc"}
,"C:\\Users\\Hamzah\\Documents\\Data_D\\Belajar Program\\Havktiv8\\Phase-3\\Week-3\\Final-Project-Backend\\Backend_BarberDelivery\\models\\index.js": {"path":"C:\\Users\\Hamzah\\Documents\\Data_D\\Belajar Program\\Havktiv8\\Phase-3\\Week-3\\Final-Project-Backend\\Backend_BarberDelivery\\models\\index.js","statementMap":{"0":{"start":{"line":3,"column":11},"end":{"line":3,"column":24}},"1":{"start":{"line":4,"column":13},"end":{"line":4,"column":28}},"2":{"start":{"line":5,"column":18},"end":{"line":5,"column":38}},"3":{"start":{"line":6,"column":16},"end":{"line":6,"column":34}},"4":{"start":{"line":7,"column":17},"end":{"line":7,"column":42}},"5":{"start":{"line":8,"column":12},"end":{"line":8,"column":49}},"6":{"start":{"line":9,"column":15},"end":{"line":9,"column":65}},"7":{"start":{"line":10,"column":11},"end":{"line":10,"column":13}},"8":{"start":{"line":13,"column":0},"end":{"line":17,"column":1}},"9":{"start":{"line":14,"column":2},"end":{"line":14,"column":74}},"10":{"start":{"line":16,"column":2},"end":{"line":16,"column":87}},"11":{"start":{"line":19,"column":0},"end":{"line":32,"column":5}},"12":{"start":{"line":22,"column":4},"end":{"line":27,"column":6}},"13":{"start":{"line":30,"column":18},"end":{"line":30,"column":85}},"14":{"start":{"line":31,"column":4},"end":{"line":31,"column":27}},"15":{"start":{"line":34,"column":0},"end":{"line":38,"column":3}},"16":{"start":{"line":35,"column":2},"end":{"line":37,"column":3}},"17":{"start":{"line":36,"column":4},"end":{"line":36,"column":32}},"18":{"start":{"line":40,"column":0},"end":{"line":40,"column":25}},"19":{"start":{"line":41,"column":0},"end":{"line":41,"column":25}},"20":{"start":{"line":43,"column":0},"end":{"line":43,"column":20}}},"fnMap":{"0":{"name":"(anonymous_0)","decl":{"start":{"line":21,"column":10},"end":{"line":21,"column":11}},"loc":{"start":{"line":21,"column":18},"end":{"line":28,"column":3}},"line":21},"1":{"name":"(anonymous_1)","decl":{"start":{"line":29,"column":11},"end":{"line":29,"column":12}},"loc":{"start":{"line":29,"column":19},"end":{"line":32,"column":3}},"line":29},"2":{"name":"(anonymous_2)","decl":{"start":{"line":34,"column":24},"end":{"line":34,"column":25}},"loc":{"start":{"line":34,"column":37},"end":{"line":38,"column":1}},"line":34}},"branchMap":{"0":{"loc":{"start":{"line":8,"column":12},"end":{"line":8,"column":49}},"type":"binary-expr","locations":[{"start":{"line":8,"column":12},"end":{"line":8,"column":32}},{"start":{"line":8,"column":36},"end":{"line":8,"column":49}}],"line":8},"1":{"loc":{"start":{"line":13,"column":0},"end":{"line":17,"column":1}},"type":"if","locations":[{"start":{"line":13,"column":0},"end":{"line":17,"column":1}},{"start":{"line":15,"column":7},"end":{"line":17,"column":1}}],"line":13},"2":{"loc":{"start":{"line":23,"column":6},"end":{"line":26,"column":37}},"type":"binary-expr","locations":[{"start":{"line":23,"column":6},"end":{"line":23,"column":29}},{"start":{"line":24,"column":6},"end":{"line":24,"column":23}},{"start":{"line":25,"column":6},"end":{"line":25,"column":30}},{"start":{"line":26,"column":6},"end":{"line":26,"column":37}}],"line":23},"3":{"loc":{"start":{"line":35,"column":2},"end":{"line":37,"column":3}},"type":"if","locations":[{"start":{"line":35,"column":2},"end":{"line":37,"column":3}},{"start":{},"end":{}}],"line":35}},"s":{"0":3,"1":3,"2":3,"3":3,"4":3,"5":3,"6":3,"7":3,"8":3,"9":0,"10":3,"11":3,"12":24,"13":21,"14":21,"15":3,"16":21,"17":21,"18":3,"19":3,"20":3},"f":{"0":24,"1":21,"2":21},"b":{"0":[3,0],"1":[0,3],"2":[24,24,21,21],"3":[21,0]},"_coverageSchema":"1a1c01bbd47fc00a2c39e90264f33305004495a9","hash":"5be2722cd7910918aa49214e32ffabc708542315"}
,"C:\\Users\\Hamzah\\Documents\\Data_D\\Belajar Program\\Havktiv8\\Phase-3\\Week-3\\Final-Project-Backend\\Backend_BarberDelivery\\models\\schedule.js": {"path":"C:\\Users\\Hamzah\\Documents\\Data_D\\Belajar Program\\Havktiv8\\Phase-3\\Week-3\\Final-Project-Backend\\Backend_BarberDelivery\\models\\schedule.js","statementMap":{"0":{"start":{"line":2,"column":18},"end":{"line":2,"column":38}},"1":{"start":{"line":3,"column":0},"end":{"line":33,"column":2}},"2":{"start":{"line":12,"column":6},"end":{"line":12,"column":86}},"3":{"start":{"line":15,"column":2},"end":{"line":31,"column":4}},"4":{"start":{"line":32,"column":2},"end":{"line":32,"column":18}}},"fnMap":{"0":{"name":"(anonymous_0)","decl":{"start":{"line":3,"column":17},"end":{"line":3,"column":18}},"loc":{"start":{"line":3,"column":43},"end":{"line":33,"column":1}},"line":3},"1":{"name":"(anonymous_1)","decl":{"start":{"line":10,"column":4},"end":{"line":10,"column":5}},"loc":{"start":{"line":10,"column":29},"end":{"line":13,"column":5}},"line":10}},"branchMap":{},"s":{"0":3,"1":3,"2":3,"3":3,"4":3},"f":{"0":3,"1":3},"b":{},"_coverageSchema":"1a1c01bbd47fc00a2c39e90264f33305004495a9","hash":"05c6b29bc95d24423207ce9c1a25b365356e40e4"}
,"C:\\Users\\Hamzah\\Documents\\Data_D\\Belajar Program\\Havktiv8\\Phase-3\\Week-3\\Final-Project-Backend\\Backend_BarberDelivery\\models\\service.js": {"path":"C:\\Users\\Hamzah\\Documents\\Data_D\\Belajar Program\\Havktiv8\\Phase-3\\Week-3\\Final-Project-Backend\\Backend_BarberDelivery\\models\\service.js","statementMap":{"0":{"start":{"line":2,"column":18},"end":{"line":2,"column":38}},"1":{"start":{"line":3,"column":0},"end":{"line":45,"column":2}},"2":{"start":{"line":6,"column":6},"end":{"line":6,"column":50}},"3":{"start":{"line":9,"column":2},"end":{"line":43,"column":4}},"4":{"start":{"line":44,"column":2},"end":{"line":44,"column":17}}},"fnMap":{"0":{"name":"(anonymous_0)","decl":{"start":{"line":3,"column":17},"end":{"line":3,"column":18}},"loc":{"start":{"line":3,"column":43},"end":{"line":45,"column":1}},"line":3},"1":{"name":"(anonymous_1)","decl":{"start":{"line":5,"column":4},"end":{"line":5,"column":5}},"loc":{"start":{"line":5,"column":29},"end":{"line":7,"column":5}},"line":5}},"branchMap":{},"s":{"0":3,"1":3,"2":3,"3":3,"4":3},"f":{"0":3,"1":3},"b":{},"_coverageSchema":"1a1c01bbd47fc00a2c39e90264f33305004495a9","hash":"71441089fdae31c5c898486b4e09186625c099ca"}
,"C:\\Users\\Hamzah\\Documents\\Data_D\\Belajar Program\\Havktiv8\\Phase-3\\Week-3\\Final-Project-Backend\\Backend_BarberDelivery\\models\\servicestransaction.js": {"path":"C:\\Users\\Hamzah\\Documents\\Data_D\\Belajar Program\\Havktiv8\\Phase-3\\Week-3\\Final-Project-Backend\\Backend_BarberDelivery\\models\\servicestransaction.js","statementMap":{"0":{"start":{"line":2,"column":18},"end":{"line":2,"column":38}},"1":{"start":{"line":3,"column":0},"end":{"line":27,"column":2}},"2":{"start":{"line":12,"column":6},"end":{"line":12,"column":102}},"3":{"start":{"line":13,"column":6},"end":{"line":13,"column":98}},"4":{"start":{"line":16,"column":2},"end":{"line":25,"column":4}},"5":{"start":{"line":26,"column":2},"end":{"line":26,"column":29}}},"fnMap":{"0":{"name":"(anonymous_0)","decl":{"start":{"line":3,"column":17},"end":{"line":3,"column":18}},"loc":{"start":{"line":3,"column":43},"end":{"line":27,"column":1}},"line":3},"1":{"name":"(anonymous_1)","decl":{"start":{"line":10,"column":4},"end":{"line":10,"column":5}},"loc":{"start":{"line":10,"column":29},"end":{"line":14,"column":5}},"line":10}},"branchMap":{},"s":{"0":3,"1":3,"2":3,"3":3,"4":3,"5":3},"f":{"0":3,"1":3},"b":{},"_coverageSchema":"1a1c01bbd47fc00a2c39e90264f33305004495a9","hash":"6b0be472cd69f26c98528c2ddf91f3e11ba3083c"}
,"C:\\Users\\Hamzah\\Documents\\Data_D\\Belajar Program\\Havktiv8\\Phase-3\\Week-3\\Final-Project-Backend\\Backend_BarberDelivery\\models\\transaction.js": {"path":"C:\\Users\\Hamzah\\Documents\\Data_D\\Belajar Program\\Havktiv8\\Phase-3\\Week-3\\Final-Project-Backend\\Backend_BarberDelivery\\models\\transaction.js","statementMap":{"0":{"start":{"line":2,"column":18},"end":{"line":2,"column":38}},"1":{"start":{"line":3,"column":0},"end":{"line":31,"column":2}},"2":{"start":{"line":6,"column":6},"end":{"line":6,"column":91}},"3":{"start":{"line":7,"column":6},"end":{"line":7,"column":89}},"4":{"start":{"line":8,"column":6},"end":{"line":8,"column":113}},"5":{"start":{"line":11,"column":2},"end":{"line":29,"column":4}},"6":{"start":{"line":30,"column":2},"end":{"line":30,"column":21}}},"fnMap":{"0":{"name":"(anonymous_0)","decl":{"start":{"line":3,"column":17},"end":{"line":3,"column":18}},"loc":{"start":{"line":3,"column":43},"end":{"line":31,"column":1}},"line":3},"1":{"name":"(anonymous_1)","decl":{"start":{"line":5,"column":4},"end":{"line":5,"column":5}},"loc":{"start":{"line":5,"column":29},"end":{"line":9,"column":5}},"line":5}},"branchMap":{},"s":{"0":3,"1":3,"2":3,"3":3,"4":3,"5":3,"6":3},"f":{"0":3,"1":3},"b":{},"_coverageSchema":"1a1c01bbd47fc00a2c39e90264f33305004495a9","hash":"23cbd435766de2f0ccb40c0c3612e266d4a44768"}
,"C:\\Users\\Hamzah\\Documents\\Data_D\\Belajar Program\\Havktiv8\\Phase-3\\Week-3\\Final-Project-Backend\\Backend_BarberDelivery\\modelsMongo\\adminModel.js": {"path":"C:\\Users\\Hamzah\\Documents\\Data_D\\Belajar Program\\Havktiv8\\Phase-3\\Week-3\\Final-Project-Backend\\Backend_BarberDelivery\\modelsMongo\\adminModel.js","statementMap":{"0":{"start":{"line":1,"column":21},"end":{"line":1,"column":39}},"1":{"start":{"line":2,"column":24},"end":{"line":2,"column":67}},"2":{"start":{"line":6,"column":15},"end":{"line":6,"column":28}},"3":{"start":{"line":7,"column":19},"end":{"line":7,"column":42}},"4":{"start":{"line":8,"column":4},"end":{"line":8,"column":18}},"5":{"start":{"line":12,"column":4},"end":{"line":30,"column":5}},"6":{"start":{"line":13,"column":6},"end":{"line":15,"column":7}},"7":{"start":{"line":14,"column":8},"end":{"line":14,"column":76}},"8":{"start":{"line":16,"column":6},"end":{"line":18,"column":7}},"9":{"start":{"line":17,"column":8},"end":{"line":17,"column":70}},"10":{"start":{"line":19,"column":6},"end":{"line":21,"column":7}},"11":{"start":{"line":20,"column":8},"end":{"line":20,"column":76}},"12":{"start":{"line":23,"column":6},"end":{"line":27,"column":9}},"13":{"start":{"line":29,"column":6},"end":{"line":29,"column":16}},"14":{"start":{"line":34,"column":4},"end":{"line":37,"column":7}},"15":{"start":{"line":41,"column":4},"end":{"line":43,"column":7}},"16":{"start":{"line":47,"column":0},"end":{"line":47,"column":23}}},"fnMap":{"0":{"name":"(anonymous_0)","decl":{"start":{"line":5,"column":2},"end":{"line":5,"column":3}},"loc":{"start":{"line":5,"column":26},"end":{"line":9,"column":3}},"line":5},"1":{"name":"(anonymous_1)","decl":{"start":{"line":11,"column":2},"end":{"line":11,"column":3}},"loc":{"start":{"line":11,"column":31},"end":{"line":31,"column":3}},"line":11},"2":{"name":"(anonymous_2)","decl":{"start":{"line":33,"column":2},"end":{"line":33,"column":3}},"loc":{"start":{"line":33,"column":51},"end":{"line":38,"column":3}},"line":33},"3":{"name":"(anonymous_3)","decl":{"start":{"line":40,"column":2},"end":{"line":40,"column":3}},"loc":{"start":{"line":40,"column":38},"end":{"line":44,"column":3}},"line":40}},"branchMap":{"0":{"loc":{"start":{"line":13,"column":6},"end":{"line":15,"column":7}},"type":"if","locations":[{"start":{"line":13,"column":6},"end":{"line":15,"column":7}},{"start":{},"end":{}}],"line":13},"1":{"loc":{"start":{"line":16,"column":6},"end":{"line":18,"column":7}},"type":"if","locations":[{"start":{"line":16,"column":6},"end":{"line":18,"column":7}},{"start":{},"end":{}}],"line":16},"2":{"loc":{"start":{"line":19,"column":6},"end":{"line":21,"column":7}},"type":"if","locations":[{"start":{"line":19,"column":6},"end":{"line":21,"column":7}},{"start":{},"end":{}}],"line":19}},"s":{"0":3,"1":3,"2":0,"3":0,"4":0,"5":0,"6":0,"7":0,"8":0,"9":0,"10":0,"11":0,"12":0,"13":0,"14":0,"15":0,"16":3},"f":{"0":0,"1":0,"2":0,"3":0},"b":{"0":[0,0],"1":[0,0],"2":[0,0]},"_coverageSchema":"1a1c01bbd47fc00a2c39e90264f33305004495a9","hash":"ede7c02f039724a17bf2a7c435d5b03ce4fa55a1"}
,"C:\\Users\\Hamzah\\Documents\\Data_D\\Belajar Program\\Havktiv8\\Phase-3\\Week-3\\Final-Project-Backend\\Backend_BarberDelivery\\modelsMongo\\catalogModel.js": {"path":"C:\\Users\\Hamzah\\Documents\\Data_D\\Belajar Program\\Havktiv8\\Phase-3\\Week-3\\Final-Project-Backend\\Backend_BarberDelivery\\modelsMongo\\catalogModel.js","statementMap":{"0":{"start":{"line":1,"column":21},"end":{"line":1,"column":39}},"1":{"start":{"line":2,"column":24},"end":{"line":2,"column":67}},"2":{"start":{"line":6,"column":15},"end":{"line":6,"column":28}},"3":{"start":{"line":7,"column":23},"end":{"line":7,"column":50}},"4":{"start":{"line":8,"column":4},"end":{"line":8,"column":22}},"5":{"start":{"line":12,"column":4},"end":{"line":12,"column":50}},"6":{"start":{"line":16,"column":4},"end":{"line":26,"column":5}},"7":{"start":{"line":17,"column":6},"end":{"line":19,"column":7}},"8":{"start":{"line":18,"column":8},"end":{"line":18,"column":70}},"9":{"start":{"line":21,"column":6},"end":{"line":23,"column":9}},"10":{"start":{"line":25,"column":6},"end":{"line":25,"column":16}},"11":{"start":{"line":30,"column":4},"end":{"line":32,"column":7}},"12":{"start":{"line":36,"column":0},"end":{"line":36,"column":27}}},"fnMap":{"0":{"name":"(anonymous_0)","decl":{"start":{"line":5,"column":2},"end":{"line":5,"column":3}},"loc":{"start":{"line":5,"column":26},"end":{"line":9,"column":3}},"line":5},"1":{"name":"(anonymous_1)","decl":{"start":{"line":11,"column":2},"end":{"line":11,"column":3}},"loc":{"start":{"line":11,"column":33},"end":{"line":13,"column":3}},"line":11},"2":{"name":"(anonymous_2)","decl":{"start":{"line":15,"column":2},"end":{"line":15,"column":3}},"loc":{"start":{"line":15,"column":39},"end":{"line":27,"column":3}},"line":15},"3":{"name":"(anonymous_3)","decl":{"start":{"line":29,"column":2},"end":{"line":29,"column":3}},"loc":{"start":{"line":29,"column":45},"end":{"line":33,"column":3}},"line":29}},"branchMap":{"0":{"loc":{"start":{"line":17,"column":6},"end":{"line":19,"column":7}},"type":"if","locations":[{"start":{"line":17,"column":6},"end":{"line":19,"column":7}},{"start":{},"end":{}}],"line":17}},"s":{"0":3,"1":3,"2":0,"3":0,"4":0,"5":0,"6":0,"7":0,"8":0,"9":0,"10":0,"11":0,"12":3},"f":{"0":0,"1":0,"2":0,"3":0},"b":{"0":[0,0]},"_coverageSchema":"1a1c01bbd47fc00a2c39e90264f33305004495a9","hash":"33ce6be7624bd93aa260b1ee279df953805a7f1f"}
,"C:\\Users\\Hamzah\\Documents\\Data_D\\Belajar Program\\Havktiv8\\Phase-3\\Week-3\\Final-Project-Backend\\Backend_BarberDelivery\\routes\\barberRoutes.js": {"path":"C:\\Users\\Hamzah\\Documents\\Data_D\\Belajar Program\\Havktiv8\\Phase-3\\Week-3\\Final-Project-Backend\\Backend_BarberDelivery\\routes\\barberRoutes.js","statementMap":{"0":{"start":{"line":1,"column":16},"end":{"line":1,"column":34}},"1":{"start":{"line":2,"column":29},"end":{"line":2,"column":75}},"2":{"start":{"line":3,"column":33},"end":{"line":3,"column":68}},"3":{"start":{"line":4,"column":15},"end":{"line":4,"column":24}},"4":{"start":{"line":6,"column":0},"end":{"line":6,"column":50}},"5":{"start":{"line":8,"column":0},"end":{"line":8,"column":33}},"6":{"start":{"line":9,"column":0},"end":{"line":9,"column":74}},"7":{"start":{"line":10,"column":0},"end":{"line":10,"column":67}},"8":{"start":{"line":11,"column":0},"end":{"line":11,"column":58}},"9":{"start":{"line":12,"column":0},"end":{"line":12,"column":83}},"10":{"start":{"line":13,"column":0},"end":{"line":13,"column":89}},"11":{"start":{"line":14,"column":0},"end":{"line":14,"column":74}},"12":{"start":{"line":17,"column":0},"end":{"line":17,"column":24}}},"fnMap":{},"branchMap":{},"s":{"0":3,"1":3,"2":3,"3":3,"4":3,"5":3,"6":3,"7":3,"8":3,"9":3,"10":3,"11":3,"12":3},"f":{},"b":{},"_coverageSchema":"1a1c01bbd47fc00a2c39e90264f33305004495a9","hash":"6aabe07b28978d943829da666cff00bc0ba41558"}
,"C:\\Users\\Hamzah\\Documents\\Data_D\\Belajar Program\\Havktiv8\\Phase-3\\Week-3\\Final-Project-Backend\\Backend_BarberDelivery\\routes\\cmsRoutes.js": {"path":"C:\\Users\\Hamzah\\Documents\\Data_D\\Belajar Program\\Havktiv8\\Phase-3\\Week-3\\Final-Project-Backend\\Backend_BarberDelivery\\routes\\cmsRoutes.js","statementMap":{"0":{"start":{"line":1,"column":16},"end":{"line":1,"column":34}},"1":{"start":{"line":2,"column":22},"end":{"line":2,"column":65}},"2":{"start":{"line":3,"column":30},"end":{"line":3,"column":62}},"3":{"start":{"line":4,"column":15},"end":{"line":4,"column":24}},"4":{"start":{"line":6,"column":0},"end":{"line":6,"column":49}},"5":{"start":{"line":7,"column":0},"end":{"line":7,"column":43}},"6":{"start":{"line":8,"column":0},"end":{"line":8,"column":30}},"7":{"start":{"line":9,"column":0},"end":{"line":9,"column":54}},"8":{"start":{"line":10,"column":0},"end":{"line":10,"column":69}},"9":{"start":{"line":11,"column":0},"end":{"line":11,"column":86}},"10":{"start":{"line":12,"column":0},"end":{"line":12,"column":50}},"11":{"start":{"line":13,"column":0},"end":{"line":13,"column":49}},"12":{"start":{"line":14,"column":0},"end":{"line":14,"column":59}},"13":{"start":{"line":15,"column":0},"end":{"line":15,"column":58}},"14":{"start":{"line":16,"column":0},"end":{"line":16,"column":63}},"15":{"start":{"line":17,"column":0},"end":{"line":17,"column":56}},"16":{"start":{"line":18,"column":0},"end":{"line":18,"column":54}},"17":{"start":{"line":19,"column":0},"end":{"line":19,"column":76}},"18":{"start":{"line":21,"column":0},"end":{"line":21,"column":24}}},"fnMap":{},"branchMap":{},"s":{"0":3,"1":3,"2":3,"3":3,"4":3,"5":3,"6":3,"7":3,"8":3,"9":3,"10":3,"11":3,"12":3,"13":3,"14":3,"15":3,"16":3,"17":3,"18":3},"f":{},"b":{},"_coverageSchema":"1a1c01bbd47fc00a2c39e90264f33305004495a9","hash":"d2d8c7b22cce9b86b4342b34f8b83f0407d8b55c"}
,"C:\\Users\\Hamzah\\Documents\\Data_D\\Belajar Program\\Havktiv8\\Phase-3\\Week-3\\Final-Project-Backend\\Backend_BarberDelivery\\routes\\customerRoutes.js": {"path":"C:\\Users\\Hamzah\\Documents\\Data_D\\Belajar Program\\Havktiv8\\Phase-3\\Week-3\\Final-Project-Backend\\Backend_BarberDelivery\\routes\\customerRoutes.js","statementMap":{"0":{"start":{"line":1,"column":16},"end":{"line":1,"column":34}},"1":{"start":{"line":2,"column":31},"end":{"line":2,"column":79}},"2":{"start":{"line":3,"column":34},"end":{"line":3,"column":85}},"3":{"start":{"line":4,"column":35},"end":{"line":4,"column":73}},"4":{"start":{"line":5,"column":15},"end":{"line":5,"column":24}},"5":{"start":{"line":7,"column":0},"end":{"line":7,"column":61}},"6":{"start":{"line":8,"column":0},"end":{"line":8,"column":55}},"7":{"start":{"line":10,"column":0},"end":{"line":10,"column":35}},"8":{"start":{"line":11,"column":0},"end":{"line":11,"column":65}},"9":{"start":{"line":12,"column":0},"end":{"line":12,"column":76}},"10":{"start":{"line":13,"column":0},"end":{"line":13,"column":75}},"11":{"start":{"line":14,"column":0},"end":{"line":14,"column":74}},"12":{"start":{"line":15,"column":0},"end":{"line":15,"column":91}},"13":{"start":{"line":16,"column":0},"end":{"line":16,"column":70}},"14":{"start":{"line":17,"column":0},"end":{"line":17,"column":57}},"15":{"start":{"line":18,"column":0},"end":{"line":18,"column":65}},"16":{"start":{"line":20,"column":0},"end":{"line":20,"column":24}}},"fnMap":{},"branchMap":{},"s":{"0":3,"1":3,"2":3,"3":3,"4":3,"5":3,"6":3,"7":3,"8":3,"9":3,"10":3,"11":3,"12":3,"13":3,"14":3,"15":3,"16":3},"f":{},"b":{},"_coverageSchema":"1a1c01bbd47fc00a2c39e90264f33305004495a9","hash":"0f51f8d055c6e861b3ef4ae765f5aa9a8281cc9c"}
,"C:\\Users\\Hamzah\\Documents\\Data_D\\Belajar Program\\Havktiv8\\Phase-3\\Week-3\\Final-Project-Backend\\Backend_BarberDelivery\\routes\\index.js": {"path":"C:\\Users\\Hamzah\\Documents\\Data_D\\Belajar Program\\Havktiv8\\Phase-3\\Week-3\\Final-Project-Backend\\Backend_BarberDelivery\\routes\\index.js","statementMap":{"0":{"start":{"line":1,"column":16},"end":{"line":1,"column":34}},"1":{"start":{"line":2,"column":15},"end":{"line":2,"column":24}},"2":{"start":{"line":5,"column":23},"end":{"line":5,"column":50}},"3":{"start":{"line":6,"column":21},"end":{"line":6,"column":46}},"4":{"start":{"line":7,"column":20},"end":{"line":7,"column":42}},"5":{"start":{"line":8,"column":0},"end":{"line":8,"column":40}},"6":{"start":{"line":9,"column":0},"end":{"line":9,"column":36}},"7":{"start":{"line":10,"column":0},"end":{"line":10,"column":34}},"8":{"start":{"line":12,"column":0},"end":{"line":12,"column":24}}},"fnMap":{},"branchMap":{},"s":{"0":3,"1":3,"2":3,"3":3,"4":3,"5":3,"6":3,"7":3,"8":3},"f":{},"b":{},"_coverageSchema":"1a1c01bbd47fc00a2c39e90264f33305004495a9","hash":"7dcc502f54f95090ec0ee87831dc8f5c8ee13c84"}
}
