{"C:\\Users\\Hamzah\\Documents\\Data_D\\Belajar Program\\Havktiv8\\Phase-3\\Week-3\\Final-Project-Backend\\Backend_BarberDelivery\\app.js": {"path":"C:\\Users\\Hamzah\\Documents\\Data_D\\Belajar Program\\Havktiv8\\Phase-3\\Week-3\\Final-Project-Backend\\Backend_BarberDelivery\\app.js","statementMap":{"0":{"start":{"line":1,"column":0},"end":{"line":3,"column":1}},"1":{"start":{"line":2,"column":2},"end":{"line":2,"column":29}},"2":{"start":{"line":5,"column":16},"end":{"line":5,"column":34}},"3":{"start":{"line":6,"column":13},"end":{"line":6,"column":28}},"4":{"start":{"line":7,"column":21},"end":{"line":7,"column":57}},"5":{"start":{"line":8,"column":25},"end":{"line":8,"column":67}},"6":{"start":{"line":9,"column":12},"end":{"line":9,"column":21}},"7":{"start":{"line":10,"column":13},"end":{"line":10,"column":37}},"8":{"start":{"line":11,"column":15},"end":{"line":11,"column":34}},"9":{"start":{"line":13,"column":0},"end":{"line":13,"column":24}},"10":{"start":{"line":15,"column":0},"end":{"line":15,"column":16}},"11":{"start":{"line":17,"column":0},"end":{"line":17,"column":48}},"12":{"start":{"line":19,"column":0},"end":{"line":19,"column":21}},"13":{"start":{"line":20,"column":0},"end":{"line":20,"column":22}},"14":{"start":{"line":22,"column":0},"end":{"line":29,"column":5}},"15":{"start":{"line":23,"column":2},"end":{"line":28,"column":3}},"16":{"start":{"line":24,"column":4},"end":{"line":24,"column":25}},"17":{"start":{"line":27,"column":4},"end":{"line":27,"column":48}},"18":{"start":{"line":31,"column":0},"end":{"line":31,"column":21}}},"fnMap":{"0":{"name":"(anonymous_0)","decl":{"start":{"line":22,"column":1},"end":{"line":22,"column":2}},"loc":{"start":{"line":22,"column":13},"end":{"line":29,"column":1}},"line":22}},"branchMap":{"0":{"loc":{"start":{"line":1,"column":0},"end":{"line":3,"column":1}},"type":"if","locations":[{"start":{"line":1,"column":0},"end":{"line":3,"column":1}},{"start":{},"end":{}}],"line":1},"1":{"loc":{"start":{"line":10,"column":13},"end":{"line":10,"column":37}},"type":"binary-expr","locations":[{"start":{"line":10,"column":13},"end":{"line":10,"column":29}},{"start":{"line":10,"column":33},"end":{"line":10,"column":37}}],"line":10}},"s":{"0":5,"1":5,"2":5,"3":5,"4":5,"5":5,"6":5,"7":5,"8":5,"9":5,"10":5,"11":5,"12":5,"13":5,"14":5,"15":5,"16":5,"17":0,"18":5},"f":{"0":5},"b":{"0":[5,0],"1":[5,5]},"_coverageSchema":"1a1c01bbd47fc00a2c39e90264f33305004495a9","hash":"11f1a468ce207229aaec7964f3aa10f43c701661"}
,"C:\\Users\\Hamzah\\Documents\\Data_D\\Belajar Program\\Havktiv8\\Phase-3\\Week-3\\Final-Project-Backend\\Backend_BarberDelivery\\configMongodb\\mongoConnection.js": {"path":"C:\\Users\\Hamzah\\Documents\\Data_D\\Belajar Program\\Havktiv8\\Phase-3\\Week-3\\Final-Project-Backend\\Backend_BarberDelivery\\configMongodb\\mongoConnection.js","statementMap":{"0":{"start":{"line":1,"column":24},"end":{"line":1,"column":42}},"1":{"start":{"line":4,"column":25},"end":{"line":4,"column":98}},"2":{"start":{"line":6,"column":9},"end":{"line":6,"column":13}},"3":{"start":{"line":8,"column":21},"end":{"line":20,"column":1}},"4":{"start":{"line":9,"column":17},"end":{"line":9,"column":50}},"5":{"start":{"line":11,"column":2},"end":{"line":19,"column":3}},"6":{"start":{"line":12,"column":21},"end":{"line":12,"column":43}},"7":{"start":{"line":14,"column":4},"end":{"line":14,"column":18}},"8":{"start":{"line":16,"column":4},"end":{"line":16,"column":20}},"9":{"start":{"line":18,"column":4},"end":{"line":18,"column":25}},"10":{"start":{"line":22,"column":20},"end":{"line":22,"column":28}},"11":{"start":{"line":22,"column":26},"end":{"line":22,"column":28}},"12":{"start":{"line":24,"column":0},"end":{"line":28,"column":2}}},"fnMap":{"0":{"name":"(anonymous_0)","decl":{"start":{"line":8,"column":21},"end":{"line":8,"column":22}},"loc":{"start":{"line":8,"column":33},"end":{"line":20,"column":1}},"line":8},"1":{"name":"(anonymous_1)","decl":{"start":{"line":22,"column":20},"end":{"line":22,"column":21}},"loc":{"start":{"line":22,"column":26},"end":{"line":22,"column":28}},"line":22}},"branchMap":{},"s":{"0":5,"1":5,"2":5,"3":5,"4":5,"5":5,"6":5,"7":5,"8":5,"9":0,"10":5,"11":28,"12":5},"f":{"0":5,"1":28},"b":{},"_coverageSchema":"1a1c01bbd47fc00a2c39e90264f33305004495a9","hash":"867af8a632d786a4caf35e845138df0f4e30f6f5"}
,"C:\\Users\\Hamzah\\Documents\\Data_D\\Belajar Program\\Havktiv8\\Phase-3\\Week-3\\Final-Project-Backend\\Backend_BarberDelivery\\controllers\\barberMainController.js": {"path":"C:\\Users\\Hamzah\\Documents\\Data_D\\Belajar Program\\Havktiv8\\Phase-3\\Week-3\\Final-Project-Backend\\Backend_BarberDelivery\\controllers\\barberMainController.js","statementMap":{"0":{"start":{"line":1,"column":20},"end":{"line":1,"column":37}},"1":{"start":{"line":2,"column":24},"end":{"line":2,"column":49}},"2":{"start":{"line":3,"column":88},"end":{"line":3,"column":114}},"3":{"start":{"line":7,"column":4},"end":{"line":49,"column":5}},"4":{"start":{"line":8,"column":34},"end":{"line":8,"column":42}},"5":{"start":{"line":11,"column":6},"end":{"line":13,"column":7}},"6":{"start":{"line":12,"column":8},"end":{"line":12,"column":41}},"7":{"start":{"line":15,"column":6},"end":{"line":17,"column":7}},"8":{"start":{"line":16,"column":8},"end":{"line":16,"column":44}},"9":{"start":{"line":19,"column":24},"end":{"line":23,"column":8}},"10":{"start":{"line":25,"column":6},"end":{"line":27,"column":7}},"11":{"start":{"line":26,"column":8},"end":{"line":26,"column":40}},"12":{"start":{"line":29,"column":25},"end":{"line":29,"column":70}},"13":{"start":{"line":30,"column":6},"end":{"line":32,"column":7}},"14":{"start":{"line":31,"column":8},"end":{"line":31,"column":40}},"15":{"start":{"line":35,"column":25},"end":{"line":37,"column":8}},"16":{"start":{"line":39,"column":34},"end":{"line":39,"column":54}},"17":{"start":{"line":41,"column":6},"end":{"line":44,"column":9}},"18":{"start":{"line":47,"column":6},"end":{"line":47,"column":23}},"19":{"start":{"line":48,"column":6},"end":{"line":48,"column":16}},"20":{"start":{"line":54,"column":4},"end":{"line":72,"column":5}},"21":{"start":{"line":55,"column":33},"end":{"line":55,"column":41}},"22":{"start":{"line":57,"column":6},"end":{"line":66,"column":8}},"23":{"start":{"line":68,"column":6},"end":{"line":68,"column":75}},"24":{"start":{"line":71,"column":6},"end":{"line":71,"column":16}},"25":{"start":{"line":77,"column":4},"end":{"line":87,"column":5}},"26":{"start":{"line":78,"column":27},"end":{"line":82,"column":8}},"27":{"start":{"line":84,"column":6},"end":{"line":84,"column":41}},"28":{"start":{"line":86,"column":6},"end":{"line":86,"column":16}},"29":{"start":{"line":91,"column":4},"end":{"line":109,"column":5}},"30":{"start":{"line":92,"column":30},"end":{"line":92,"column":40}},"31":{"start":{"line":94,"column":30},"end":{"line":100,"column":8}},"32":{"start":{"line":102,"column":6},"end":{"line":104,"column":7}},"33":{"start":{"line":103,"column":8},"end":{"line":103,"column":41}},"34":{"start":{"line":106,"column":6},"end":{"line":106,"column":44}},"35":{"start":{"line":108,"column":6},"end":{"line":108,"column":16}},"36":{"start":{"line":113,"column":4},"end":{"line":142,"column":5}},"37":{"start":{"line":114,"column":30},"end":{"line":114,"column":40}},"38":{"start":{"line":115,"column":25},"end":{"line":115,"column":33}},"39":{"start":{"line":117,"column":29},"end":{"line":121,"column":8}},"40":{"start":{"line":123,"column":6},"end":{"line":125,"column":7}},"41":{"start":{"line":124,"column":8},"end":{"line":124,"column":41}},"42":{"start":{"line":127,"column":38},"end":{"line":137,"column":7}},"43":{"start":{"line":139,"column":6},"end":{"line":139,"column":77}},"44":{"start":{"line":141,"column":6},"end":{"line":141,"column":16}},"45":{"start":{"line":148,"column":4},"end":{"line":155,"column":5}},"46":{"start":{"line":149,"column":24},"end":{"line":151,"column":8}},"47":{"start":{"line":152,"column":6},"end":{"line":152,"column":38}},"48":{"start":{"line":154,"column":6},"end":{"line":154,"column":16}},"49":{"start":{"line":159,"column":4},"end":{"line":189,"column":5}},"50":{"start":{"line":160,"column":29},"end":{"line":160,"column":39}},"51":{"start":{"line":161,"column":25},"end":{"line":161,"column":33}},"52":{"start":{"line":162,"column":28},"end":{"line":167,"column":8}},"53":{"start":{"line":169,"column":6},"end":{"line":171,"column":7}},"54":{"start":{"line":170,"column":8},"end":{"line":170,"column":41}},"55":{"start":{"line":173,"column":30},"end":{"line":183,"column":7}},"56":{"start":{"line":185,"column":6},"end":{"line":185,"column":75}},"57":{"start":{"line":187,"column":6},"end":{"line":187,"column":23}},"58":{"start":{"line":188,"column":6},"end":{"line":188,"column":16}},"59":{"start":{"line":193,"column":0},"end":{"line":193,"column":38}}},"fnMap":{"0":{"name":"(anonymous_0)","decl":{"start":{"line":6,"column":2},"end":{"line":6,"column":3}},"loc":{"start":{"line":6,"column":37},"end":{"line":50,"column":3}},"line":6},"1":{"name":"(anonymous_1)","decl":{"start":{"line":53,"column":2},"end":{"line":53,"column":3}},"loc":{"start":{"line":53,"column":51},"end":{"line":73,"column":3}},"line":53},"2":{"name":"(anonymous_2)","decl":{"start":{"line":76,"column":2},"end":{"line":76,"column":3}},"loc":{"start":{"line":76,"column":49},"end":{"line":88,"column":3}},"line":76},"3":{"name":"(anonymous_3)","decl":{"start":{"line":90,"column":2},"end":{"line":90,"column":3}},"loc":{"start":{"line":90,"column":50},"end":{"line":110,"column":3}},"line":90},"4":{"name":"(anonymous_4)","decl":{"start":{"line":112,"column":2},"end":{"line":112,"column":3}},"loc":{"start":{"line":112,"column":54},"end":{"line":143,"column":3}},"line":112},"5":{"name":"(anonymous_5)","decl":{"start":{"line":147,"column":2},"end":{"line":147,"column":3}},"loc":{"start":{"line":147,"column":43},"end":{"line":156,"column":3}},"line":147},"6":{"name":"(anonymous_6)","decl":{"start":{"line":158,"column":2},"end":{"line":158,"column":3}},"loc":{"start":{"line":158,"column":45},"end":{"line":190,"column":3}},"line":158}},"branchMap":{"0":{"loc":{"start":{"line":11,"column":6},"end":{"line":13,"column":7}},"type":"if","locations":[{"start":{"line":11,"column":6},"end":{"line":13,"column":7}},{"start":{},"end":{}}],"line":11},"1":{"loc":{"start":{"line":15,"column":6},"end":{"line":17,"column":7}},"type":"if","locations":[{"start":{"line":15,"column":6},"end":{"line":17,"column":7}},{"start":{},"end":{}}],"line":15},"2":{"loc":{"start":{"line":25,"column":6},"end":{"line":27,"column":7}},"type":"if","locations":[{"start":{"line":25,"column":6},"end":{"line":27,"column":7}},{"start":{},"end":{}}],"line":25},"3":{"loc":{"start":{"line":30,"column":6},"end":{"line":32,"column":7}},"type":"if","locations":[{"start":{"line":30,"column":6},"end":{"line":32,"column":7}},{"start":{},"end":{}}],"line":30},"4":{"loc":{"start":{"line":102,"column":6},"end":{"line":104,"column":7}},"type":"if","locations":[{"start":{"line":102,"column":6},"end":{"line":104,"column":7}},{"start":{},"end":{}}],"line":102},"5":{"loc":{"start":{"line":123,"column":6},"end":{"line":125,"column":7}},"type":"if","locations":[{"start":{"line":123,"column":6},"end":{"line":125,"column":7}},{"start":{},"end":{}}],"line":123},"6":{"loc":{"start":{"line":169,"column":6},"end":{"line":171,"column":7}},"type":"if","locations":[{"start":{"line":169,"column":6},"end":{"line":171,"column":7}},{"start":{},"end":{}}],"line":169}},"s":{"0":5,"1":5,"2":5,"3":5,"4":5,"5":5,"6":1,"7":4,"8":1,"9":3,"10":3,"11":1,"12":2,"13":2,"14":1,"15":1,"16":1,"17":1,"18":4,"19":4,"20":1,"21":1,"22":1,"23":1,"24":0,"25":1,"26":1,"27":1,"28":0,"29":3,"30":3,"31":3,"32":3,"33":3,"34":0,"35":3,"36":1,"37":1,"38":1,"39":1,"40":1,"41":1,"42":0,"43":0,"44":1,"45":1,"46":1,"47":1,"48":0,"49":2,"50":2,"51":2,"52":2,"53":2,"54":2,"55":0,"56":0,"57":2,"58":2,"59":5},"f":{"0":5,"1":1,"2":1,"3":3,"4":1,"5":1,"6":2},"b":{"0":[1,4],"1":[1,3],"2":[1,2],"3":[1,1],"4":[3,0],"5":[1,0],"6":[2,0]},"_coverageSchema":"1a1c01bbd47fc00a2c39e90264f33305004495a9","hash":"5efe8d2a6e7f3b6a4bd2720a903ad4f894a22922"}
,"C:\\Users\\Hamzah\\Documents\\Data_D\\Belajar Program\\Havktiv8\\Phase-3\\Week-3\\Final-Project-Backend\\Backend_BarberDelivery\\controllers\\cmsMainController.js": {"path":"C:\\Users\\Hamzah\\Documents\\Data_D\\Belajar Program\\Havktiv8\\Phase-3\\Week-3\\Final-Project-Backend\\Backend_BarberDelivery\\controllers\\cmsMainController.js","statementMap":{"0":{"start":{"line":1,"column":20},"end":{"line":1,"column":37}},"1":{"start":{"line":2,"column":17},"end":{"line":2,"column":45}},"2":{"start":{"line":3,"column":24},"end":{"line":3,"column":49}},"3":{"start":{"line":4,"column":54},"end":{"line":4,"column":80}},"4":{"start":{"line":5,"column":14},"end":{"line":5,"column":50}},"5":{"start":{"line":6,"column":18},"end":{"line":6,"column":56}},"6":{"start":{"line":10,"column":4},"end":{"line":44,"column":5}},"7":{"start":{"line":11,"column":44},"end":{"line":11,"column":52}},"8":{"start":{"line":13,"column":6},"end":{"line":15,"column":7}},"9":{"start":{"line":14,"column":8},"end":{"line":14,"column":44}},"10":{"start":{"line":17,"column":6},"end":{"line":19,"column":7}},"11":{"start":{"line":18,"column":8},"end":{"line":18,"column":41}},"12":{"start":{"line":21,"column":6},"end":{"line":23,"column":7}},"13":{"start":{"line":22,"column":8},"end":{"line":22,"column":44}},"14":{"start":{"line":25,"column":25},"end":{"line":25,"column":39}},"15":{"start":{"line":26,"column":6},"end":{"line":26,"column":30}},"16":{"start":{"line":28,"column":27},"end":{"line":32,"column":8}},"17":{"start":{"line":34,"column":6},"end":{"line":39,"column":9}},"18":{"start":{"line":41,"column":6},"end":{"line":41,"column":23}},"19":{"start":{"line":43,"column":6},"end":{"line":43,"column":16}},"20":{"start":{"line":48,"column":4},"end":{"line":80,"column":5}},"21":{"start":{"line":49,"column":44},"end":{"line":49,"column":52}},"22":{"start":{"line":50,"column":6},"end":{"line":50,"column":44}},"23":{"start":{"line":52,"column":25},"end":{"line":52,"column":72}},"24":{"start":{"line":53,"column":6},"end":{"line":55,"column":7}},"25":{"start":{"line":54,"column":8},"end":{"line":54,"column":44}},"26":{"start":{"line":57,"column":6},"end":{"line":59,"column":7}},"27":{"start":{"line":58,"column":8},"end":{"line":58,"column":40}},"28":{"start":{"line":61,"column":26},"end":{"line":61,"column":70}},"29":{"start":{"line":62,"column":6},"end":{"line":64,"column":7}},"30":{"start":{"line":63,"column":8},"end":{"line":63,"column":40}},"31":{"start":{"line":66,"column":25},"end":{"line":68,"column":8}},"32":{"start":{"line":70,"column":34},"end":{"line":70,"column":53}},"33":{"start":{"line":72,"column":6},"end":{"line":75,"column":9}},"34":{"start":{"line":78,"column":6},"end":{"line":78,"column":23}},"35":{"start":{"line":79,"column":6},"end":{"line":79,"column":16}},"36":{"start":{"line":84,"column":4},"end":{"line":91,"column":5}},"37":{"start":{"line":85,"column":27},"end":{"line":85,"column":51}},"38":{"start":{"line":87,"column":6},"end":{"line":87,"column":41}},"39":{"start":{"line":89,"column":6},"end":{"line":89,"column":23}},"40":{"start":{"line":90,"column":6},"end":{"line":90,"column":16}},"41":{"start":{"line":95,"column":4},"end":{"line":121,"column":5}},"42":{"start":{"line":96,"column":29},"end":{"line":96,"column":39}},"43":{"start":{"line":97,"column":27},"end":{"line":101,"column":8}},"44":{"start":{"line":102,"column":6},"end":{"line":102,"column":32}},"45":{"start":{"line":104,"column":6},"end":{"line":106,"column":7}},"46":{"start":{"line":105,"column":8},"end":{"line":105,"column":41}},"47":{"start":{"line":107,"column":28},"end":{"line":116,"column":7}},"48":{"start":{"line":117,"column":6},"end":{"line":117,"column":72}},"49":{"start":{"line":119,"column":6},"end":{"line":119,"column":23}},"50":{"start":{"line":120,"column":6},"end":{"line":120,"column":16}},"51":{"start":{"line":125,"column":4},"end":{"line":150,"column":5}},"52":{"start":{"line":126,"column":29},"end":{"line":126,"column":39}},"53":{"start":{"line":128,"column":29},"end":{"line":132,"column":8}},"54":{"start":{"line":133,"column":6},"end":{"line":133,"column":34}},"55":{"start":{"line":135,"column":6},"end":{"line":146,"column":7}},"56":{"start":{"line":136,"column":34},"end":{"line":140,"column":10}},"57":{"start":{"line":141,"column":8},"end":{"line":143,"column":11}},"58":{"start":{"line":145,"column":8},"end":{"line":145,"column":41}},"59":{"start":{"line":148,"column":6},"end":{"line":148,"column":23}},"60":{"start":{"line":149,"column":6},"end":{"line":149,"column":16}},"61":{"start":{"line":154,"column":4},"end":{"line":172,"column":5}},"62":{"start":{"line":155,"column":111},"end":{"line":155,"column":119}},"63":{"start":{"line":156,"column":29},"end":{"line":167,"column":8}},"64":{"start":{"line":168,"column":6},"end":{"line":168,"column":43}},"65":{"start":{"line":170,"column":6},"end":{"line":170,"column":23}},"66":{"start":{"line":171,"column":6},"end":{"line":171,"column":16}},"67":{"start":{"line":176,"column":4},"end":{"line":183,"column":5}},"68":{"start":{"line":177,"column":25},"end":{"line":177,"column":47}},"69":{"start":{"line":179,"column":6},"end":{"line":179,"column":39}},"70":{"start":{"line":181,"column":6},"end":{"line":181,"column":23}},"71":{"start":{"line":182,"column":6},"end":{"line":182,"column":16}},"72":{"start":{"line":187,"column":4},"end":{"line":203,"column":5}},"73":{"start":{"line":188,"column":27},"end":{"line":188,"column":37}},"74":{"start":{"line":189,"column":25},"end":{"line":193,"column":8}},"75":{"start":{"line":195,"column":6},"end":{"line":199,"column":7}},"76":{"start":{"line":196,"column":8},"end":{"line":196,"column":41}},"77":{"start":{"line":198,"column":8},"end":{"line":198,"column":41}},"78":{"start":{"line":201,"column":6},"end":{"line":201,"column":23}},"79":{"start":{"line":202,"column":6},"end":{"line":202,"column":16}},"80":{"start":{"line":207,"column":4},"end":{"line":232,"column":5}},"81":{"start":{"line":208,"column":27},"end":{"line":208,"column":37}},"82":{"start":{"line":209,"column":111},"end":{"line":209,"column":119}},"83":{"start":{"line":210,"column":29},"end":{"line":227,"column":7}},"84":{"start":{"line":228,"column":6},"end":{"line":228,"column":49}},"85":{"start":{"line":230,"column":6},"end":{"line":230,"column":23}},"86":{"start":{"line":231,"column":6},"end":{"line":231,"column":16}},"87":{"start":{"line":236,"column":4},"end":{"line":261,"column":5}},"88":{"start":{"line":237,"column":27},"end":{"line":237,"column":37}},"89":{"start":{"line":239,"column":27},"end":{"line":243,"column":8}},"90":{"start":{"line":244,"column":6},"end":{"line":244,"column":32}},"91":{"start":{"line":246,"column":6},"end":{"line":257,"column":7}},"92":{"start":{"line":247,"column":32},"end":{"line":251,"column":10}},"93":{"start":{"line":252,"column":8},"end":{"line":254,"column":11}},"94":{"start":{"line":256,"column":8},"end":{"line":256,"column":41}},"95":{"start":{"line":259,"column":6},"end":{"line":259,"column":23}},"96":{"start":{"line":260,"column":6},"end":{"line":260,"column":16}},"97":{"start":{"line":265,"column":4},"end":{"line":273,"column":5}},"98":{"start":{"line":266,"column":28},"end":{"line":266,"column":61}},"99":{"start":{"line":267,"column":6},"end":{"line":267,"column":33}},"100":{"start":{"line":269,"column":6},"end":{"line":269,"column":42}},"101":{"start":{"line":271,"column":6},"end":{"line":271,"column":23}},"102":{"start":{"line":272,"column":6},"end":{"line":272,"column":16}},"103":{"start":{"line":277,"column":4},"end":{"line":294,"column":5}},"104":{"start":{"line":278,"column":24},"end":{"line":278,"column":32}},"105":{"start":{"line":279,"column":27},"end":{"line":281,"column":8}},"106":{"start":{"line":283,"column":6},"end":{"line":286,"column":9}},"107":{"start":{"line":288,"column":6},"end":{"line":288,"column":23}},"108":{"start":{"line":289,"column":6},"end":{"line":293,"column":7}},"109":{"start":{"line":290,"column":8},"end":{"line":290,"column":42}},"110":{"start":{"line":292,"column":8},"end":{"line":292,"column":18}},"111":{"start":{"line":298,"column":4},"end":{"line":313,"column":5}},"112":{"start":{"line":299,"column":30},"end":{"line":299,"column":40}},"113":{"start":{"line":301,"column":28},"end":{"line":301,"column":73}},"114":{"start":{"line":303,"column":6},"end":{"line":305,"column":7}},"115":{"start":{"line":304,"column":8},"end":{"line":304,"column":41}},"116":{"start":{"line":307,"column":30},"end":{"line":307,"column":78}},"117":{"start":{"line":309,"column":6},"end":{"line":309,"column":72}},"118":{"start":{"line":311,"column":6},"end":{"line":311,"column":23}},"119":{"start":{"line":312,"column":6},"end":{"line":312,"column":16}},"120":{"start":{"line":317,"column":0},"end":{"line":317,"column":31}}},"fnMap":{"0":{"name":"(anonymous_0)","decl":{"start":{"line":8,"column":2},"end":{"line":8,"column":3}},"loc":{"start":{"line":8,"column":40},"end":{"line":45,"column":3}},"line":8},"1":{"name":"(anonymous_1)","decl":{"start":{"line":47,"column":2},"end":{"line":47,"column":3}},"loc":{"start":{"line":47,"column":37},"end":{"line":81,"column":3}},"line":47},"2":{"name":"(anonymous_2)","decl":{"start":{"line":83,"column":2},"end":{"line":83,"column":3}},"loc":{"start":{"line":83,"column":46},"end":{"line":92,"column":3}},"line":83},"3":{"name":"(anonymous_3)","decl":{"start":{"line":94,"column":2},"end":{"line":94,"column":3}},"loc":{"start":{"line":94,"column":54},"end":{"line":122,"column":3}},"line":94},"4":{"name":"(anonymous_4)","decl":{"start":{"line":124,"column":2},"end":{"line":124,"column":3}},"loc":{"start":{"line":124,"column":46},"end":{"line":151,"column":3}},"line":124},"5":{"name":"(anonymous_5)","decl":{"start":{"line":153,"column":2},"end":{"line":153,"column":3}},"loc":{"start":{"line":153,"column":42},"end":{"line":173,"column":3}},"line":153},"6":{"name":"(anonymous_6)","decl":{"start":{"line":175,"column":2},"end":{"line":175,"column":3}},"loc":{"start":{"line":175,"column":44},"end":{"line":184,"column":3}},"line":175},"7":{"name":"(anonymous_7)","decl":{"start":{"line":186,"column":2},"end":{"line":186,"column":3}},"loc":{"start":{"line":186,"column":43},"end":{"line":204,"column":3}},"line":186},"8":{"name":"(anonymous_8)","decl":{"start":{"line":206,"column":2},"end":{"line":206,"column":3}},"loc":{"start":{"line":206,"column":42},"end":{"line":233,"column":3}},"line":206},"9":{"name":"(anonymous_9)","decl":{"start":{"line":235,"column":2},"end":{"line":235,"column":3}},"loc":{"start":{"line":235,"column":44},"end":{"line":262,"column":3}},"line":235},"10":{"name":"(anonymous_10)","decl":{"start":{"line":264,"column":2},"end":{"line":264,"column":3}},"loc":{"start":{"line":264,"column":47},"end":{"line":274,"column":3}},"line":264},"11":{"name":"(anonymous_11)","decl":{"start":{"line":276,"column":2},"end":{"line":276,"column":3}},"loc":{"start":{"line":276,"column":44},"end":{"line":295,"column":3}},"line":276},"12":{"name":"(anonymous_12)","decl":{"start":{"line":297,"column":2},"end":{"line":297,"column":3}},"loc":{"start":{"line":297,"column":51},"end":{"line":314,"column":3}},"line":297}},"branchMap":{"0":{"loc":{"start":{"line":13,"column":6},"end":{"line":15,"column":7}},"type":"if","locations":[{"start":{"line":13,"column":6},"end":{"line":15,"column":7}},{"start":{},"end":{}}],"line":13},"1":{"loc":{"start":{"line":17,"column":6},"end":{"line":19,"column":7}},"type":"if","locations":[{"start":{"line":17,"column":6},"end":{"line":19,"column":7}},{"start":{},"end":{}}],"line":17},"2":{"loc":{"start":{"line":21,"column":6},"end":{"line":23,"column":7}},"type":"if","locations":[{"start":{"line":21,"column":6},"end":{"line":23,"column":7}},{"start":{},"end":{}}],"line":21},"3":{"loc":{"start":{"line":53,"column":6},"end":{"line":55,"column":7}},"type":"if","locations":[{"start":{"line":53,"column":6},"end":{"line":55,"column":7}},{"start":{},"end":{}}],"line":53},"4":{"loc":{"start":{"line":57,"column":6},"end":{"line":59,"column":7}},"type":"if","locations":[{"start":{"line":57,"column":6},"end":{"line":59,"column":7}},{"start":{},"end":{}}],"line":57},"5":{"loc":{"start":{"line":62,"column":6},"end":{"line":64,"column":7}},"type":"if","locations":[{"start":{"line":62,"column":6},"end":{"line":64,"column":7}},{"start":{},"end":{}}],"line":62},"6":{"loc":{"start":{"line":104,"column":6},"end":{"line":106,"column":7}},"type":"if","locations":[{"start":{"line":104,"column":6},"end":{"line":106,"column":7}},{"start":{},"end":{}}],"line":104},"7":{"loc":{"start":{"line":135,"column":6},"end":{"line":146,"column":7}},"type":"if","locations":[{"start":{"line":135,"column":6},"end":{"line":146,"column":7}},{"start":{"line":144,"column":13},"end":{"line":146,"column":7}}],"line":135},"8":{"loc":{"start":{"line":195,"column":6},"end":{"line":199,"column":7}},"type":"if","locations":[{"start":{"line":195,"column":6},"end":{"line":199,"column":7}},{"start":{"line":197,"column":13},"end":{"line":199,"column":7}}],"line":195},"9":{"loc":{"start":{"line":246,"column":6},"end":{"line":257,"column":7}},"type":"if","locations":[{"start":{"line":246,"column":6},"end":{"line":257,"column":7}},{"start":{"line":255,"column":13},"end":{"line":257,"column":7}}],"line":246},"10":{"loc":{"start":{"line":289,"column":6},"end":{"line":293,"column":7}},"type":"if","locations":[{"start":{"line":289,"column":6},"end":{"line":293,"column":7}},{"start":{"line":291,"column":13},"end":{"line":293,"column":7}}],"line":289},"11":{"loc":{"start":{"line":303,"column":6},"end":{"line":305,"column":7}},"type":"if","locations":[{"start":{"line":303,"column":6},"end":{"line":305,"column":7}},{"start":{},"end":{}}],"line":303}},"s":{"0":5,"1":5,"2":5,"3":5,"4":5,"5":5,"6":5,"7":5,"8":5,"9":1,"10":4,"11":1,"12":3,"13":2,"14":1,"15":1,"16":1,"17":1,"18":4,"19":4,"20":3,"21":3,"22":3,"23":3,"24":3,"25":1,"26":2,"27":1,"28":1,"29":1,"30":0,"31":1,"32":1,"33":1,"34":2,"35":2,"36":1,"37":1,"38":1,"39":0,"40":0,"41":2,"42":2,"43":2,"44":2,"45":2,"46":2,"47":0,"48":0,"49":2,"50":2,"51":2,"52":2,"53":2,"54":2,"55":2,"56":0,"57":0,"58":2,"59":2,"60":2,"61":4,"62":4,"63":4,"64":1,"65":3,"66":3,"67":1,"68":1,"69":1,"70":0,"71":0,"72":2,"73":2,"74":2,"75":2,"76":0,"77":2,"78":2,"79":2,"80":1,"81":1,"82":1,"83":1,"84":1,"85":0,"86":0,"87":2,"88":2,"89":2,"90":2,"91":2,"92":0,"93":0,"94":2,"95":2,"96":2,"97":1,"98":1,"99":1,"100":1,"101":0,"102":0,"103":1,"104":1,"105":1,"106":1,"107":0,"108":0,"109":0,"110":0,"111":2,"112":2,"113":2,"114":2,"115":1,"116":1,"117":1,"118":1,"119":1,"120":5},"f":{"0":5,"1":3,"2":1,"3":2,"4":2,"5":4,"6":1,"7":2,"8":1,"9":2,"10":1,"11":1,"12":2},"b":{"0":[1,4],"1":[1,3],"2":[2,1],"3":[1,2],"4":[1,1],"5":[0,1],"6":[2,0],"7":[0,2],"8":[0,2],"9":[0,2],"10":[0,0],"11":[1,1]},"_coverageSchema":"1a1c01bbd47fc00a2c39e90264f33305004495a9","hash":"9d34eafe2609990094a1d0792d0771d7ae4dc69e"}
,"C:\\Users\\Hamzah\\Documents\\Data_D\\Belajar Program\\Havktiv8\\Phase-3\\Week-3\\Final-Project-Backend\\Backend_BarberDelivery\\controllers\\customerMainController.js": {"path":"C:\\Users\\Hamzah\\Documents\\Data_D\\Belajar Program\\Havktiv8\\Phase-3\\Week-3\\Final-Project-Backend\\Backend_BarberDelivery\\controllers\\customerMainController.js","statementMap":{"0":{"start":{"line":1,"column":88},"end":{"line":1,"column":114}},"1":{"start":{"line":2,"column":17},"end":{"line":2,"column":50}},"2":{"start":{"line":3,"column":14},"end":{"line":3,"column":30}},"3":{"start":{"line":4,"column":12},"end":{"line":4,"column":39}},"4":{"start":{"line":5,"column":17},"end":{"line":5,"column":49}},"5":{"start":{"line":6,"column":15},"end":{"line":6,"column":41}},"6":{"start":{"line":7,"column":18},"end":{"line":7,"column":56}},"7":{"start":{"line":8,"column":19},"end":{"line":8,"column":51}},"8":{"start":{"line":10,"column":0},"end":{"line":10,"column":19}},"9":{"start":{"line":11,"column":0},"end":{"line":11,"column":30}},"10":{"start":{"line":13,"column":0},"end":{"line":13,"column":17}},"11":{"start":{"line":17,"column":4},"end":{"line":29,"column":5}},"12":{"start":{"line":18,"column":6},"end":{"line":18,"column":48}},"13":{"start":{"line":19,"column":27},"end":{"line":23,"column":8}},"14":{"start":{"line":24,"column":6},"end":{"line":24,"column":41}},"15":{"start":{"line":25,"column":6},"end":{"line":25,"column":41}},"16":{"start":{"line":27,"column":6},"end":{"line":27,"column":23}},"17":{"start":{"line":28,"column":6},"end":{"line":28,"column":16}},"18":{"start":{"line":33,"column":4},"end":{"line":43,"column":5}},"19":{"start":{"line":34,"column":29},"end":{"line":36,"column":8}},"20":{"start":{"line":39,"column":6},"end":{"line":39,"column":43}},"21":{"start":{"line":41,"column":6},"end":{"line":41,"column":23}},"22":{"start":{"line":42,"column":6},"end":{"line":42,"column":13}},"23":{"start":{"line":47,"column":4},"end":{"line":65,"column":5}},"24":{"start":{"line":48,"column":27},"end":{"line":48,"column":37}},"25":{"start":{"line":49,"column":25},"end":{"line":54,"column":8}},"26":{"start":{"line":56,"column":6},"end":{"line":58,"column":7}},"27":{"start":{"line":57,"column":8},"end":{"line":57,"column":41}},"28":{"start":{"line":60,"column":6},"end":{"line":60,"column":30}},"29":{"start":{"line":61,"column":6},"end":{"line":61,"column":39}},"30":{"start":{"line":63,"column":6},"end":{"line":63,"column":23}},"31":{"start":{"line":64,"column":6},"end":{"line":64,"column":16}},"32":{"start":{"line":69,"column":4},"end":{"line":77,"column":5}},"33":{"start":{"line":70,"column":27},"end":{"line":72,"column":8}},"34":{"start":{"line":73,"column":6},"end":{"line":73,"column":41}},"35":{"start":{"line":75,"column":6},"end":{"line":75,"column":23}},"36":{"start":{"line":76,"column":6},"end":{"line":76,"column":16}},"37":{"start":{"line":81,"column":4},"end":{"line":226,"column":5}},"38":{"start":{"line":82,"column":90},"end":{"line":82,"column":98}},"39":{"start":{"line":86,"column":37},"end":{"line":95,"column":8}},"40":{"start":{"line":97,"column":29},"end":{"line":97,"column":31}},"41":{"start":{"line":99,"column":6},"end":{"line":101,"column":9}},"42":{"start":{"line":100,"column":8},"end":{"line":100,"column":76}},"43":{"start":{"line":103,"column":36},"end":{"line":103,"column":90}},"44":{"start":{"line":104,"column":29},"end":{"line":111,"column":8}},"45":{"start":{"line":114,"column":6},"end":{"line":114,"column":55}},"46":{"start":{"line":115,"column":6},"end":{"line":115,"column":51}},"47":{"start":{"line":117,"column":6},"end":{"line":117,"column":62}},"48":{"start":{"line":120,"column":8},"end":{"line":128,"column":11}},"49":{"start":{"line":121,"column":10},"end":{"line":127,"column":13}},"50":{"start":{"line":122,"column":12},"end":{"line":126,"column":13}},"51":{"start":{"line":123,"column":14},"end":{"line":123,"column":26}},"52":{"start":{"line":125,"column":14},"end":{"line":125,"column":33}},"53":{"start":{"line":133,"column":8},"end":{"line":139,"column":9}},"54":{"start":{"line":134,"column":28},"end":{"line":134,"column":92}},"55":{"start":{"line":135,"column":10},"end":{"line":135,"column":44}},"56":{"start":{"line":142,"column":29},"end":{"line":142,"column":41}},"57":{"start":{"line":143,"column":6},"end":{"line":143,"column":46}},"58":{"start":{"line":144,"column":33},"end":{"line":144,"column":85}},"59":{"start":{"line":147,"column":27},"end":{"line":149,"column":8}},"60":{"start":{"line":148,"column":8},"end":{"line":148,"column":32}},"61":{"start":{"line":151,"column":26},"end":{"line":153,"column":11}},"62":{"start":{"line":152,"column":8},"end":{"line":152,"column":21}},"63":{"start":{"line":155,"column":27},"end":{"line":159,"column":8}},"64":{"start":{"line":163,"column":6},"end":{"line":167,"column":7}},"65":{"start":{"line":164,"column":8},"end":{"line":164,"column":81}},"66":{"start":{"line":166,"column":8},"end":{"line":166,"column":73}},"67":{"start":{"line":170,"column":32},"end":{"line":170,"column":81}},"68":{"start":{"line":171,"column":30},"end":{"line":173,"column":8}},"69":{"start":{"line":172,"column":8},"end":{"line":172,"column":35}},"70":{"start":{"line":175,"column":29},"end":{"line":177,"column":11}},"71":{"start":{"line":176,"column":8},"end":{"line":176,"column":21}},"72":{"start":{"line":179,"column":26},"end":{"line":179,"column":63}},"73":{"start":{"line":182,"column":6},"end":{"line":182,"column":24}},"74":{"start":{"line":183,"column":6},"end":{"line":183,"column":29}},"75":{"start":{"line":184,"column":24},"end":{"line":184,"column":38}},"76":{"start":{"line":185,"column":22},"end":{"line":185,"column":36}},"77":{"start":{"line":186,"column":6},"end":{"line":186,"column":51}},"78":{"start":{"line":187,"column":6},"end":{"line":187,"column":63}},"79":{"start":{"line":192,"column":29},"end":{"line":198,"column":8}},"80":{"start":{"line":200,"column":32},"end":{"line":218,"column":7}},"81":{"start":{"line":222,"column":6},"end":{"line":222,"column":52}},"82":{"start":{"line":224,"column":6},"end":{"line":224,"column":23}},"83":{"start":{"line":225,"column":6},"end":{"line":225,"column":16}},"84":{"start":{"line":230,"column":4},"end":{"line":240,"column":5}},"85":{"start":{"line":231,"column":32},"end":{"line":235,"column":8}},"86":{"start":{"line":236,"column":6},"end":{"line":236,"column":46}},"87":{"start":{"line":238,"column":6},"end":{"line":238,"column":23}},"88":{"start":{"line":239,"column":6},"end":{"line":239,"column":16}},"89":{"start":{"line":244,"column":4},"end":{"line":263,"column":5}},"90":{"start":{"line":245,"column":32},"end":{"line":245,"column":42}},"91":{"start":{"line":246,"column":33},"end":{"line":254,"column":8}},"92":{"start":{"line":255,"column":6},"end":{"line":257,"column":7}},"93":{"start":{"line":256,"column":8},"end":{"line":256,"column":41}},"94":{"start":{"line":258,"column":6},"end":{"line":258,"column":38}},"95":{"start":{"line":259,"column":6},"end":{"line":259,"column":47}},"96":{"start":{"line":261,"column":6},"end":{"line":261,"column":23}},"97":{"start":{"line":262,"column":6},"end":{"line":262,"column":16}},"98":{"start":{"line":267,"column":4},"end":{"line":331,"column":5}},"99":{"start":{"line":268,"column":32},"end":{"line":268,"column":40}},"100":{"start":{"line":270,"column":31},"end":{"line":278,"column":8}},"101":{"start":{"line":281,"column":6},"end":{"line":283,"column":7}},"102":{"start":{"line":282,"column":8},"end":{"line":282,"column":41}},"103":{"start":{"line":285,"column":6},"end":{"line":294,"column":8}},"104":{"start":{"line":296,"column":6},"end":{"line":303,"column":8}},"105":{"start":{"line":305,"column":6},"end":{"line":314,"column":8}},"106":{"start":{"line":316,"column":6},"end":{"line":325,"column":8}},"107":{"start":{"line":327,"column":6},"end":{"line":327,"column":64}},"108":{"start":{"line":329,"column":6},"end":{"line":329,"column":23}},"109":{"start":{"line":330,"column":6},"end":{"line":330,"column":16}},"110":{"start":{"line":335,"column":4},"end":{"line":382,"column":5}},"111":{"start":{"line":336,"column":33},"end":{"line":336,"column":41}},"112":{"start":{"line":338,"column":6},"end":{"line":340,"column":7}},"113":{"start":{"line":339,"column":8},"end":{"line":339,"column":43}},"114":{"start":{"line":342,"column":25},"end":{"line":346,"column":8}},"115":{"start":{"line":348,"column":6},"end":{"line":350,"column":7}},"116":{"start":{"line":349,"column":8},"end":{"line":349,"column":41}},"117":{"start":{"line":352,"column":25},"end":{"line":352,"column":42}},"118":{"start":{"line":356,"column":6},"end":{"line":360,"column":7}},"119":{"start":{"line":357,"column":8},"end":{"line":357,"column":28}},"120":{"start":{"line":359,"column":8},"end":{"line":359,"column":48}},"121":{"start":{"line":361,"column":6},"end":{"line":361,"column":37}},"122":{"start":{"line":363,"column":6},"end":{"line":372,"column":8}},"123":{"start":{"line":373,"column":6},"end":{"line":373,"column":31}},"124":{"start":{"line":375,"column":6},"end":{"line":375,"column":68}},"125":{"start":{"line":377,"column":6},"end":{"line":379,"column":7}},"126":{"start":{"line":378,"column":8},"end":{"line":378,"column":79}},"127":{"start":{"line":380,"column":6},"end":{"line":380,"column":23}},"128":{"start":{"line":381,"column":6},"end":{"line":381,"column":16}},"129":{"start":{"line":386,"column":4},"end":{"line":392,"column":5}},"130":{"start":{"line":387,"column":28},"end":{"line":387,"column":61}},"131":{"start":{"line":388,"column":6},"end":{"line":388,"column":42}},"132":{"start":{"line":390,"column":6},"end":{"line":390,"column":23}},"133":{"start":{"line":391,"column":6},"end":{"line":391,"column":16}},"134":{"start":{"line":396,"column":4},"end":{"line":420,"column":5}},"135":{"start":{"line":397,"column":23},"end":{"line":397,"column":79}},"136":{"start":{"line":397,"column":39},"end":{"line":397,"column":79}},"137":{"start":{"line":399,"column":23},"end":{"line":399,"column":31}},"138":{"start":{"line":400,"column":22},"end":{"line":400,"column":42}},"139":{"start":{"line":402,"column":6},"end":{"line":411,"column":8}},"140":{"start":{"line":413,"column":6},"end":{"line":416,"column":9}},"141":{"start":{"line":418,"column":6},"end":{"line":418,"column":23}},"142":{"start":{"line":419,"column":6},"end":{"line":419,"column":16}},"143":{"start":{"line":424,"column":4},"end":{"line":436,"column":5}},"144":{"start":{"line":425,"column":27},"end":{"line":425,"column":35}},"145":{"start":{"line":426,"column":26},"end":{"line":430,"column":8}},"146":{"start":{"line":431,"column":6},"end":{"line":431,"column":31}},"147":{"start":{"line":432,"column":6},"end":{"line":432,"column":40}},"148":{"start":{"line":434,"column":6},"end":{"line":434,"column":23}},"149":{"start":{"line":435,"column":6},"end":{"line":435,"column":16}},"150":{"start":{"line":527,"column":0},"end":{"line":527,"column":40}}},"fnMap":{"0":{"name":"(anonymous_0)","decl":{"start":{"line":16,"column":2},"end":{"line":16,"column":3}},"loc":{"start":{"line":16,"column":47},"end":{"line":30,"column":3}},"line":16},"1":{"name":"(anonymous_1)","decl":{"start":{"line":32,"column":2},"end":{"line":32,"column":3}},"loc":{"start":{"line":32,"column":44},"end":{"line":44,"column":3}},"line":32},"2":{"name":"(anonymous_2)","decl":{"start":{"line":46,"column":2},"end":{"line":46,"column":3}},"loc":{"start":{"line":46,"column":45},"end":{"line":66,"column":3}},"line":46},"3":{"name":"(anonymous_3)","decl":{"start":{"line":68,"column":2},"end":{"line":68,"column":3}},"loc":{"start":{"line":68,"column":45},"end":{"line":78,"column":3}},"line":68},"4":{"name":"(anonymous_4)","decl":{"start":{"line":80,"column":2},"end":{"line":80,"column":3}},"loc":{"start":{"line":80,"column":47},"end":{"line":227,"column":3}},"line":80},"5":{"name":"(anonymous_5)","decl":{"start":{"line":99,"column":40},"end":{"line":99,"column":41}},"loc":{"start":{"line":99,"column":48},"end":{"line":101,"column":7}},"line":99},"6":{"name":"getDistances","decl":{"start":{"line":119,"column":15},"end":{"line":119,"column":27}},"loc":{"start":{"line":119,"column":51},"end":{"line":129,"column":7}},"line":119},"7":{"name":"(anonymous_7)","decl":{"start":{"line":120,"column":27},"end":{"line":120,"column":28}},"loc":{"start":{"line":120,"column":54},"end":{"line":128,"column":9}},"line":120},"8":{"name":"(anonymous_8)","decl":{"start":{"line":121,"column":49},"end":{"line":121,"column":50}},"loc":{"start":{"line":121,"column":75},"end":{"line":127,"column":11}},"line":121},"9":{"name":"main","decl":{"start":{"line":132,"column":21},"end":{"line":132,"column":25}},"loc":{"start":{"line":132,"column":28},"end":{"line":140,"column":7}},"line":132},"10":{"name":"(anonymous_10)","decl":{"start":{"line":147,"column":46},"end":{"line":147,"column":47}},"loc":{"start":{"line":147,"column":54},"end":{"line":149,"column":7}},"line":147},"11":{"name":"(anonymous_11)","decl":{"start":{"line":151,"column":46},"end":{"line":151,"column":47}},"loc":{"start":{"line":151,"column":62},"end":{"line":153,"column":7}},"line":151},"12":{"name":"(anonymous_12)","decl":{"start":{"line":171,"column":49},"end":{"line":171,"column":50}},"loc":{"start":{"line":171,"column":57},"end":{"line":173,"column":7}},"line":171},"13":{"name":"(anonymous_13)","decl":{"start":{"line":175,"column":52},"end":{"line":175,"column":53}},"loc":{"start":{"line":175,"column":68},"end":{"line":177,"column":7}},"line":175},"14":{"name":"(anonymous_14)","decl":{"start":{"line":229,"column":2},"end":{"line":229,"column":3}},"loc":{"start":{"line":229,"column":49},"end":{"line":241,"column":3}},"line":229},"15":{"name":"(anonymous_15)","decl":{"start":{"line":243,"column":2},"end":{"line":243,"column":3}},"loc":{"start":{"line":243,"column":50},"end":{"line":264,"column":3}},"line":243},"16":{"name":"(anonymous_16)","decl":{"start":{"line":266,"column":2},"end":{"line":266,"column":3}},"loc":{"start":{"line":266,"column":46},"end":{"line":332,"column":3}},"line":266},"17":{"name":"(anonymous_17)","decl":{"start":{"line":334,"column":2},"end":{"line":334,"column":3}},"loc":{"start":{"line":334,"column":42},"end":{"line":383,"column":3}},"line":334},"18":{"name":"(anonymous_18)","decl":{"start":{"line":385,"column":2},"end":{"line":385,"column":3}},"loc":{"start":{"line":385,"column":47},"end":{"line":393,"column":3}},"line":385},"19":{"name":"(anonymous_19)","decl":{"start":{"line":395,"column":2},"end":{"line":395,"column":3}},"loc":{"start":{"line":395,"column":43},"end":{"line":421,"column":3}},"line":395},"20":{"name":"(anonymous_20)","decl":{"start":{"line":397,"column":23},"end":{"line":397,"column":24}},"loc":{"start":{"line":397,"column":39},"end":{"line":397,"column":79}},"line":397},"21":{"name":"(anonymous_21)","decl":{"start":{"line":423,"column":2},"end":{"line":423,"column":3}},"loc":{"start":{"line":423,"column":46},"end":{"line":437,"column":3}},"line":423}},"branchMap":{"0":{"loc":{"start":{"line":56,"column":6},"end":{"line":58,"column":7}},"type":"if","locations":[{"start":{"line":56,"column":6},"end":{"line":58,"column":7}},{"start":{},"end":{}}],"line":56},"1":{"loc":{"start":{"line":122,"column":12},"end":{"line":126,"column":13}},"type":"if","locations":[{"start":{"line":122,"column":12},"end":{"line":126,"column":13}},{"start":{"line":124,"column":19},"end":{"line":126,"column":13}}],"line":122},"2":{"loc":{"start":{"line":163,"column":6},"end":{"line":167,"column":7}},"type":"if","locations":[{"start":{"line":163,"column":6},"end":{"line":167,"column":7}},{"start":{"line":165,"column":13},"end":{"line":167,"column":7}}],"line":163},"3":{"loc":{"start":{"line":255,"column":6},"end":{"line":257,"column":7}},"type":"if","locations":[{"start":{"line":255,"column":6},"end":{"line":257,"column":7}},{"start":{},"end":{}}],"line":255},"4":{"loc":{"start":{"line":281,"column":6},"end":{"line":283,"column":7}},"type":"if","locations":[{"start":{"line":281,"column":6},"end":{"line":283,"column":7}},{"start":{},"end":{}}],"line":281},"5":{"loc":{"start":{"line":338,"column":6},"end":{"line":340,"column":7}},"type":"if","locations":[{"start":{"line":338,"column":6},"end":{"line":340,"column":7}},{"start":{},"end":{}}],"line":338},"6":{"loc":{"start":{"line":348,"column":6},"end":{"line":350,"column":7}},"type":"if","locations":[{"start":{"line":348,"column":6},"end":{"line":350,"column":7}},{"start":{},"end":{}}],"line":348},"7":{"loc":{"start":{"line":356,"column":6},"end":{"line":360,"column":7}},"type":"if","locations":[{"start":{"line":356,"column":6},"end":{"line":360,"column":7}},{"start":{"line":358,"column":13},"end":{"line":360,"column":7}}],"line":356},"8":{"loc":{"start":{"line":377,"column":6},"end":{"line":379,"column":7}},"type":"if","locations":[{"start":{"line":377,"column":6},"end":{"line":379,"column":7}},{"start":{},"end":{}}],"line":377}},"s":{"0":5,"1":5,"2":5,"3":5,"4":5,"5":5,"6":5,"7":5,"8":5,"9":5,"10":5,"11":0,"12":0,"13":0,"14":0,"15":0,"16":0,"17":0,"18":0,"19":0,"20":0,"21":0,"22":0,"23":0,"24":0,"25":0,"26":0,"27":0,"28":0,"29":0,"30":0,"31":0,"32":0,"33":0,"34":0,"35":0,"36":0,"37":0,"38":0,"39":0,"40":0,"41":0,"42":0,"43":0,"44":0,"45":0,"46":0,"47":0,"48":0,"49":0,"50":0,"51":0,"52":0,"53":0,"54":0,"55":0,"56":0,"57":0,"58":0,"59":0,"60":0,"61":0,"62":0,"63":0,"64":0,"65":0,"66":0,"67":0,"68":0,"69":0,"70":0,"71":0,"72":0,"73":0,"74":0,"75":0,"76":0,"77":0,"78":0,"79":0,"80":0,"81":0,"82":0,"83":0,"84":0,"85":0,"86":0,"87":0,"88":0,"89":0,"90":0,"91":0,"92":0,"93":0,"94":0,"95":0,"96":0,"97":0,"98":0,"99":0,"100":0,"101":0,"102":0,"103":0,"104":0,"105":0,"106":0,"107":0,"108":0,"109":0,"110":0,"111":0,"112":0,"113":0,"114":0,"115":0,"116":0,"117":0,"118":0,"119":0,"120":0,"121":0,"122":0,"123":0,"124":0,"125":0,"126":0,"127":0,"128":0,"129":0,"130":0,"131":0,"132":0,"133":0,"134":0,"135":0,"136":0,"137":0,"138":0,"139":0,"140":0,"141":0,"142":0,"143":0,"144":0,"145":0,"146":0,"147":0,"148":0,"149":0,"150":5},"f":{"0":0,"1":0,"2":0,"3":0,"4":0,"5":0,"6":0,"7":0,"8":0,"9":0,"10":0,"11":0,"12":0,"13":0,"14":0,"15":0,"16":0,"17":0,"18":0,"19":0,"20":0,"21":0},"b":{"0":[0,0],"1":[0,0],"2":[0,0],"3":[0,0],"4":[0,0],"5":[0,0],"6":[0,0],"7":[0,0],"8":[0,0]},"_coverageSchema":"1a1c01bbd47fc00a2c39e90264f33305004495a9","hash":"d18ff185aa655dba1d0947557ce266e484a85a85"}
,"C:\\Users\\Hamzah\\Documents\\Data_D\\Belajar Program\\Havktiv8\\Phase-3\\Week-3\\Final-Project-Backend\\Backend_BarberDelivery\\controllers\\customerProfileController.js": {"path":"C:\\Users\\Hamzah\\Documents\\Data_D\\Belajar Program\\Havktiv8\\Phase-3\\Week-3\\Final-Project-Backend\\Backend_BarberDelivery\\controllers\\customerProfileController.js","statementMap":{"0":{"start":{"line":1,"column":20},"end":{"line":1,"column":37}},"1":{"start":{"line":2,"column":24},"end":{"line":2,"column":49}},"2":{"start":{"line":3,"column":54},"end":{"line":3,"column":80}},"3":{"start":{"line":7,"column":4},"end":{"line":19,"column":5}},"4":{"start":{"line":8,"column":44},"end":{"line":8,"column":52}},"5":{"start":{"line":9,"column":6},"end":{"line":9,"column":28}},"6":{"start":{"line":10,"column":33},"end":{"line":14,"column":8}},"7":{"start":{"line":15,"column":6},"end":{"line":15,"column":87}},"8":{"start":{"line":17,"column":6},"end":{"line":17,"column":23}},"9":{"start":{"line":18,"column":6},"end":{"line":18,"column":16}},"10":{"start":{"line":23,"column":4},"end":{"line":67,"column":5}},"11":{"start":{"line":24,"column":34},"end":{"line":24,"column":42}},"12":{"start":{"line":26,"column":6},"end":{"line":28,"column":7}},"13":{"start":{"line":27,"column":8},"end":{"line":27,"column":41}},"14":{"start":{"line":30,"column":6},"end":{"line":32,"column":7}},"15":{"start":{"line":31,"column":8},"end":{"line":31,"column":44}},"16":{"start":{"line":34,"column":26},"end":{"line":38,"column":8}},"17":{"start":{"line":41,"column":6},"end":{"line":43,"column":7}},"18":{"start":{"line":42,"column":8},"end":{"line":42,"column":40}},"19":{"start":{"line":45,"column":26},"end":{"line":45,"column":73}},"20":{"start":{"line":46,"column":6},"end":{"line":46,"column":33}},"21":{"start":{"line":47,"column":6},"end":{"line":50,"column":7}},"22":{"start":{"line":48,"column":8},"end":{"line":48,"column":29}},"23":{"start":{"line":49,"column":8},"end":{"line":49,"column":40}},"24":{"start":{"line":51,"column":6},"end":{"line":51,"column":27}},"25":{"start":{"line":53,"column":25},"end":{"line":55,"column":8}},"26":{"start":{"line":57,"column":34},"end":{"line":57,"column":56}},"27":{"start":{"line":59,"column":6},"end":{"line":62,"column":9}},"28":{"start":{"line":65,"column":6},"end":{"line":65,"column":23}},"29":{"start":{"line":66,"column":6},"end":{"line":66,"column":16}},"30":{"start":{"line":71,"column":0},"end":{"line":71,"column":43}}},"fnMap":{"0":{"name":"(anonymous_0)","decl":{"start":{"line":5,"column":2},"end":{"line":5,"column":3}},"loc":{"start":{"line":5,"column":40},"end":{"line":20,"column":3}},"line":5},"1":{"name":"(anonymous_1)","decl":{"start":{"line":22,"column":2},"end":{"line":22,"column":3}},"loc":{"start":{"line":22,"column":37},"end":{"line":68,"column":3}},"line":22}},"branchMap":{"0":{"loc":{"start":{"line":26,"column":6},"end":{"line":28,"column":7}},"type":"if","locations":[{"start":{"line":26,"column":6},"end":{"line":28,"column":7}},{"start":{},"end":{}}],"line":26},"1":{"loc":{"start":{"line":30,"column":6},"end":{"line":32,"column":7}},"type":"if","locations":[{"start":{"line":30,"column":6},"end":{"line":32,"column":7}},{"start":{},"end":{}}],"line":30},"2":{"loc":{"start":{"line":41,"column":6},"end":{"line":43,"column":7}},"type":"if","locations":[{"start":{"line":41,"column":6},"end":{"line":43,"column":7}},{"start":{},"end":{}}],"line":41},"3":{"loc":{"start":{"line":47,"column":6},"end":{"line":50,"column":7}},"type":"if","locations":[{"start":{"line":47,"column":6},"end":{"line":50,"column":7}},{"start":{},"end":{}}],"line":47}},"s":{"0":5,"1":5,"2":5,"3":8,"4":8,"5":8,"6":8,"7":1,"8":7,"9":7,"10":5,"11":5,"12":5,"13":1,"14":4,"15":1,"16":3,"17":3,"18":1,"19":2,"20":2,"21":2,"22":1,"23":1,"24":1,"25":1,"26":1,"27":1,"28":4,"29":4,"30":5},"f":{"0":8,"1":5},"b":{"0":[1,4],"1":[1,3],"2":[1,2],"3":[1,1]},"_coverageSchema":"1a1c01bbd47fc00a2c39e90264f33305004495a9","hash":"b4b7870304c8e0ed452c3a566bb4f9c05853deaa"}
,"C:\\Users\\Hamzah\\Documents\\Data_D\\Belajar Program\\Havktiv8\\Phase-3\\Week-3\\Final-Project-Backend\\Backend_BarberDelivery\\helpers\\bcrypt.js": {"path":"C:\\Users\\Hamzah\\Documents\\Data_D\\Belajar Program\\Havktiv8\\Phase-3\\Week-3\\Final-Project-Backend\\Backend_BarberDelivery\\helpers\\bcrypt.js","statementMap":{"0":{"start":{"line":1,"column":15},"end":{"line":1,"column":32}},"1":{"start":{"line":4,"column":15},"end":{"line":4,"column":37}},"2":{"start":{"line":5,"column":15},"end":{"line":5,"column":46}},"3":{"start":{"line":7,"column":2},"end":{"line":7,"column":14}},"4":{"start":{"line":11,"column":2},"end":{"line":11,"column":52}},"5":{"start":{"line":14,"column":0},"end":{"line":14,"column":39}}},"fnMap":{"0":{"name":"hash","decl":{"start":{"line":3,"column":9},"end":{"line":3,"column":13}},"loc":{"start":{"line":3,"column":24},"end":{"line":8,"column":1}},"line":3},"1":{"name":"comparePass","decl":{"start":{"line":10,"column":9},"end":{"line":10,"column":20}},"loc":{"start":{"line":10,"column":45},"end":{"line":12,"column":1}},"line":10}},"branchMap":{},"s":{"0":5,"1":19,"2":19,"3":19,"4":0,"5":5},"f":{"0":19,"1":0},"b":{},"_coverageSchema":"1a1c01bbd47fc00a2c39e90264f33305004495a9","hash":"a749d326bfddb8fa38616f2915345a3ba6778470"}
,"C:\\Users\\Hamzah\\Documents\\Data_D\\Belajar Program\\Havktiv8\\Phase-3\\Week-3\\Final-Project-Backend\\Backend_BarberDelivery\\helpers\\cloudinary.js": {"path":"C:\\Users\\Hamzah\\Documents\\Data_D\\Belajar Program\\Havktiv8\\Phase-3\\Week-3\\Final-Project-Backend\\Backend_BarberDelivery\\helpers\\cloudinary.js","statementMap":{"0":{"start":{"line":1,"column":19},"end":{"line":1,"column":40}},"1":{"start":{"line":3,"column":0},"end":{"line":7,"column":3}},"2":{"start":{"line":9,"column":0},"end":{"line":25,"column":2}},"3":{"start":{"line":10,"column":2},"end":{"line":24,"column":5}},"4":{"start":{"line":11,"column":4},"end":{"line":23,"column":6}},"5":{"start":{"line":14,"column":8},"end":{"line":17,"column":11}}},"fnMap":{"0":{"name":"(anonymous_0)","decl":{"start":{"line":9,"column":18},"end":{"line":9,"column":19}},"loc":{"start":{"line":9,"column":36},"end":{"line":25,"column":1}},"line":9},"1":{"name":"(anonymous_1)","decl":{"start":{"line":10,"column":21},"end":{"line":10,"column":22}},"loc":{"start":{"line":10,"column":34},"end":{"line":24,"column":3}},"line":10},"2":{"name":"(anonymous_2)","decl":{"start":{"line":13,"column":6},"end":{"line":13,"column":7}},"loc":{"start":{"line":13,"column":18},"end":{"line":18,"column":7}},"line":13}},"branchMap":{},"s":{"0":5,"1":5,"2":5,"3":0,"4":0,"5":0},"f":{"0":0,"1":0,"2":0},"b":{},"_coverageSchema":"1a1c01bbd47fc00a2c39e90264f33305004495a9","hash":"b18c9152c46e6e2575e75a344f85b77b2ecddb5b"}
,"C:\\Users\\Hamzah\\Documents\\Data_D\\Belajar Program\\Havktiv8\\Phase-3\\Week-3\\Final-Project-Backend\\Backend_BarberDelivery\\helpers\\jwt.js": {"path":"C:\\Users\\Hamzah\\Documents\\Data_D\\Belajar Program\\Havktiv8\\Phase-3\\Week-3\\Final-Project-Backend\\Backend_BarberDelivery\\helpers\\jwt.js","statementMap":{"0":{"start":{"line":1,"column":10},"end":{"line":1,"column":33}},"1":{"start":{"line":2,"column":23},"end":{"line":2,"column":49}},"2":{"start":{"line":5,"column":2},"end":{"line":5,"column":42}},"3":{"start":{"line":9,"column":2},"end":{"line":9,"column":43}},"4":{"start":{"line":12,"column":0},"end":{"line":12,"column":46}}},"fnMap":{"0":{"name":"encodeToken","decl":{"start":{"line":4,"column":9},"end":{"line":4,"column":20}},"loc":{"start":{"line":4,"column":29},"end":{"line":6,"column":1}},"line":4},"1":{"name":"decodeToken","decl":{"start":{"line":8,"column":9},"end":{"line":8,"column":20}},"loc":{"start":{"line":8,"column":28},"end":{"line":10,"column":1}},"line":8}},"branchMap":{},"s":{"0":5,"1":5,"2":5,"3":29,"4":5},"f":{"0":5,"1":29},"b":{},"_coverageSchema":"1a1c01bbd47fc00a2c39e90264f33305004495a9","hash":"7df59e3fc8aa2c1bf717eddb2a9beb169c02185e"}
,"C:\\Users\\Hamzah\\Documents\\Data_D\\Belajar Program\\Havktiv8\\Phase-3\\Week-3\\Final-Project-Backend\\Backend_BarberDelivery\\middleware\\barberAuth.js": {"path":"C:\\Users\\Hamzah\\Documents\\Data_D\\Belajar Program\\Havktiv8\\Phase-3\\Week-3\\Final-Project-Backend\\Backend_BarberDelivery\\middleware\\barberAuth.js","statementMap":{"0":{"start":{"line":1,"column":24},"end":{"line":1,"column":49}},"1":{"start":{"line":2,"column":19},"end":{"line":2,"column":45}},"2":{"start":{"line":4,"column":29},"end":{"line":30,"column":1}},"3":{"start":{"line":5,"column":2},"end":{"line":29,"column":3}},"4":{"start":{"line":6,"column":29},"end":{"line":6,"column":40}},"5":{"start":{"line":8,"column":4},"end":{"line":10,"column":5}},"6":{"start":{"line":9,"column":6},"end":{"line":9,"column":38}},"7":{"start":{"line":11,"column":22},"end":{"line":11,"column":47}},"8":{"start":{"line":13,"column":23},"end":{"line":13,"column":58}},"9":{"start":{"line":14,"column":4},"end":{"line":14,"column":69}},"10":{"start":{"line":16,"column":4},"end":{"line":18,"column":5}},"11":{"start":{"line":17,"column":6},"end":{"line":17,"column":38}},"12":{"start":{"line":20,"column":4},"end":{"line":23,"column":6}},"13":{"start":{"line":25,"column":4},"end":{"line":25,"column":11}},"14":{"start":{"line":27,"column":4},"end":{"line":27,"column":21}},"15":{"start":{"line":28,"column":4},"end":{"line":28,"column":14}},"16":{"start":{"line":32,"column":0},"end":{"line":32,"column":42}}},"fnMap":{"0":{"name":"(anonymous_0)","decl":{"start":{"line":4,"column":29},"end":{"line":4,"column":30}},"loc":{"start":{"line":4,"column":55},"end":{"line":30,"column":1}},"line":4}},"branchMap":{"0":{"loc":{"start":{"line":8,"column":4},"end":{"line":10,"column":5}},"type":"if","locations":[{"start":{"line":8,"column":4},"end":{"line":10,"column":5}},{"start":{},"end":{}}],"line":8},"1":{"loc":{"start":{"line":16,"column":4},"end":{"line":18,"column":5}},"type":"if","locations":[{"start":{"line":16,"column":4},"end":{"line":18,"column":5}},{"start":{},"end":{}}],"line":16}},"s":{"0":5,"1":5,"2":5,"3":15,"4":15,"5":15,"6":6,"7":9,"8":9,"9":9,"10":9,"11":0,"12":9,"13":9,"14":6,"15":6,"16":5},"f":{"0":15},"b":{"0":[6,9],"1":[0,9]},"_coverageSchema":"1a1c01bbd47fc00a2c39e90264f33305004495a9","hash":"ecd24f4cb65cfb38214e6ed3a9eedb1dad2e7f64"}
,"C:\\Users\\Hamzah\\Documents\\Data_D\\Belajar Program\\Havktiv8\\Phase-3\\Week-3\\Final-Project-Backend\\Backend_BarberDelivery\\middleware\\cmsAuth.js": {"path":"C:\\Users\\Hamzah\\Documents\\Data_D\\Belajar Program\\Havktiv8\\Phase-3\\Week-3\\Final-Project-Backend\\Backend_BarberDelivery\\middleware\\cmsAuth.js","statementMap":{"0":{"start":{"line":1,"column":24},"end":{"line":1,"column":49}},"1":{"start":{"line":2,"column":14},"end":{"line":2,"column":50}},"2":{"start":{"line":4,"column":26},"end":{"line":28,"column":1}},"3":{"start":{"line":5,"column":2},"end":{"line":27,"column":3}},"4":{"start":{"line":6,"column":29},"end":{"line":6,"column":40}},"5":{"start":{"line":8,"column":4},"end":{"line":10,"column":5}},"6":{"start":{"line":9,"column":6},"end":{"line":9,"column":38}},"7":{"start":{"line":12,"column":22},"end":{"line":12,"column":47}},"8":{"start":{"line":14,"column":4},"end":{"line":14,"column":46}},"9":{"start":{"line":15,"column":22},"end":{"line":15,"column":60}},"10":{"start":{"line":17,"column":4},"end":{"line":19,"column":5}},"11":{"start":{"line":18,"column":6},"end":{"line":18,"column":38}},"12":{"start":{"line":21,"column":4},"end":{"line":21,"column":26}},"13":{"start":{"line":23,"column":4},"end":{"line":23,"column":11}},"14":{"start":{"line":25,"column":4},"end":{"line":25,"column":21}},"15":{"start":{"line":26,"column":4},"end":{"line":26,"column":14}},"16":{"start":{"line":30,"column":0},"end":{"line":30,"column":39}}},"fnMap":{"0":{"name":"(anonymous_0)","decl":{"start":{"line":4,"column":26},"end":{"line":4,"column":27}},"loc":{"start":{"line":4,"column":52},"end":{"line":28,"column":1}},"line":4}},"branchMap":{"0":{"loc":{"start":{"line":8,"column":4},"end":{"line":10,"column":5}},"type":"if","locations":[{"start":{"line":8,"column":4},"end":{"line":10,"column":5}},{"start":{},"end":{}}],"line":8},"1":{"loc":{"start":{"line":17,"column":4},"end":{"line":19,"column":5}},"type":"if","locations":[{"start":{"line":17,"column":4},"end":{"line":19,"column":5}},{"start":{},"end":{}}],"line":17}},"s":{"0":5,"1":5,"2":5,"3":30,"4":30,"5":30,"6":11,"7":19,"8":19,"9":19,"10":19,"11":0,"12":19,"13":19,"14":11,"15":11,"16":5},"f":{"0":30},"b":{"0":[11,19],"1":[0,19]},"_coverageSchema":"1a1c01bbd47fc00a2c39e90264f33305004495a9","hash":"2f18186e4d0fb75a3bccde2118cdf0accb282b71"}
,"C:\\Users\\Hamzah\\Documents\\Data_D\\Belajar Program\\Havktiv8\\Phase-3\\Week-3\\Final-Project-Backend\\Backend_BarberDelivery\\middleware\\customersAuth.js": {"path":"C:\\Users\\Hamzah\\Documents\\Data_D\\Belajar Program\\Havktiv8\\Phase-3\\Week-3\\Final-Project-Backend\\Backend_BarberDelivery\\middleware\\customersAuth.js","statementMap":{"0":{"start":{"line":1,"column":24},"end":{"line":1,"column":49}},"1":{"start":{"line":2,"column":21},"end":{"line":2,"column":47}},"2":{"start":{"line":4,"column":31},"end":{"line":27,"column":1}},"3":{"start":{"line":5,"column":2},"end":{"line":26,"column":3}},"4":{"start":{"line":6,"column":29},"end":{"line":6,"column":40}},"5":{"start":{"line":8,"column":4},"end":{"line":10,"column":5}},"6":{"start":{"line":9,"column":6},"end":{"line":9,"column":38}},"7":{"start":{"line":12,"column":22},"end":{"line":12,"column":47}},"8":{"start":{"line":14,"column":25},"end":{"line":14,"column":62}},"9":{"start":{"line":16,"column":4},"end":{"line":18,"column":5}},"10":{"start":{"line":17,"column":6},"end":{"line":17,"column":38}},"11":{"start":{"line":19,"column":4},"end":{"line":19,"column":47}},"12":{"start":{"line":20,"column":4},"end":{"line":20,"column":32}},"13":{"start":{"line":22,"column":4},"end":{"line":22,"column":11}},"14":{"start":{"line":24,"column":4},"end":{"line":24,"column":21}},"15":{"start":{"line":25,"column":4},"end":{"line":25,"column":14}},"16":{"start":{"line":29,"column":0},"end":{"line":29,"column":44}}},"fnMap":{"0":{"name":"(anonymous_0)","decl":{"start":{"line":4,"column":31},"end":{"line":4,"column":32}},"loc":{"start":{"line":4,"column":57},"end":{"line":27,"column":1}},"line":4}},"branchMap":{"0":{"loc":{"start":{"line":8,"column":4},"end":{"line":10,"column":5}},"type":"if","locations":[{"start":{"line":8,"column":4},"end":{"line":10,"column":5}},{"start":{},"end":{}}],"line":8},"1":{"loc":{"start":{"line":16,"column":4},"end":{"line":18,"column":5}},"type":"if","locations":[{"start":{"line":16,"column":4},"end":{"line":18,"column":5}},{"start":{},"end":{}}],"line":16}},"s":{"0":5,"1":5,"2":5,"3":1,"4":1,"5":1,"6":0,"7":1,"8":1,"9":1,"10":1,"11":0,"12":0,"13":0,"14":1,"15":1,"16":5},"f":{"0":1},"b":{"0":[0,1],"1":[1,0]},"_coverageSchema":"1a1c01bbd47fc00a2c39e90264f33305004495a9","hash":"bf190e250f99f881f09b0e004cc36c179405f2cb"}
,"C:\\Users\\Hamzah\\Documents\\Data_D\\Belajar Program\\Havktiv8\\Phase-3\\Week-3\\Final-Project-Backend\\Backend_BarberDelivery\\middleware\\errorHandler.js": {"path":"C:\\Users\\Hamzah\\Documents\\Data_D\\Belajar Program\\Havktiv8\\Phase-3\\Week-3\\Final-Project-Backend\\Backend_BarberDelivery\\middleware\\errorHandler.js","statementMap":{"0":{"start":{"line":2,"column":2},"end":{"line":34,"column":3}},"1":{"start":{"line":3,"column":4},"end":{"line":3,"column":59}},"2":{"start":{"line":4,"column":9},"end":{"line":34,"column":3}},"3":{"start":{"line":5,"column":4},"end":{"line":5,"column":56}},"4":{"start":{"line":6,"column":9},"end":{"line":34,"column":3}},"5":{"start":{"line":7,"column":4},"end":{"line":7,"column":59}},"6":{"start":{"line":8,"column":9},"end":{"line":34,"column":3}},"7":{"start":{"line":9,"column":20},"end":{"line":11,"column":6}},"8":{"start":{"line":10,"column":6},"end":{"line":10,"column":24}},"9":{"start":{"line":12,"column":4},"end":{"line":12,"column":49}},"10":{"start":{"line":13,"column":9},"end":{"line":34,"column":3}},"11":{"start":{"line":14,"column":4},"end":{"line":16,"column":7}},"12":{"start":{"line":17,"column":9},"end":{"line":34,"column":3}},"13":{"start":{"line":18,"column":27},"end":{"line":18,"column":48}},"14":{"start":{"line":19,"column":4},"end":{"line":21,"column":7}},"15":{"start":{"line":22,"column":9},"end":{"line":34,"column":3}},"16":{"start":{"line":23,"column":4},"end":{"line":25,"column":7}},"17":{"start":{"line":26,"column":9},"end":{"line":34,"column":3}},"18":{"start":{"line":27,"column":4},"end":{"line":27,"column":80}},"19":{"start":{"line":28,"column":9},"end":{"line":34,"column":3}},"20":{"start":{"line":29,"column":4},"end":{"line":29,"column":64}},"21":{"start":{"line":30,"column":9},"end":{"line":34,"column":3}},"22":{"start":{"line":31,"column":4},"end":{"line":31,"column":55}},"23":{"start":{"line":33,"column":4},"end":{"line":33,"column":100}},"24":{"start":{"line":37,"column":0},"end":{"line":37,"column":30}}},"fnMap":{"0":{"name":"errorHandler","decl":{"start":{"line":1,"column":9},"end":{"line":1,"column":21}},"loc":{"start":{"line":1,"column":43},"end":{"line":35,"column":1}},"line":1},"1":{"name":"(anonymous_1)","decl":{"start":{"line":9,"column":35},"end":{"line":9,"column":36}},"loc":{"start":{"line":9,"column":43},"end":{"line":11,"column":5}},"line":9}},"branchMap":{"0":{"loc":{"start":{"line":2,"column":2},"end":{"line":34,"column":3}},"type":"if","locations":[{"start":{"line":2,"column":2},"end":{"line":34,"column":3}},{"start":{"line":4,"column":9},"end":{"line":34,"column":3}}],"line":2},"1":{"loc":{"start":{"line":4,"column":9},"end":{"line":34,"column":3}},"type":"if","locations":[{"start":{"line":4,"column":9},"end":{"line":34,"column":3}},{"start":{"line":6,"column":9},"end":{"line":34,"column":3}}],"line":4},"2":{"loc":{"start":{"line":6,"column":9},"end":{"line":34,"column":3}},"type":"if","locations":[{"start":{"line":6,"column":9},"end":{"line":34,"column":3}},{"start":{"line":8,"column":9},"end":{"line":34,"column":3}}],"line":6},"3":{"loc":{"start":{"line":8,"column":9},"end":{"line":34,"column":3}},"type":"if","locations":[{"start":{"line":8,"column":9},"end":{"line":34,"column":3}},{"start":{"line":13,"column":9},"end":{"line":34,"column":3}}],"line":8},"4":{"loc":{"start":{"line":13,"column":9},"end":{"line":34,"column":3}},"type":"if","locations":[{"start":{"line":13,"column":9},"end":{"line":34,"column":3}},{"start":{"line":17,"column":9},"end":{"line":34,"column":3}}],"line":13},"5":{"loc":{"start":{"line":17,"column":9},"end":{"line":34,"column":3}},"type":"if","locations":[{"start":{"line":17,"column":9},"end":{"line":34,"column":3}},{"start":{"line":22,"column":9},"end":{"line":34,"column":3}}],"line":17},"6":{"loc":{"start":{"line":22,"column":9},"end":{"line":34,"column":3}},"type":"if","locations":[{"start":{"line":22,"column":9},"end":{"line":34,"column":3}},{"start":{"line":26,"column":9},"end":{"line":34,"column":3}}],"line":22},"7":{"loc":{"start":{"line":26,"column":9},"end":{"line":34,"column":3}},"type":"if","locations":[{"start":{"line":26,"column":9},"end":{"line":34,"column":3}},{"start":{"line":28,"column":9},"end":{"line":34,"column":3}}],"line":26},"8":{"loc":{"start":{"line":28,"column":9},"end":{"line":34,"column":3}},"type":"if","locations":[{"start":{"line":28,"column":9},"end":{"line":34,"column":3}},{"start":{"line":30,"column":9},"end":{"line":34,"column":3}}],"line":28},"9":{"loc":{"start":{"line":30,"column":9},"end":{"line":34,"column":3}},"type":"if","locations":[{"start":{"line":30,"column":9},"end":{"line":34,"column":3}},{"start":{"line":32,"column":9},"end":{"line":34,"column":3}}],"line":30},"10":{"loc":{"start":{"line":30,"column":13},"end":{"line":30,"column":77}},"type":"binary-expr","locations":[{"start":{"line":30,"column":13},"end":{"line":30,"column":41}},{"start":{"line":30,"column":45},"end":{"line":30,"column":77}}],"line":30}},"s":{"0":57,"1":2,"2":55,"3":3,"4":52,"5":4,"6":48,"7":8,"8":9,"9":8,"10":40,"11":15,"12":25,"13":2,"14":2,"15":23,"16":0,"17":23,"18":0,"19":23,"20":5,"21":18,"22":18,"23":0,"24":5},"f":{"0":57,"1":9},"b":{"0":[2,55],"1":[3,52],"2":[4,48],"3":[8,40],"4":[15,25],"5":[2,23],"6":[0,23],"7":[0,23],"8":[5,18],"9":[18,0],"10":[18,0]},"_coverageSchema":"1a1c01bbd47fc00a2c39e90264f33305004495a9","hash":"a486f919c717b1a9e840316bf01e6833be7a830e"}
,"C:\\Users\\Hamzah\\Documents\\Data_D\\Belajar Program\\Havktiv8\\Phase-3\\Week-3\\Final-Project-Backend\\Backend_BarberDelivery\\models\\admin.js": {"path":"C:\\Users\\Hamzah\\Documents\\Data_D\\Belajar Program\\Havktiv8\\Phase-3\\Week-3\\Final-Project-Backend\\Backend_BarberDelivery\\models\\admin.js","statementMap":{"0":{"start":{"line":2,"column":18},"end":{"line":2,"column":38}},"1":{"start":{"line":3,"column":0},"end":{"line":72,"column":2}},"2":{"start":{"line":14,"column":2},"end":{"line":70,"column":4}},"3":{"start":{"line":71,"column":2},"end":{"line":71,"column":15}}},"fnMap":{"0":{"name":"(anonymous_0)","decl":{"start":{"line":3,"column":17},"end":{"line":3,"column":18}},"loc":{"start":{"line":3,"column":43},"end":{"line":72,"column":1}},"line":3},"1":{"name":"(anonymous_1)","decl":{"start":{"line":10,"column":4},"end":{"line":10,"column":5}},"loc":{"start":{"line":10,"column":29},"end":{"line":12,"column":5}},"line":10}},"branchMap":{},"s":{"0":5,"1":5,"2":5,"3":5},"f":{"0":5,"1":5},"b":{},"_coverageSchema":"1a1c01bbd47fc00a2c39e90264f33305004495a9","hash":"3d70d33fa39ad35c6af3b747f3cb0a4ac9f8d7a6"}
,"C:\\Users\\Hamzah\\Documents\\Data_D\\Belajar Program\\Havktiv8\\Phase-3\\Week-3\\Final-Project-Backend\\Backend_BarberDelivery\\models\\barber.js": {"path":"C:\\Users\\Hamzah\\Documents\\Data_D\\Belajar Program\\Havktiv8\\Phase-3\\Week-3\\Final-Project-Backend\\Backend_BarberDelivery\\models\\barber.js","statementMap":{"0":{"start":{"line":2,"column":18},"end":{"line":2,"column":38}},"1":{"start":{"line":3,"column":17},"end":{"line":3,"column":45}},"2":{"start":{"line":4,"column":0},"end":{"line":79,"column":2}},"3":{"start":{"line":7,"column":6},"end":{"line":7,"column":100}},"4":{"start":{"line":8,"column":6},"end":{"line":8,"column":97}},"5":{"start":{"line":11,"column":2},"end":{"line":74,"column":4}},"6":{"start":{"line":75,"column":2},"end":{"line":77,"column":5}},"7":{"start":{"line":76,"column":4},"end":{"line":76,"column":44}},"8":{"start":{"line":78,"column":2},"end":{"line":78,"column":16}}},"fnMap":{"0":{"name":"(anonymous_0)","decl":{"start":{"line":4,"column":17},"end":{"line":4,"column":18}},"loc":{"start":{"line":4,"column":43},"end":{"line":79,"column":1}},"line":4},"1":{"name":"(anonymous_1)","decl":{"start":{"line":6,"column":4},"end":{"line":6,"column":5}},"loc":{"start":{"line":6,"column":29},"end":{"line":9,"column":5}},"line":6},"2":{"name":"(anonymous_2)","decl":{"start":{"line":75,"column":22},"end":{"line":75,"column":23}},"loc":{"start":{"line":75,"column":34},"end":{"line":77,"column":3}},"line":75}},"branchMap":{},"s":{"0":5,"1":5,"2":5,"3":5,"4":5,"5":5,"6":5,"7":1,"8":5},"f":{"0":5,"1":5,"2":1},"b":{},"_coverageSchema":"1a1c01bbd47fc00a2c39e90264f33305004495a9","hash":"de210341a028141d5d19ff27af8fbb6ce64938dc"}
,"C:\\Users\\Hamzah\\Documents\\Data_D\\Belajar Program\\Havktiv8\\Phase-3\\Week-3\\Final-Project-Backend\\Backend_BarberDelivery\\models\\customer.js": {"path":"C:\\Users\\Hamzah\\Documents\\Data_D\\Belajar Program\\Havktiv8\\Phase-3\\Week-3\\Final-Project-Backend\\Backend_BarberDelivery\\models\\customer.js","statementMap":{"0":{"start":{"line":2,"column":18},"end":{"line":2,"column":38}},"1":{"start":{"line":3,"column":17},"end":{"line":3,"column":45}},"2":{"start":{"line":4,"column":0},"end":{"line":74,"column":2}},"3":{"start":{"line":7,"column":6},"end":{"line":7,"column":102}},"4":{"start":{"line":10,"column":2},"end":{"line":69,"column":4}},"5":{"start":{"line":70,"column":2},"end":{"line":72,"column":5}},"6":{"start":{"line":71,"column":4},"end":{"line":71,"column":48}},"7":{"start":{"line":73,"column":2},"end":{"line":73,"column":18}}},"fnMap":{"0":{"name":"(anonymous_0)","decl":{"start":{"line":4,"column":17},"end":{"line":4,"column":18}},"loc":{"start":{"line":4,"column":43},"end":{"line":74,"column":1}},"line":4},"1":{"name":"(anonymous_1)","decl":{"start":{"line":6,"column":4},"end":{"line":6,"column":5}},"loc":{"start":{"line":6,"column":29},"end":{"line":8,"column":5}},"line":6},"2":{"name":"(anonymous_2)","decl":{"start":{"line":70,"column":24},"end":{"line":70,"column":25}},"loc":{"start":{"line":70,"column":38},"end":{"line":72,"column":3}},"line":70}},"branchMap":{},"s":{"0":5,"1":5,"2":5,"3":5,"4":5,"5":5,"6":3,"7":5},"f":{"0":5,"1":5,"2":3},"b":{},"_coverageSchema":"1a1c01bbd47fc00a2c39e90264f33305004495a9","hash":"2d0ad5b095e0ee01ed5ff54667d5fb58658d8ccc"}
,"C:\\Users\\Hamzah\\Documents\\Data_D\\Belajar Program\\Havktiv8\\Phase-3\\Week-3\\Final-Project-Backend\\Backend_BarberDelivery\\models\\index.js": {"path":"C:\\Users\\Hamzah\\Documents\\Data_D\\Belajar Program\\Havktiv8\\Phase-3\\Week-3\\Final-Project-Backend\\Backend_BarberDelivery\\models\\index.js","statementMap":{"0":{"start":{"line":3,"column":11},"end":{"line":3,"column":24}},"1":{"start":{"line":4,"column":13},"end":{"line":4,"column":28}},"2":{"start":{"line":5,"column":18},"end":{"line":5,"column":38}},"3":{"start":{"line":6,"column":16},"end":{"line":6,"column":34}},"4":{"start":{"line":7,"column":17},"end":{"line":7,"column":42}},"5":{"start":{"line":8,"column":12},"end":{"line":8,"column":49}},"6":{"start":{"line":9,"column":15},"end":{"line":9,"column":65}},"7":{"start":{"line":10,"column":11},"end":{"line":10,"column":13}},"8":{"start":{"line":13,"column":0},"end":{"line":17,"column":1}},"9":{"start":{"line":14,"column":2},"end":{"line":14,"column":74}},"10":{"start":{"line":16,"column":2},"end":{"line":16,"column":87}},"11":{"start":{"line":19,"column":0},"end":{"line":32,"column":5}},"12":{"start":{"line":22,"column":4},"end":{"line":27,"column":6}},"13":{"start":{"line":30,"column":18},"end":{"line":30,"column":85}},"14":{"start":{"line":31,"column":4},"end":{"line":31,"column":27}},"15":{"start":{"line":34,"column":0},"end":{"line":38,"column":3}},"16":{"start":{"line":35,"column":2},"end":{"line":37,"column":3}},"17":{"start":{"line":36,"column":4},"end":{"line":36,"column":32}},"18":{"start":{"line":40,"column":0},"end":{"line":40,"column":25}},"19":{"start":{"line":41,"column":0},"end":{"line":41,"column":25}},"20":{"start":{"line":43,"column":0},"end":{"line":43,"column":20}}},"fnMap":{"0":{"name":"(anonymous_0)","decl":{"start":{"line":21,"column":10},"end":{"line":21,"column":11}},"loc":{"start":{"line":21,"column":18},"end":{"line":28,"column":3}},"line":21},"1":{"name":"(anonymous_1)","decl":{"start":{"line":29,"column":11},"end":{"line":29,"column":12}},"loc":{"start":{"line":29,"column":19},"end":{"line":32,"column":3}},"line":29},"2":{"name":"(anonymous_2)","decl":{"start":{"line":34,"column":24},"end":{"line":34,"column":25}},"loc":{"start":{"line":34,"column":37},"end":{"line":38,"column":1}},"line":34}},"branchMap":{"0":{"loc":{"start":{"line":8,"column":12},"end":{"line":8,"column":49}},"type":"binary-expr","locations":[{"start":{"line":8,"column":12},"end":{"line":8,"column":32}},{"start":{"line":8,"column":36},"end":{"line":8,"column":49}}],"line":8},"1":{"loc":{"start":{"line":13,"column":0},"end":{"line":17,"column":1}},"type":"if","locations":[{"start":{"line":13,"column":0},"end":{"line":17,"column":1}},{"start":{"line":15,"column":7},"end":{"line":17,"column":1}}],"line":13},"2":{"loc":{"start":{"line":23,"column":6},"end":{"line":26,"column":37}},"type":"binary-expr","locations":[{"start":{"line":23,"column":6},"end":{"line":23,"column":29}},{"start":{"line":24,"column":6},"end":{"line":24,"column":23}},{"start":{"line":25,"column":6},"end":{"line":25,"column":30}},{"start":{"line":26,"column":6},"end":{"line":26,"column":37}}],"line":23},"3":{"loc":{"start":{"line":35,"column":2},"end":{"line":37,"column":3}},"type":"if","locations":[{"start":{"line":35,"column":2},"end":{"line":37,"column":3}},{"start":{},"end":{}}],"line":35}},"s":{"0":5,"1":5,"2":5,"3":5,"4":5,"5":5,"6":5,"7":5,"8":5,"9":0,"10":5,"11":5,"12":40,"13":35,"14":35,"15":5,"16":35,"17":35,"18":5,"19":5,"20":5},"f":{"0":40,"1":35,"2":35},"b":{"0":[5,0],"1":[0,5],"2":[40,40,35,35],"3":[35,0]},"_coverageSchema":"1a1c01bbd47fc00a2c39e90264f33305004495a9","hash":"5be2722cd7910918aa49214e32ffabc708542315"}
,"C:\\Users\\Hamzah\\Documents\\Data_D\\Belajar Program\\Havktiv8\\Phase-3\\Week-3\\Final-Project-Backend\\Backend_BarberDelivery\\models\\schedule.js": {"path":"C:\\Users\\Hamzah\\Documents\\Data_D\\Belajar Program\\Havktiv8\\Phase-3\\Week-3\\Final-Project-Backend\\Backend_BarberDelivery\\models\\schedule.js","statementMap":{"0":{"start":{"line":2,"column":18},"end":{"line":2,"column":38}},"1":{"start":{"line":3,"column":0},"end":{"line":33,"column":2}},"2":{"start":{"line":12,"column":6},"end":{"line":12,"column":86}},"3":{"start":{"line":15,"column":2},"end":{"line":31,"column":4}},"4":{"start":{"line":32,"column":2},"end":{"line":32,"column":18}}},"fnMap":{"0":{"name":"(anonymous_0)","decl":{"start":{"line":3,"column":17},"end":{"line":3,"column":18}},"loc":{"start":{"line":3,"column":43},"end":{"line":33,"column":1}},"line":3},"1":{"name":"(anonymous_1)","decl":{"start":{"line":10,"column":4},"end":{"line":10,"column":5}},"loc":{"start":{"line":10,"column":29},"end":{"line":13,"column":5}},"line":10}},"branchMap":{},"s":{"0":5,"1":5,"2":5,"3":5,"4":5},"f":{"0":5,"1":5},"b":{},"_coverageSchema":"1a1c01bbd47fc00a2c39e90264f33305004495a9","hash":"05c6b29bc95d24423207ce9c1a25b365356e40e4"}
,"C:\\Users\\Hamzah\\Documents\\Data_D\\Belajar Program\\Havktiv8\\Phase-3\\Week-3\\Final-Project-Backend\\Backend_BarberDelivery\\models\\service.js": {"path":"C:\\Users\\Hamzah\\Documents\\Data_D\\Belajar Program\\Havktiv8\\Phase-3\\Week-3\\Final-Project-Backend\\Backend_BarberDelivery\\models\\service.js","statementMap":{"0":{"start":{"line":2,"column":18},"end":{"line":2,"column":38}},"1":{"start":{"line":3,"column":0},"end":{"line":45,"column":2}},"2":{"start":{"line":6,"column":6},"end":{"line":6,"column":50}},"3":{"start":{"line":9,"column":2},"end":{"line":43,"column":4}},"4":{"start":{"line":44,"column":2},"end":{"line":44,"column":17}}},"fnMap":{"0":{"name":"(anonymous_0)","decl":{"start":{"line":3,"column":17},"end":{"line":3,"column":18}},"loc":{"start":{"line":3,"column":43},"end":{"line":45,"column":1}},"line":3},"1":{"name":"(anonymous_1)","decl":{"start":{"line":5,"column":4},"end":{"line":5,"column":5}},"loc":{"start":{"line":5,"column":29},"end":{"line":7,"column":5}},"line":5}},"branchMap":{},"s":{"0":5,"1":5,"2":5,"3":5,"4":5},"f":{"0":5,"1":5},"b":{},"_coverageSchema":"1a1c01bbd47fc00a2c39e90264f33305004495a9","hash":"71441089fdae31c5c898486b4e09186625c099ca"}
,"C:\\Users\\Hamzah\\Documents\\Data_D\\Belajar Program\\Havktiv8\\Phase-3\\Week-3\\Final-Project-Backend\\Backend_BarberDelivery\\models\\servicestransaction.js": {"path":"C:\\Users\\Hamzah\\Documents\\Data_D\\Belajar Program\\Havktiv8\\Phase-3\\Week-3\\Final-Project-Backend\\Backend_BarberDelivery\\models\\servicestransaction.js","statementMap":{"0":{"start":{"line":2,"column":18},"end":{"line":2,"column":38}},"1":{"start":{"line":3,"column":0},"end":{"line":27,"column":2}},"2":{"start":{"line":12,"column":6},"end":{"line":12,"column":102}},"3":{"start":{"line":13,"column":6},"end":{"line":13,"column":98}},"4":{"start":{"line":16,"column":2},"end":{"line":25,"column":4}},"5":{"start":{"line":26,"column":2},"end":{"line":26,"column":29}}},"fnMap":{"0":{"name":"(anonymous_0)","decl":{"start":{"line":3,"column":17},"end":{"line":3,"column":18}},"loc":{"start":{"line":3,"column":43},"end":{"line":27,"column":1}},"line":3},"1":{"name":"(anonymous_1)","decl":{"start":{"line":10,"column":4},"end":{"line":10,"column":5}},"loc":{"start":{"line":10,"column":29},"end":{"line":14,"column":5}},"line":10}},"branchMap":{},"s":{"0":5,"1":5,"2":5,"3":5,"4":5,"5":5},"f":{"0":5,"1":5},"b":{},"_coverageSchema":"1a1c01bbd47fc00a2c39e90264f33305004495a9","hash":"6b0be472cd69f26c98528c2ddf91f3e11ba3083c"}
,"C:\\Users\\Hamzah\\Documents\\Data_D\\Belajar Program\\Havktiv8\\Phase-3\\Week-3\\Final-Project-Backend\\Backend_BarberDelivery\\models\\transaction.js": {"path":"C:\\Users\\Hamzah\\Documents\\Data_D\\Belajar Program\\Havktiv8\\Phase-3\\Week-3\\Final-Project-Backend\\Backend_BarberDelivery\\models\\transaction.js","statementMap":{"0":{"start":{"line":2,"column":18},"end":{"line":2,"column":38}},"1":{"start":{"line":3,"column":0},"end":{"line":31,"column":2}},"2":{"start":{"line":6,"column":6},"end":{"line":6,"column":91}},"3":{"start":{"line":7,"column":6},"end":{"line":7,"column":89}},"4":{"start":{"line":8,"column":6},"end":{"line":8,"column":113}},"5":{"start":{"line":11,"column":2},"end":{"line":29,"column":4}},"6":{"start":{"line":30,"column":2},"end":{"line":30,"column":21}}},"fnMap":{"0":{"name":"(anonymous_0)","decl":{"start":{"line":3,"column":17},"end":{"line":3,"column":18}},"loc":{"start":{"line":3,"column":43},"end":{"line":31,"column":1}},"line":3},"1":{"name":"(anonymous_1)","decl":{"start":{"line":5,"column":4},"end":{"line":5,"column":5}},"loc":{"start":{"line":5,"column":29},"end":{"line":9,"column":5}},"line":5}},"branchMap":{},"s":{"0":5,"1":5,"2":5,"3":5,"4":5,"5":5,"6":5},"f":{"0":5,"1":5},"b":{},"_coverageSchema":"1a1c01bbd47fc00a2c39e90264f33305004495a9","hash":"23cbd435766de2f0ccb40c0c3612e266d4a44768"}
,"C:\\Users\\Hamzah\\Documents\\Data_D\\Belajar Program\\Havktiv8\\Phase-3\\Week-3\\Final-Project-Backend\\Backend_BarberDelivery\\modelsMongo\\adminModel.js": {"path":"C:\\Users\\Hamzah\\Documents\\Data_D\\Belajar Program\\Havktiv8\\Phase-3\\Week-3\\Final-Project-Backend\\Backend_BarberDelivery\\modelsMongo\\adminModel.js","statementMap":{"0":{"start":{"line":1,"column":21},"end":{"line":1,"column":39}},"1":{"start":{"line":2,"column":24},"end":{"line":2,"column":67}},"2":{"start":{"line":6,"column":15},"end":{"line":6,"column":28}},"3":{"start":{"line":7,"column":19},"end":{"line":7,"column":42}},"4":{"start":{"line":8,"column":4},"end":{"line":8,"column":18}},"5":{"start":{"line":12,"column":4},"end":{"line":30,"column":5}},"6":{"start":{"line":13,"column":6},"end":{"line":15,"column":7}},"7":{"start":{"line":14,"column":8},"end":{"line":14,"column":89}},"8":{"start":{"line":16,"column":6},"end":{"line":18,"column":7}},"9":{"start":{"line":17,"column":8},"end":{"line":17,"column":83}},"10":{"start":{"line":19,"column":6},"end":{"line":21,"column":7}},"11":{"start":{"line":20,"column":8},"end":{"line":20,"column":89}},"12":{"start":{"line":23,"column":6},"end":{"line":27,"column":9}},"13":{"start":{"line":29,"column":6},"end":{"line":29,"column":16}},"14":{"start":{"line":34,"column":4},"end":{"line":37,"column":7}},"15":{"start":{"line":41,"column":4},"end":{"line":43,"column":7}},"16":{"start":{"line":47,"column":0},"end":{"line":47,"column":23}}},"fnMap":{"0":{"name":"(anonymous_0)","decl":{"start":{"line":5,"column":2},"end":{"line":5,"column":3}},"loc":{"start":{"line":5,"column":26},"end":{"line":9,"column":3}},"line":5},"1":{"name":"(anonymous_1)","decl":{"start":{"line":11,"column":2},"end":{"line":11,"column":3}},"loc":{"start":{"line":11,"column":31},"end":{"line":31,"column":3}},"line":11},"2":{"name":"(anonymous_2)","decl":{"start":{"line":33,"column":2},"end":{"line":33,"column":3}},"loc":{"start":{"line":33,"column":51},"end":{"line":38,"column":3}},"line":33},"3":{"name":"(anonymous_3)","decl":{"start":{"line":40,"column":2},"end":{"line":40,"column":3}},"loc":{"start":{"line":40,"column":38},"end":{"line":44,"column":3}},"line":40}},"branchMap":{"0":{"loc":{"start":{"line":13,"column":6},"end":{"line":15,"column":7}},"type":"if","locations":[{"start":{"line":13,"column":6},"end":{"line":15,"column":7}},{"start":{},"end":{}}],"line":13},"1":{"loc":{"start":{"line":16,"column":6},"end":{"line":18,"column":7}},"type":"if","locations":[{"start":{"line":16,"column":6},"end":{"line":18,"column":7}},{"start":{},"end":{}}],"line":16},"2":{"loc":{"start":{"line":19,"column":6},"end":{"line":21,"column":7}},"type":"if","locations":[{"start":{"line":19,"column":6},"end":{"line":21,"column":7}},{"start":{},"end":{}}],"line":19}},"s":{"0":5,"1":5,"2":23,"3":23,"4":23,"5":1,"6":1,"7":0,"8":1,"9":0,"10":1,"11":0,"12":1,"13":0,"14":3,"15":19,"16":5},"f":{"0":23,"1":1,"2":3,"3":19},"b":{"0":[0,1],"1":[0,1],"2":[0,1]},"_coverageSchema":"1a1c01bbd47fc00a2c39e90264f33305004495a9","hash":"a8973382e8eb774d39e4b5802ca28edd89919191"}
,"C:\\Users\\Hamzah\\Documents\\Data_D\\Belajar Program\\Havktiv8\\Phase-3\\Week-3\\Final-Project-Backend\\Backend_BarberDelivery\\modelsMongo\\catalogModel.js": {"path":"C:\\Users\\Hamzah\\Documents\\Data_D\\Belajar Program\\Havktiv8\\Phase-3\\Week-3\\Final-Project-Backend\\Backend_BarberDelivery\\modelsMongo\\catalogModel.js","statementMap":{"0":{"start":{"line":1,"column":21},"end":{"line":1,"column":39}},"1":{"start":{"line":2,"column":24},"end":{"line":2,"column":67}},"2":{"start":{"line":6,"column":15},"end":{"line":6,"column":28}},"3":{"start":{"line":7,"column":23},"end":{"line":7,"column":50}},"4":{"start":{"line":8,"column":4},"end":{"line":8,"column":22}},"5":{"start":{"line":12,"column":4},"end":{"line":12,"column":50}},"6":{"start":{"line":16,"column":4},"end":{"line":26,"column":5}},"7":{"start":{"line":17,"column":6},"end":{"line":19,"column":7}},"8":{"start":{"line":18,"column":8},"end":{"line":18,"column":70}},"9":{"start":{"line":21,"column":6},"end":{"line":23,"column":9}},"10":{"start":{"line":25,"column":6},"end":{"line":25,"column":16}},"11":{"start":{"line":30,"column":4},"end":{"line":32,"column":7}},"12":{"start":{"line":36,"column":4},"end":{"line":38,"column":7}},"13":{"start":{"line":42,"column":0},"end":{"line":42,"column":27}}},"fnMap":{"0":{"name":"(anonymous_0)","decl":{"start":{"line":5,"column":2},"end":{"line":5,"column":3}},"loc":{"start":{"line":5,"column":26},"end":{"line":9,"column":3}},"line":5},"1":{"name":"(anonymous_1)","decl":{"start":{"line":11,"column":2},"end":{"line":11,"column":3}},"loc":{"start":{"line":11,"column":33},"end":{"line":13,"column":3}},"line":11},"2":{"name":"(anonymous_2)","decl":{"start":{"line":15,"column":2},"end":{"line":15,"column":3}},"loc":{"start":{"line":15,"column":39},"end":{"line":27,"column":3}},"line":15},"3":{"name":"(anonymous_3)","decl":{"start":{"line":29,"column":2},"end":{"line":29,"column":3}},"loc":{"start":{"line":29,"column":42},"end":{"line":33,"column":3}},"line":29},"4":{"name":"(anonymous_4)","decl":{"start":{"line":35,"column":2},"end":{"line":35,"column":3}},"loc":{"start":{"line":35,"column":45},"end":{"line":39,"column":3}},"line":35}},"branchMap":{"0":{"loc":{"start":{"line":17,"column":6},"end":{"line":19,"column":7}},"type":"if","locations":[{"start":{"line":17,"column":6},"end":{"line":19,"column":7}},{"start":{},"end":{}}],"line":17}},"s":{"0":5,"1":5,"2":5,"3":5,"4":5,"5":1,"6":1,"7":1,"8":0,"9":1,"10":0,"11":2,"12":1,"13":5},"f":{"0":5,"1":1,"2":1,"3":2,"4":1},"b":{"0":[0,1]},"_coverageSchema":"1a1c01bbd47fc00a2c39e90264f33305004495a9","hash":"73e61d83325faa8c2cd0a39f641f2564e9d104d2"}
,"C:\\Users\\Hamzah\\Documents\\Data_D\\Belajar Program\\Havktiv8\\Phase-3\\Week-3\\Final-Project-Backend\\Backend_BarberDelivery\\routes\\barberRoutes.js": {"path":"C:\\Users\\Hamzah\\Documents\\Data_D\\Belajar Program\\Havktiv8\\Phase-3\\Week-3\\Final-Project-Backend\\Backend_BarberDelivery\\routes\\barberRoutes.js","statementMap":{"0":{"start":{"line":1,"column":16},"end":{"line":1,"column":34}},"1":{"start":{"line":2,"column":29},"end":{"line":2,"column":75}},"2":{"start":{"line":3,"column":33},"end":{"line":3,"column":68}},"3":{"start":{"line":4,"column":15},"end":{"line":4,"column":24}},"4":{"start":{"line":6,"column":0},"end":{"line":6,"column":50}},"5":{"start":{"line":8,"column":0},"end":{"line":8,"column":33}},"6":{"start":{"line":9,"column":0},"end":{"line":9,"column":67}},"7":{"start":{"line":10,"column":0},"end":{"line":10,"column":58}},"8":{"start":{"line":11,"column":0},"end":{"line":11,"column":83}},"9":{"start":{"line":12,"column":0},"end":{"line":12,"column":74}},"10":{"start":{"line":13,"column":0},"end":{"line":13,"column":89}},"11":{"start":{"line":14,"column":0},"end":{"line":14,"column":74}},"12":{"start":{"line":16,"column":0},"end":{"line":16,"column":24}}},"fnMap":{},"branchMap":{},"s":{"0":5,"1":5,"2":5,"3":5,"4":5,"5":5,"6":5,"7":5,"8":5,"9":5,"10":5,"11":5,"12":5},"f":{},"b":{},"_coverageSchema":"1a1c01bbd47fc00a2c39e90264f33305004495a9","hash":"7b372918eeb66592b67c200c9543d0d97c23bd74"}
,"C:\\Users\\Hamzah\\Documents\\Data_D\\Belajar Program\\Havktiv8\\Phase-3\\Week-3\\Final-Project-Backend\\Backend_BarberDelivery\\routes\\cmsRoutes.js": {"path":"C:\\Users\\Hamzah\\Documents\\Data_D\\Belajar Program\\Havktiv8\\Phase-3\\Week-3\\Final-Project-Backend\\Backend_BarberDelivery\\routes\\cmsRoutes.js","statementMap":{"0":{"start":{"line":1,"column":16},"end":{"line":1,"column":34}},"1":{"start":{"line":2,"column":22},"end":{"line":2,"column":65}},"2":{"start":{"line":3,"column":30},"end":{"line":3,"column":62}},"3":{"start":{"line":4,"column":15},"end":{"line":4,"column":24}},"4":{"start":{"line":6,"column":0},"end":{"line":6,"column":49}},"5":{"start":{"line":7,"column":0},"end":{"line":7,"column":43}},"6":{"start":{"line":8,"column":0},"end":{"line":8,"column":30}},"7":{"start":{"line":9,"column":0},"end":{"line":9,"column":54}},"8":{"start":{"line":10,"column":0},"end":{"line":10,"column":69}},"9":{"start":{"line":11,"column":0},"end":{"line":11,"column":86}},"10":{"start":{"line":13,"column":0},"end":{"line":13,"column":50}},"11":{"start":{"line":14,"column":0},"end":{"line":14,"column":49}},"12":{"start":{"line":15,"column":0},"end":{"line":15,"column":59}},"13":{"start":{"line":16,"column":0},"end":{"line":16,"column":58}},"14":{"start":{"line":17,"column":0},"end":{"line":17,"column":63}},"15":{"start":{"line":19,"column":0},"end":{"line":19,"column":56}},"16":{"start":{"line":20,"column":0},"end":{"line":20,"column":54}},"17":{"start":{"line":21,"column":0},"end":{"line":21,"column":76}},"18":{"start":{"line":23,"column":0},"end":{"line":23,"column":24}}},"fnMap":{},"branchMap":{},"s":{"0":5,"1":5,"2":5,"3":5,"4":5,"5":5,"6":5,"7":5,"8":5,"9":5,"10":5,"11":5,"12":5,"13":5,"14":5,"15":5,"16":5,"17":5,"18":5},"f":{},"b":{},"_coverageSchema":"1a1c01bbd47fc00a2c39e90264f33305004495a9","hash":"e7ea2daaf51d13827bf25f395222f55bbe7fefa8"}
,"C:\\Users\\Hamzah\\Documents\\Data_D\\Belajar Program\\Havktiv8\\Phase-3\\Week-3\\Final-Project-Backend\\Backend_BarberDelivery\\routes\\customerRoutes.js": {"path":"C:\\Users\\Hamzah\\Documents\\Data_D\\Belajar Program\\Havktiv8\\Phase-3\\Week-3\\Final-Project-Backend\\Backend_BarberDelivery\\routes\\customerRoutes.js","statementMap":{"0":{"start":{"line":1,"column":16},"end":{"line":1,"column":34}},"1":{"start":{"line":2,"column":31},"end":{"line":2,"column":79}},"2":{"start":{"line":3,"column":34},"end":{"line":3,"column":85}},"3":{"start":{"line":4,"column":35},"end":{"line":4,"column":73}},"4":{"start":{"line":5,"column":15},"end":{"line":5,"column":24}},"5":{"start":{"line":6,"column":15},"end":{"line":6,"column":32}},"6":{"start":{"line":7,"column":15},"end":{"line":7,"column":52}},"7":{"start":{"line":9,"column":0},"end":{"line":9,"column":61}},"8":{"start":{"line":10,"column":0},"end":{"line":10,"column":55}},"9":{"start":{"line":12,"column":0},"end":{"line":12,"column":35}},"10":{"start":{"line":13,"column":0},"end":{"line":13,"column":62}},"11":{"start":{"line":14,"column":0},"end":{"line":14,"column":89}},"12":{"start":{"line":15,"column":0},"end":{"line":15,"column":68}},"13":{"start":{"line":16,"column":0},"end":{"line":16,"column":65}},"14":{"start":{"line":17,"column":0},"end":{"line":17,"column":76}},"15":{"start":{"line":18,"column":0},"end":{"line":18,"column":75}},"16":{"start":{"line":19,"column":0},"end":{"line":19,"column":74}},"17":{"start":{"line":20,"column":0},"end":{"line":20,"column":91}},"18":{"start":{"line":21,"column":0},"end":{"line":21,"column":70}},"19":{"start":{"line":22,"column":0},"end":{"line":22,"column":57}},"20":{"start":{"line":23,"column":0},"end":{"line":23,"column":69}},"21":{"start":{"line":24,"column":0},"end":{"line":24,"column":65}},"22":{"start":{"line":27,"column":0},"end":{"line":27,"column":24}}},"fnMap":{},"branchMap":{},"s":{"0":5,"1":5,"2":5,"3":5,"4":5,"5":5,"6":5,"7":5,"8":5,"9":5,"10":5,"11":5,"12":5,"13":5,"14":5,"15":5,"16":5,"17":5,"18":5,"19":5,"20":5,"21":5,"22":5},"f":{},"b":{},"_coverageSchema":"1a1c01bbd47fc00a2c39e90264f33305004495a9","hash":"ec8b7856d3848e89dc150ab6d28ed1737c2f0e4d"}
,"C:\\Users\\Hamzah\\Documents\\Data_D\\Belajar Program\\Havktiv8\\Phase-3\\Week-3\\Final-Project-Backend\\Backend_BarberDelivery\\routes\\index.js": {"path":"C:\\Users\\Hamzah\\Documents\\Data_D\\Belajar Program\\Havktiv8\\Phase-3\\Week-3\\Final-Project-Backend\\Backend_BarberDelivery\\routes\\index.js","statementMap":{"0":{"start":{"line":1,"column":16},"end":{"line":1,"column":34}},"1":{"start":{"line":2,"column":15},"end":{"line":2,"column":24}},"2":{"start":{"line":5,"column":23},"end":{"line":5,"column":50}},"3":{"start":{"line":6,"column":21},"end":{"line":6,"column":46}},"4":{"start":{"line":7,"column":20},"end":{"line":7,"column":42}},"5":{"start":{"line":8,"column":0},"end":{"line":8,"column":40}},"6":{"start":{"line":9,"column":0},"end":{"line":9,"column":36}},"7":{"start":{"line":10,"column":0},"end":{"line":10,"column":34}},"8":{"start":{"line":12,"column":0},"end":{"line":12,"column":24}}},"fnMap":{},"branchMap":{},"s":{"0":5,"1":5,"2":5,"3":5,"4":5,"5":5,"6":5,"7":5,"8":5},"f":{},"b":{},"_coverageSchema":"1a1c01bbd47fc00a2c39e90264f33305004495a9","hash":"7dcc502f54f95090ec0ee87831dc8f5c8ee13c84"}
}
