TN:
SF:app.js
FN:22,(anonymous_0)
FNF:1
FNH:1
FNDA:5,(anonymous_0)
DA:1,5
DA:2,5
DA:5,5
DA:6,5
DA:7,5
DA:8,5
DA:9,5
DA:10,5
DA:11,5
DA:13,5
DA:15,5
DA:17,5
DA:19,5
DA:20,5
DA:22,5
DA:23,5
DA:24,5
DA:27,0
DA:31,5
LF:19
LH:18
BRDA:1,0,0,5
BRDA:1,0,1,0
BRDA:10,1,0,5
BRDA:10,1,1,5
BRF:4
BRH:3
end_of_record
TN:
SF:configMongodb\mongoConnection.js
FN:8,(anonymous_0)
FN:22,(anonymous_1)
FNF:2
FNH:2
FNDA:5,(anonymous_0)
FNDA:29,(anonymous_1)
DA:1,5
DA:4,5
DA:6,5
DA:8,5
DA:9,5
DA:11,5
DA:12,5
DA:14,5
DA:16,5
DA:18,0
DA:22,29
DA:24,5
LF:12
LH:11
BRF:0
BRH:0
end_of_record
TN:
SF:controllers\barberMainController.js
FN:6,(anonymous_0)
FN:52,(anonymous_1)
FN:74,(anonymous_2)
FN:97,(anonymous_3)
FN:112,(anonymous_4)
FN:141,(anonymous_5)
FN:176,(anonymous_6)
FN:187,(anonymous_7)
FNF:8
FNH:7
FNDA:5,(anonymous_0)
FNDA:0,(anonymous_1)
FNDA:1,(anonymous_2)
FNDA:1,(anonymous_3)
FNDA:3,(anonymous_4)
FNDA:1,(anonymous_5)
FNDA:1,(anonymous_6)
FNDA:2,(anonymous_7)
DA:1,5
DA:2,5
DA:3,5
DA:7,5
DA:8,5
DA:11,5
DA:12,1
DA:15,4
DA:16,1
DA:19,3
DA:25,3
DA:26,1
DA:29,2
DA:30,2
DA:31,1
DA:35,1
DA:39,1
DA:41,1
DA:47,4
DA:48,4
DA:53,0
DA:54,0
DA:60,0
DA:61,0
DA:66,0
DA:68,0
DA:69,0
DA:75,1
DA:76,1
DA:78,1
DA:89,1
DA:92,0
DA:98,1
DA:99,1
DA:106,1
DA:108,0
DA:113,3
DA:114,3
DA:116,3
DA:131,3
DA:132,2
DA:135,1
DA:137,2
DA:142,1
DA:143,1
DA:144,1
DA:146,1
DA:152,1
DA:153,0
DA:156,1
DA:168,1
DA:170,0
DA:177,1
DA:178,1
DA:181,1
DA:183,0
DA:188,2
DA:189,2
DA:190,2
DA:191,2
DA:198,2
DA:199,1
DA:202,1
DA:214,1
DA:216,1
DA:217,1
DA:222,5
LF:67
LH:55
BRDA:11,0,0,1
BRDA:11,0,1,4
BRDA:15,1,0,1
BRDA:15,1,1,3
BRDA:25,2,0,1
BRDA:25,2,1,2
BRDA:30,3,0,1
BRDA:30,3,1,1
BRDA:60,4,0,0
BRDA:60,4,1,0
BRDA:131,5,0,2
BRDA:131,5,1,1
BRDA:152,6,0,0
BRDA:152,6,1,1
BRDA:198,7,0,1
BRDA:198,7,1,1
BRF:16
BRH:13
end_of_record
TN:
SF:controllers\cmsMainController.js
FN:8,(anonymous_0)
FN:47,(anonymous_1)
FN:83,(anonymous_2)
FN:94,(anonymous_3)
FN:124,(anonymous_4)
FN:153,(anonymous_5)
FN:175,(anonymous_6)
FN:186,(anonymous_7)
FN:206,(anonymous_8)
FN:235,(anonymous_9)
FN:264,(anonymous_10)
FN:276,(anonymous_11)
FN:297,(anonymous_12)
FNF:13
FNH:13
FNDA:5,(anonymous_0)
FNDA:3,(anonymous_1)
FNDA:1,(anonymous_2)
FNDA:2,(anonymous_3)
FNDA:2,(anonymous_4)
FNDA:4,(anonymous_5)
FNDA:1,(anonymous_6)
FNDA:2,(anonymous_7)
FNDA:1,(anonymous_8)
FNDA:2,(anonymous_9)
FNDA:1,(anonymous_10)
FNDA:1,(anonymous_11)
FNDA:2,(anonymous_12)
DA:1,5
DA:2,5
DA:3,5
DA:4,5
DA:5,5
DA:6,5
DA:10,5
DA:11,5
DA:13,5
DA:14,1
DA:17,4
DA:18,1
DA:21,3
DA:22,2
DA:25,1
DA:26,1
DA:28,1
DA:34,1
DA:41,4
DA:43,4
DA:48,3
DA:49,3
DA:50,3
DA:52,3
DA:53,3
DA:54,1
DA:57,2
DA:58,1
DA:61,1
DA:62,1
DA:63,0
DA:66,1
DA:70,1
DA:72,1
DA:78,2
DA:79,2
DA:84,1
DA:85,1
DA:87,1
DA:89,0
DA:90,0
DA:95,2
DA:96,2
DA:97,2
DA:102,2
DA:104,2
DA:105,1
DA:107,1
DA:117,1
DA:119,1
DA:120,1
DA:125,2
DA:126,2
DA:128,2
DA:133,2
DA:135,2
DA:136,1
DA:141,1
DA:145,1
DA:148,1
DA:149,1
DA:154,4
DA:155,4
DA:156,4
DA:168,1
DA:170,3
DA:171,3
DA:176,1
DA:177,1
DA:179,1
DA:181,0
DA:182,0
DA:187,2
DA:188,2
DA:189,2
DA:195,2
DA:196,1
DA:198,1
DA:201,1
DA:202,1
DA:207,1
DA:208,1
DA:209,1
DA:210,1
DA:228,1
DA:230,0
DA:231,0
DA:236,2
DA:237,2
DA:239,2
DA:244,2
DA:246,2
DA:247,1
DA:252,1
DA:256,1
DA:259,1
DA:260,1
DA:265,1
DA:266,1
DA:267,1
DA:269,1
DA:271,0
DA:272,0
DA:277,1
DA:278,1
DA:279,1
DA:283,1
DA:288,0
DA:289,0
DA:290,0
DA:292,0
DA:298,2
DA:299,2
DA:301,2
DA:303,2
DA:304,1
DA:307,1
DA:309,1
DA:311,1
DA:312,1
DA:317,5
LF:121
LH:108
BRDA:13,0,0,1
BRDA:13,0,1,4
BRDA:17,1,0,1
BRDA:17,1,1,3
BRDA:21,2,0,2
BRDA:21,2,1,1
BRDA:53,3,0,1
BRDA:53,3,1,2
BRDA:57,4,0,1
BRDA:57,4,1,1
BRDA:62,5,0,0
BRDA:62,5,1,1
BRDA:104,6,0,1
BRDA:104,6,1,1
BRDA:135,7,0,1
BRDA:135,7,1,1
BRDA:195,8,0,1
BRDA:195,8,1,1
BRDA:246,9,0,1
BRDA:246,9,1,1
BRDA:289,10,0,0
BRDA:289,10,1,0
BRDA:303,11,0,1
BRDA:303,11,1,1
BRF:24
BRH:21
end_of_record
TN:
SF:controllers\customerMainController.js
FN:17,(anonymous_0)
FN:33,(anonymous_1)
FN:47,(anonymous_2)
FN:69,(anonymous_3)
FN:81,(anonymous_4)
FN:100,(anonymous_5)
FN:120,getDistances
FN:121,(anonymous_7)
FN:122,(anonymous_8)
FN:133,main
FN:148,(anonymous_10)
FN:152,(anonymous_11)
FN:172,(anonymous_12)
FN:176,(anonymous_13)
FN:230,(anonymous_14)
FN:249,(anonymous_15)
FN:272,(anonymous_16)
FN:340,(anonymous_17)
FN:391,(anonymous_18)
FN:401,(anonymous_19)
FN:403,(anonymous_20)
FN:429,(anonymous_21)
FN:445,(anonymous_22)
FN:479,(anonymous_23)
FN:543,(anonymous_24)
FNF:25
FNH:23
FNDA:1,(anonymous_0)
FNDA:1,(anonymous_1)
FNDA:2,(anonymous_2)
FNDA:1,(anonymous_3)
FNDA:3,(anonymous_4)
FNDA:4,(anonymous_5)
FNDA:3,getDistances
FNDA:3,(anonymous_7)
FNDA:3,(anonymous_8)
FNDA:3,main
FNDA:4,(anonymous_10)
FNDA:4,(anonymous_11)
FNDA:4,(anonymous_12)
FNDA:4,(anonymous_13)
FNDA:1,(anonymous_14)
FNDA:2,(anonymous_15)
FNDA:2,(anonymous_16)
FNDA:3,(anonymous_17)
FNDA:1,(anonymous_18)
FNDA:0,(anonymous_19)
FNDA:0,(anonymous_20)
FNDA:1,(anonymous_21)
FNDA:1,(anonymous_22)
FNDA:1,(anonymous_23)
FNDA:2,(anonymous_24)
DA:1,5
DA:2,5
DA:3,5
DA:4,5
DA:5,5
DA:6,5
DA:7,5
DA:8,5
DA:9,5
DA:11,5
DA:12,5
DA:14,5
DA:18,1
DA:19,1
DA:20,1
DA:25,1
DA:26,1
DA:28,0
DA:29,0
DA:34,1
DA:35,1
DA:40,1
DA:42,0
DA:43,0
DA:48,2
DA:49,2
DA:50,2
DA:57,2
DA:58,1
DA:61,1
DA:62,1
DA:64,1
DA:65,1
DA:70,1
DA:71,1
DA:74,1
DA:76,0
DA:77,0
DA:82,3
DA:83,3
DA:87,3
DA:98,3
DA:100,3
DA:101,4
DA:104,3
DA:105,3
DA:115,3
DA:116,3
DA:118,3
DA:121,3
DA:122,3
DA:123,3
DA:124,0
DA:126,3
DA:134,3
DA:135,3
DA:136,3
DA:143,3
DA:144,3
DA:145,3
DA:148,3
DA:149,4
DA:152,3
DA:153,4
DA:156,3
DA:164,3
DA:165,0
DA:167,3
DA:171,3
DA:172,3
DA:173,4
DA:176,3
DA:177,4
DA:180,3
DA:183,3
DA:184,3
DA:185,3
DA:186,3
DA:187,3
DA:188,3
DA:193,3
DA:201,3
DA:223,3
DA:225,0
DA:226,0
DA:231,1
DA:232,1
DA:242,1
DA:244,0
DA:245,0
DA:250,2
DA:251,2
DA:252,2
DA:261,2
DA:262,1
DA:264,1
DA:265,1
DA:267,1
DA:268,1
DA:273,2
DA:274,2
DA:276,2
DA:287,2
DA:288,1
DA:291,1
DA:302,1
DA:311,1
DA:322,1
DA:333,1
DA:335,1
DA:336,1
DA:341,3
DA:342,3
DA:344,3
DA:345,1
DA:348,2
DA:354,2
DA:355,1
DA:358,1
DA:362,1
DA:363,0
DA:365,1
DA:367,1
DA:369,1
DA:379,1
DA:381,1
DA:383,2
DA:384,1
DA:386,2
DA:387,2
DA:392,1
DA:393,1
DA:394,1
DA:396,0
DA:397,0
DA:402,0
DA:403,0
DA:405,0
DA:406,0
DA:408,0
DA:419,0
DA:424,0
DA:425,0
DA:430,1
DA:431,1
DA:432,1
DA:437,1
DA:438,1
DA:440,0
DA:441,0
DA:446,1
DA:448,1
DA:462,1
DA:463,0
DA:477,1
DA:479,1
DA:480,1
DA:483,1
DA:494,1
DA:495,1
DA:536,1
DA:538,0
DA:539,0
DA:544,2
DA:545,2
DA:546,2
DA:547,2
DA:549,2
DA:550,1
DA:553,1
DA:554,0
DA:557,1
DA:568,1
DA:569,0
DA:572,1
DA:583,1
DA:592,1
DA:603,1
DA:605,1
DA:606,1
DA:611,5
LF:181
LH:151
BRDA:57,0,0,1
BRDA:57,0,1,1
BRDA:123,1,0,0
BRDA:123,1,1,3
BRDA:164,2,0,0
BRDA:164,2,1,3
BRDA:261,3,0,1
BRDA:261,3,1,1
BRDA:287,4,0,1
BRDA:287,4,1,1
BRDA:344,5,0,1
BRDA:344,5,1,2
BRDA:354,6,0,1
BRDA:354,6,1,1
BRDA:362,7,0,0
BRDA:362,7,1,1
BRDA:383,8,0,1
BRDA:383,8,1,1
BRDA:462,9,0,0
BRDA:462,9,1,1
BRDA:549,10,0,1
BRDA:549,10,1,1
BRDA:553,11,0,0
BRDA:553,11,1,1
BRDA:568,12,0,0
BRDA:568,12,1,1
BRF:26
BRH:20
end_of_record
TN:
SF:controllers\customerProfileController.js
FN:5,(anonymous_0)
FN:21,(anonymous_1)
FNF:2
FNH:2
FNDA:8,(anonymous_0)
FNDA:5,(anonymous_1)
DA:1,5
DA:2,5
DA:3,5
DA:7,8
DA:8,8
DA:9,8
DA:14,1
DA:16,7
DA:17,7
DA:22,5
DA:23,5
DA:25,5
DA:26,1
DA:29,4
DA:30,1
DA:33,3
DA:40,3
DA:41,1
DA:44,2
DA:45,2
DA:46,2
DA:47,1
DA:48,1
DA:50,1
DA:52,1
DA:56,1
DA:58,1
DA:64,4
DA:65,4
DA:70,5
LF:30
LH:30
BRDA:25,0,0,1
BRDA:25,0,1,4
BRDA:29,1,0,1
BRDA:29,1,1,3
BRDA:40,2,0,1
BRDA:40,2,1,2
BRDA:46,3,0,1
BRDA:46,3,1,1
BRF:8
BRH:8
end_of_record
TN:
SF:helpers\bcrypt.js
FN:3,hash
FN:10,comparePass
FNF:2
FNH:1
FNDA:20,hash
FNDA:0,comparePass
DA:1,5
DA:4,20
DA:5,20
DA:7,20
DA:11,0
DA:14,5
LF:6
LH:5
BRF:0
BRH:0
end_of_record
TN:
SF:helpers\cloudinary.js
FN:9,(anonymous_0)
FN:10,(anonymous_1)
FN:13,(anonymous_2)
FNF:3
FNH:0
FNDA:0,(anonymous_0)
FNDA:0,(anonymous_1)
FNDA:0,(anonymous_2)
DA:1,5
DA:3,5
DA:9,5
DA:10,0
DA:11,0
DA:14,0
LF:6
LH:3
BRF:0
BRH:0
end_of_record
TN:
SF:helpers\jwt.js
FN:4,encodeToken
FN:8,decodeToken
FNF:2
FNH:2
FNDA:6,encodeToken
FNDA:47,decodeToken
DA:1,5
DA:2,5
DA:5,6
DA:9,47
DA:12,5
LF:5
LH:5
BRF:0
BRH:0
end_of_record
TN:
SF:middleware\barberAuth.js
FN:4,(anonymous_0)
FNF:1
FNH:1
FNDA:15,(anonymous_0)
DA:1,5
DA:2,5
DA:4,5
DA:5,15
DA:6,15
DA:8,15
DA:9,6
DA:11,9
DA:13,9
DA:14,9
DA:16,9
DA:17,0
DA:20,9
DA:25,9
DA:27,6
DA:28,6
DA:32,5
LF:17
LH:16
BRDA:8,0,0,6
BRDA:8,0,1,9
BRDA:16,1,0,0
BRDA:16,1,1,9
BRF:4
BRH:3
end_of_record
TN:
SF:middleware\cmsAuth.js
FN:4,(anonymous_0)
FNF:1
FNH:1
FNDA:30,(anonymous_0)
DA:1,5
DA:2,5
DA:4,5
DA:5,30
DA:6,30
DA:8,30
DA:9,11
DA:12,19
DA:14,19
DA:15,19
DA:17,19
DA:18,0
DA:21,19
DA:23,19
DA:25,11
DA:26,11
DA:30,5
LF:17
LH:16
BRDA:8,0,0,11
BRDA:8,0,1,19
BRDA:17,1,0,0
BRDA:17,1,1,19
BRF:4
BRH:3
end_of_record
TN:
SF:middleware\customersAuth.js
FN:4,(anonymous_0)
FNF:1
FNH:1
FNDA:31,(anonymous_0)
DA:1,5
DA:2,5
DA:4,5
DA:5,31
DA:6,31
DA:8,31
DA:9,12
DA:12,19
DA:14,19
DA:16,19
DA:17,0
DA:19,19
DA:20,19
DA:22,19
DA:24,12
DA:25,12
DA:29,5
LF:17
LH:16
BRDA:8,0,0,12
BRDA:8,0,1,19
BRDA:16,1,0,0
BRDA:16,1,1,19
BRF:4
BRH:3
end_of_record
TN:
SF:middleware\errorHandler.js
FN:1,errorHandler
FN:9,(anonymous_1)
FNF:2
FNH:2
FNDA:67,errorHandler
FNDA:9,(anonymous_1)
DA:2,67
DA:3,2
DA:4,65
DA:5,3
DA:6,62
DA:7,4
DA:8,58
DA:9,8
DA:10,9
DA:12,8
DA:13,50
DA:14,12
DA:17,38
DA:18,2
DA:19,2
DA:22,36
DA:23,0
DA:26,36
DA:27,0
DA:28,36
DA:29,5
DA:30,31
DA:31,30
DA:33,1
DA:38,5
LF:25
LH:23
BRDA:2,0,0,2
BRDA:2,0,1,65
BRDA:4,1,0,3
BRDA:4,1,1,62
BRDA:6,2,0,4
BRDA:6,2,1,58
BRDA:8,3,0,8
BRDA:8,3,1,50
BRDA:13,4,0,12
BRDA:13,4,1,38
BRDA:17,5,0,2
BRDA:17,5,1,36
BRDA:22,6,0,0
BRDA:22,6,1,36
BRDA:26,7,0,0
BRDA:26,7,1,36
BRDA:28,8,0,5
BRDA:28,8,1,31
BRDA:30,9,0,30
BRDA:30,9,1,1
BRDA:30,10,0,31
BRDA:30,10,1,1
BRF:22
BRH:20
end_of_record
TN:
SF:models\admin.js
FN:3,(anonymous_0)
FN:10,(anonymous_1)
FNF:2
FNH:2
FNDA:5,(anonymous_0)
FNDA:5,(anonymous_1)
DA:2,5
DA:3,5
DA:14,5
DA:71,5
LF:4
LH:4
BRF:0
BRH:0
end_of_record
TN:
SF:models\barber.js
FN:4,(anonymous_0)
FN:6,(anonymous_1)
FN:75,(anonymous_2)
FNF:3
FNH:3
FNDA:5,(anonymous_0)
FNDA:5,(anonymous_1)
FNDA:1,(anonymous_2)
DA:2,5
DA:3,5
DA:4,5
DA:7,5
DA:8,5
DA:11,5
DA:75,5
DA:76,1
DA:78,5
LF:9
LH:9
BRF:0
BRH:0
end_of_record
TN:
SF:models\customer.js
FN:4,(anonymous_0)
FN:6,(anonymous_1)
FN:70,(anonymous_2)
FNF:3
FNH:3
FNDA:5,(anonymous_0)
FNDA:5,(anonymous_1)
FNDA:3,(anonymous_2)
DA:2,5
DA:3,5
DA:4,5
DA:7,5
DA:10,5
DA:70,5
DA:71,3
DA:73,5
LF:8
LH:8
BRF:0
BRH:0
end_of_record
TN:
SF:models\index.js
FN:21,(anonymous_0)
FN:29,(anonymous_1)
FN:34,(anonymous_2)
FNF:3
FNH:3
FNDA:40,(anonymous_0)
FNDA:35,(anonymous_1)
FNDA:35,(anonymous_2)
DA:3,5
DA:4,5
DA:5,5
DA:6,5
DA:7,5
DA:8,5
DA:9,5
DA:10,5
DA:13,5
DA:14,0
DA:16,5
DA:19,5
DA:22,40
DA:30,35
DA:31,35
DA:34,5
DA:35,35
DA:36,35
DA:40,5
DA:41,5
DA:43,5
LF:21
LH:20
BRDA:8,0,0,5
BRDA:8,0,1,0
BRDA:13,1,0,0
BRDA:13,1,1,5
BRDA:23,2,0,40
BRDA:23,2,1,40
BRDA:23,2,2,35
BRDA:23,2,3,35
BRDA:35,3,0,35
BRDA:35,3,1,0
BRF:10
BRH:7
end_of_record
TN:
SF:models\schedule.js
FN:3,(anonymous_0)
FN:10,(anonymous_1)
FNF:2
FNH:2
FNDA:5,(anonymous_0)
FNDA:5,(anonymous_1)
DA:2,5
DA:3,5
DA:12,5
DA:15,5
DA:32,5
LF:5
LH:5
BRF:0
BRH:0
end_of_record
TN:
SF:models\service.js
FN:3,(anonymous_0)
FN:5,(anonymous_1)
FNF:2
FNH:2
FNDA:5,(anonymous_0)
FNDA:5,(anonymous_1)
DA:2,5
DA:3,5
DA:6,5
DA:9,5
DA:44,5
LF:5
LH:5
BRF:0
BRH:0
end_of_record
TN:
SF:models\servicestransaction.js
FN:3,(anonymous_0)
FN:10,(anonymous_1)
FNF:2
FNH:2
FNDA:5,(anonymous_0)
FNDA:5,(anonymous_1)
DA:2,5
DA:3,5
DA:12,5
DA:13,5
DA:16,5
DA:26,5
LF:6
LH:6
BRF:0
BRH:0
end_of_record
TN:
SF:models\transaction.js
FN:3,(anonymous_0)
FN:5,(anonymous_1)
FNF:2
FNH:2
FNDA:5,(anonymous_0)
FNDA:5,(anonymous_1)
DA:2,5
DA:3,5
DA:6,5
DA:7,5
DA:8,5
DA:11,5
DA:30,5
LF:7
LH:7
BRF:0
BRH:0
end_of_record
TN:
SF:modelsMongo\adminModel.js
FN:5,(anonymous_0)
FN:11,(anonymous_1)
FN:33,(anonymous_2)
FN:40,(anonymous_3)
FNF:4
FNH:4
FNDA:23,(anonymous_0)
FNDA:1,(anonymous_1)
FNDA:3,(anonymous_2)
FNDA:19,(anonymous_3)
DA:1,5
DA:2,5
DA:6,23
DA:7,23
DA:8,23
DA:12,1
DA:13,1
DA:14,0
DA:16,1
DA:17,0
DA:19,1
DA:20,0
DA:23,1
DA:29,0
DA:34,3
DA:41,19
DA:47,5
LF:17
LH:13
BRDA:13,0,0,0
BRDA:13,0,1,1
BRDA:16,1,0,0
BRDA:16,1,1,1
BRDA:19,2,0,0
BRDA:19,2,1,1
BRF:6
BRH:3
end_of_record
TN:
SF:modelsMongo\catalogModel.js
FN:5,(anonymous_0)
FN:11,(anonymous_1)
FN:15,(anonymous_2)
FN:29,(anonymous_3)
FN:35,(anonymous_4)
FNF:5
FNH:5
FNDA:6,(anonymous_0)
FNDA:2,(anonymous_1)
FNDA:1,(anonymous_2)
FNDA:2,(anonymous_3)
FNDA:1,(anonymous_4)
DA:1,5
DA:2,5
DA:6,6
DA:7,6
DA:8,6
DA:12,2
DA:16,1
DA:17,1
DA:18,0
DA:21,1
DA:25,0
DA:30,2
DA:36,1
DA:42,5
LF:14
LH:12
BRDA:17,0,0,0
BRDA:17,0,1,1
BRF:2
BRH:1
end_of_record
TN:
SF:routes\barberRoutes.js
FNF:0
FNH:0
DA:1,5
DA:2,5
DA:3,5
DA:4,5
DA:6,5
DA:8,5
DA:9,5
DA:10,5
DA:11,5
DA:12,5
DA:13,5
DA:14,5
DA:15,5
DA:17,5
LF:14
LH:14
BRF:0
BRH:0
end_of_record
TN:
SF:routes\cmsRoutes.js
FNF:0
FNH:0
DA:1,5
DA:2,5
DA:3,5
DA:4,5
DA:6,5
DA:7,5
DA:8,5
DA:9,5
DA:10,5
DA:11,5
DA:13,5
DA:14,5
DA:15,5
DA:16,5
DA:17,5
DA:19,5
DA:20,5
DA:21,5
DA:23,5
LF:19
LH:19
BRF:0
BRH:0
end_of_record
TN:
SF:routes\customerRoutes.js
FNF:0
FNH:0
DA:1,5
DA:2,5
DA:3,5
DA:4,5
DA:5,5
DA:6,5
DA:7,5
DA:9,5
DA:11,5
DA:12,5
DA:14,5
DA:17,5
DA:18,5
DA:19,5
DA:20,5
DA:21,5
DA:22,5
DA:23,5
DA:24,5
DA:25,5
DA:26,5
DA:27,5
DA:28,5
DA:29,5
DA:30,5
DA:32,5
LF:26
LH:26
BRF:0
BRH:0
end_of_record
TN:
SF:routes\index.js
FNF:0
FNH:0
DA:1,5
DA:2,5
DA:5,5
DA:6,5
DA:7,5
DA:8,5
DA:9,5
DA:10,5
DA:12,5
LF:9
LH:9
BRF:0
BRH:0
end_of_record
