TN:
SF:app.js
FN:26,(anonymous_0)
FNF:1
FNH:1
FNDA:1,(anonymous_0)
DA:1,1
DA:2,1
DA:5,1
DA:6,1
DA:7,1
DA:8,1
DA:9,1
DA:10,1
DA:11,1
DA:13,1
DA:15,1
DA:17,1
DA:19,1
DA:20,1
DA:26,1
DA:27,1
DA:28,1
DA:31,0
DA:35,1
LF:19
LH:18
BRDA:1,0,0,1
BRDA:1,0,1,0
BRDA:10,1,0,1
BRDA:10,1,1,1
BRF:4
BRH:3
end_of_record
TN:
SF:configMongodb\mongoConnection.js
FN:8,(anonymous_0)
FN:22,(anonymous_1)
FNF:2
FNH:1
FNDA:1,(anonymous_0)
FNDA:0,(anonymous_1)
DA:1,1
DA:4,1
DA:6,1
DA:8,1
DA:9,1
DA:11,1
DA:12,1
DA:14,1
DA:16,1
DA:18,0
DA:22,1
DA:24,1
LF:12
LH:11
BRF:0
BRH:0
end_of_record
TN:
SF:controllers\barberMainController.js
FN:7,(anonymous_0)
FN:46,(anonymous_1)
FN:68,(anonymous_2)
FN:82,(anonymous_3)
FN:104,(anonymous_4)
FN:132,(anonymous_5)
FN:143,(anonymous_6)
FNF:7
FNH:0
FNDA:0,(anonymous_0)
FNDA:0,(anonymous_1)
FNDA:0,(anonymous_2)
FNDA:0,(anonymous_3)
FNDA:0,(anonymous_4)
FNDA:0,(anonymous_5)
FNDA:0,(anonymous_6)
DA:1,1
DA:2,1
DA:3,1
DA:8,0
DA:9,0
DA:12,0
DA:18,0
DA:19,0
DA:22,0
DA:23,0
DA:24,0
DA:28,0
DA:32,0
DA:34,0
DA:40,0
DA:41,0
DA:47,0
DA:49,0
DA:51,0
DA:59,0
DA:62,0
DA:69,0
DA:70,0
DA:76,0
DA:78,0
DA:83,0
DA:85,0
DA:87,0
DA:94,0
DA:95,0
DA:98,0
DA:100,0
DA:105,0
DA:106,0
DA:107,0
DA:109,0
DA:118,0
DA:119,0
DA:122,0
DA:124,0
DA:133,0
DA:134,0
DA:137,0
DA:139,0
DA:144,0
DA:145,0
DA:146,0
DA:147,0
DA:154,0
DA:155,0
DA:158,0
DA:170,0
DA:172,0
DA:179,1
LF:54
LH:4
BRDA:18,0,0,0
BRDA:18,0,1,0
BRDA:23,1,0,0
BRDA:23,1,1,0
BRDA:94,2,0,0
BRDA:94,2,1,0
BRDA:118,3,0,0
BRDA:118,3,1,0
BRDA:154,4,0,0
BRDA:154,4,1,0
BRF:10
BRH:0
end_of_record
TN:
SF:controllers\cmsMainController.js
FN:7,(anonymous_0)
FN:44,(anonymous_1)
FN:77,(anonymous_2)
FN:88,(anonymous_3)
FN:108,(anonymous_4)
FN:137,(anonymous_5)
FN:159,(anonymous_6)
FN:170,(anonymous_7)
FN:190,(anonymous_8)
FN:219,(anonymous_9)
FN:248,(anonymous_10)
FN:260,(anonymous_11)
FN:281,(anonymous_12)
FNF:13
FNH:0
FNDA:0,(anonymous_0)
FNDA:0,(anonymous_1)
FNDA:0,(anonymous_2)
FNDA:0,(anonymous_3)
FNDA:0,(anonymous_4)
FNDA:0,(anonymous_5)
FNDA:0,(anonymous_6)
FNDA:0,(anonymous_7)
FNDA:0,(anonymous_8)
FNDA:0,(anonymous_9)
FNDA:0,(anonymous_10)
FNDA:0,(anonymous_11)
FNDA:0,(anonymous_12)
DA:1,1
DA:2,1
DA:3,1
DA:4,1
DA:5,1
DA:9,0
DA:10,0
DA:11,0
DA:17,0
DA:24,0
DA:25,0
DA:26,0
DA:27,0
DA:28,0
DA:30,0
DA:31,0
DA:33,0
DA:34,0
DA:36,0
DA:37,0
DA:39,0
DA:45,0
DA:46,0
DA:47,0
DA:49,0
DA:51,0
DA:52,0
DA:55,0
DA:56,0
DA:57,0
DA:60,0
DA:64,0
DA:66,0
DA:72,0
DA:73,0
DA:78,0
DA:79,0
DA:81,0
DA:83,0
DA:84,0
DA:89,0
DA:90,0
DA:91,0
DA:101,0
DA:103,0
DA:104,0
DA:109,0
DA:110,0
DA:112,0
DA:117,0
DA:119,0
DA:120,0
DA:125,0
DA:129,0
DA:132,0
DA:133,0
DA:138,0
DA:139,0
DA:140,0
DA:152,0
DA:154,0
DA:155,0
DA:160,0
DA:161,0
DA:163,0
DA:165,0
DA:166,0
DA:171,0
DA:172,0
DA:173,0
DA:179,0
DA:180,0
DA:182,0
DA:185,0
DA:186,0
DA:191,0
DA:192,0
DA:193,0
DA:194,0
DA:212,0
DA:214,0
DA:215,0
DA:220,0
DA:221,0
DA:223,0
DA:228,0
DA:230,0
DA:231,0
DA:236,0
DA:240,0
DA:243,0
DA:244,0
DA:249,0
DA:250,0
DA:251,0
DA:253,0
DA:255,0
DA:256,0
DA:261,0
DA:262,0
DA:263,0
DA:267,0
DA:272,0
DA:273,0
DA:274,0
DA:276,0
DA:282,0
DA:283,0
DA:284,0
DA:286,0
DA:288,0
DA:289,0
DA:294,1
LF:113
LH:6
BRDA:25,0,0,0
BRDA:25,0,1,0
BRDA:27,1,0,0
BRDA:27,1,1,0
BRDA:30,2,0,0
BRDA:30,2,1,0
BRDA:33,3,0,0
BRDA:33,3,1,0
BRDA:36,4,0,0
BRDA:36,4,1,0
BRDA:51,5,0,0
BRDA:51,5,1,0
BRDA:56,6,0,0
BRDA:56,6,1,0
BRDA:119,7,0,0
BRDA:119,7,1,0
BRDA:179,8,0,0
BRDA:179,8,1,0
BRDA:230,9,0,0
BRDA:230,9,1,0
BRDA:273,10,0,0
BRDA:273,10,1,0
BRF:22
BRH:0
end_of_record
TN:
SF:controllers\customerMainController.js
FN:15,(anonymous_0)
FN:29,(anonymous_1)
FN:47,(anonymous_2)
FN:66,(anonymous_3)
FN:86,getDistances
FN:87,(anonymous_5)
FN:88,(anonymous_6)
FN:99,main
FN:114,(anonymous_8)
FN:118,(anonymous_9)
FN:138,(anonymous_10)
FN:142,(anonymous_11)
FN:196,(anonymous_12)
FN:210,(anonymous_13)
FN:230,(anonymous_14)
FN:298,(anonymous_15)
FN:337,(anonymous_16)
FNF:17
FNH:0
FNDA:0,(anonymous_0)
FNDA:0,(anonymous_1)
FNDA:0,(anonymous_2)
FNDA:0,(anonymous_3)
FNDA:0,getDistances
FNDA:0,(anonymous_5)
FNDA:0,(anonymous_6)
FNDA:0,main
FNDA:0,(anonymous_8)
FNDA:0,(anonymous_9)
FNDA:0,(anonymous_10)
FNDA:0,(anonymous_11)
FNDA:0,(anonymous_12)
FNDA:0,(anonymous_13)
FNDA:0,(anonymous_14)
FNDA:0,(anonymous_15)
FNDA:0,(anonymous_16)
DA:1,1
DA:2,1
DA:3,1
DA:4,1
DA:5,1
DA:6,1
DA:7,1
DA:9,1
DA:10,1
DA:12,1
DA:16,0
DA:17,0
DA:22,0
DA:24,0
DA:25,0
DA:30,0
DA:31,0
DA:32,0
DA:39,0
DA:40,0
DA:42,0
DA:43,0
DA:48,0
DA:49,0
DA:53,0
DA:64,0
DA:66,0
DA:67,0
DA:70,0
DA:71,0
DA:81,0
DA:82,0
DA:84,0
DA:87,0
DA:88,0
DA:89,0
DA:90,0
DA:92,0
DA:100,0
DA:101,0
DA:102,0
DA:109,0
DA:110,0
DA:111,0
DA:114,0
DA:115,0
DA:118,0
DA:119,0
DA:122,0
DA:130,0
DA:131,0
DA:133,0
DA:137,0
DA:138,0
DA:139,0
DA:142,0
DA:143,0
DA:146,0
DA:149,0
DA:150,0
DA:151,0
DA:152,0
DA:153,0
DA:154,0
DA:159,0
DA:167,0
DA:189,0
DA:191,0
DA:192,0
DA:197,0
DA:198,0
DA:203,0
DA:205,0
DA:206,0
DA:211,0
DA:212,0
DA:213,0
DA:222,0
DA:223,0
DA:225,0
DA:226,0
DA:231,0
DA:232,0
DA:234,0
DA:245,0
DA:246,0
DA:249,0
DA:260,0
DA:269,0
DA:280,0
DA:291,0
DA:293,0
DA:294,0
DA:299,0
DA:300,0
DA:301,0
DA:307,0
DA:311,0
DA:312,0
DA:314,0
DA:316,0
DA:318,0
DA:328,0
DA:330,0
DA:332,0
DA:333,0
DA:338,0
DA:339,0
DA:340,0
DA:342,0
DA:343,0
DA:348,1
LF:112
LH:11
BRDA:89,0,0,0
BRDA:89,0,1,0
BRDA:130,1,0,0
BRDA:130,1,1,0
BRDA:245,2,0,0
BRDA:245,2,1,0
BRDA:311,3,0,0
BRDA:311,3,1,0
BRF:8
BRH:0
end_of_record
TN:
SF:controllers\customerProfileController.js
FN:5,(anonymous_0)
FN:22,(anonymous_1)
FNF:2
FNH:2
FNDA:8,(anonymous_0)
FNDA:4,(anonymous_1)
DA:1,1
DA:2,1
DA:3,1
DA:7,8
DA:8,8
DA:9,8
DA:10,8
DA:15,1
DA:17,7
DA:18,7
DA:23,4
DA:24,4
DA:25,4
DA:27,4
DA:35,4
DA:36,2
DA:39,2
DA:40,2
DA:41,2
DA:42,1
DA:43,1
DA:45,1
DA:47,1
DA:51,1
DA:53,1
DA:59,3
DA:60,3
DA:65,1
LF:28
LH:28
BRDA:35,0,0,2
BRDA:35,0,1,2
BRDA:41,1,0,1
BRDA:41,1,1,1
BRF:4
BRH:4
end_of_record
TN:
SF:helpers\bcrypt.js
FN:3,hash
FN:10,comparePass
FNF:2
FNH:1
FNDA:3,hash
FNDA:0,comparePass
DA:1,1
DA:4,3
DA:5,3
DA:7,3
DA:11,0
DA:14,1
LF:6
LH:5
BRF:0
BRH:0
end_of_record
TN:
SF:helpers\jwt.js
FN:4,encodeToken
FN:8,decodeToken
FNF:2
FNH:1
FNDA:1,encodeToken
FNDA:0,decodeToken
DA:1,1
DA:2,1
DA:5,1
DA:9,0
DA:12,1
LF:5
LH:4
BRF:0
BRH:0
end_of_record
TN:
SF:middleware\barberAuth.js
FN:4,(anonymous_0)
FNF:1
FNH:0
FNDA:0,(anonymous_0)
DA:1,1
DA:2,1
DA:4,1
DA:5,0
DA:6,0
DA:8,0
DA:9,0
DA:12,0
DA:14,0
DA:16,0
DA:17,0
DA:20,0
DA:25,0
DA:27,0
DA:28,0
DA:32,1
LF:16
LH:4
BRDA:8,0,0,0
BRDA:8,0,1,0
BRDA:16,1,0,0
BRDA:16,1,1,0
BRF:4
BRH:0
end_of_record
TN:
SF:middleware\cmsAuth.js
FN:4,(anonymous_0)
FNF:1
FNH:0
FNDA:0,(anonymous_0)
DA:1,1
DA:2,1
DA:4,1
DA:5,0
DA:6,0
DA:8,0
DA:9,0
DA:12,0
DA:14,0
DA:15,0
DA:17,0
DA:18,0
DA:21,0
DA:23,0
DA:25,0
DA:26,0
DA:30,1
LF:17
LH:4
BRDA:8,0,0,0
BRDA:8,0,1,0
BRDA:17,1,0,0
BRDA:17,1,1,0
BRF:4
BRH:0
end_of_record
TN:
SF:middleware\customersAuth.js
FN:4,(anonymous_0)
FNF:1
FNH:0
FNDA:0,(anonymous_0)
DA:1,1
DA:2,1
DA:4,1
DA:5,0
DA:6,0
DA:8,0
DA:9,0
DA:12,0
DA:14,0
DA:16,0
DA:17,0
DA:20,0
DA:22,0
DA:24,0
DA:25,0
DA:29,1
LF:16
LH:4
BRDA:8,0,0,0
BRDA:8,0,1,0
BRDA:16,1,0,0
BRDA:16,1,1,0
BRF:4
BRH:0
end_of_record
TN:
SF:middleware\errorHandler.js
FN:1,errorHandler
FN:3,(anonymous_1)
FNF:2
FNH:2
FNDA:10,errorHandler
FNDA:6,(anonymous_1)
DA:2,10
DA:3,5
DA:4,6
DA:6,5
DA:7,5
DA:8,0
DA:11,5
DA:12,2
DA:13,2
DA:16,3
DA:17,0
DA:20,3
DA:21,0
DA:22,3
DA:23,3
DA:24,0
DA:25,0
DA:27,0
DA:31,1
LF:19
LH:13
BRDA:2,0,0,5
BRDA:2,0,1,5
BRDA:7,1,0,0
BRDA:7,1,1,5
BRDA:11,2,0,2
BRDA:11,2,1,3
BRDA:16,3,0,0
BRDA:16,3,1,3
BRDA:20,4,0,0
BRDA:20,4,1,3
BRDA:22,5,0,3
BRDA:22,5,1,0
BRDA:24,6,0,0
BRDA:24,6,1,0
BRDA:24,7,0,0
BRDA:24,7,1,0
BRF:16
BRH:8
end_of_record
TN:
SF:models\admin.js
FN:3,(anonymous_0)
FN:10,(anonymous_1)
FNF:2
FNH:2
FNDA:1,(anonymous_0)
FNDA:1,(anonymous_1)
DA:2,1
DA:3,1
DA:14,1
DA:71,1
LF:4
LH:4
BRF:0
BRH:0
end_of_record
TN:
SF:models\barber.js
FN:4,(anonymous_0)
FN:6,(anonymous_1)
FN:75,(anonymous_2)
FNF:3
FNH:2
FNDA:1,(anonymous_0)
FNDA:1,(anonymous_1)
FNDA:0,(anonymous_2)
DA:2,1
DA:3,1
DA:4,1
DA:7,1
DA:8,1
DA:11,1
DA:75,1
DA:76,0
DA:78,1
LF:9
LH:8
BRF:0
BRH:0
end_of_record
TN:
SF:models\customer.js
FN:4,(anonymous_0)
FN:6,(anonymous_1)
FN:70,(anonymous_2)
FNF:3
FNH:3
FNDA:1,(anonymous_0)
FNDA:1,(anonymous_1)
FNDA:3,(anonymous_2)
DA:2,1
DA:3,1
DA:4,1
DA:7,1
DA:10,1
DA:70,1
DA:71,3
DA:73,1
LF:8
LH:8
BRF:0
BRH:0
end_of_record
TN:
SF:models\index.js
FN:21,(anonymous_0)
FN:29,(anonymous_1)
FN:34,(anonymous_2)
FNF:3
FNH:3
FNDA:8,(anonymous_0)
FNDA:7,(anonymous_1)
FNDA:7,(anonymous_2)
DA:3,1
DA:4,1
DA:5,1
DA:6,1
DA:7,1
DA:8,1
DA:9,1
DA:10,1
DA:13,1
DA:14,0
DA:16,1
DA:19,1
DA:22,8
DA:30,7
DA:31,7
DA:34,1
DA:35,7
DA:36,7
DA:40,1
DA:41,1
DA:43,1
LF:21
LH:20
BRDA:8,0,0,1
BRDA:8,0,1,0
BRDA:13,1,0,0
BRDA:13,1,1,1
BRDA:23,2,0,8
BRDA:23,2,1,8
BRDA:23,2,2,7
BRDA:23,2,3,7
BRDA:35,3,0,7
BRDA:35,3,1,0
BRF:10
BRH:7
end_of_record
TN:
SF:models\schedule.js
FN:3,(anonymous_0)
FN:10,(anonymous_1)
FNF:2
FNH:2
FNDA:1,(anonymous_0)
FNDA:1,(anonymous_1)
DA:2,1
DA:3,1
DA:12,1
DA:15,1
DA:32,1
LF:5
LH:5
BRF:0
BRH:0
end_of_record
TN:
SF:models\service.js
FN:3,(anonymous_0)
FN:5,(anonymous_1)
FNF:2
FNH:2
FNDA:1,(anonymous_0)
FNDA:1,(anonymous_1)
DA:2,1
DA:3,1
DA:6,1
DA:9,1
DA:44,1
LF:5
LH:5
BRF:0
BRH:0
end_of_record
TN:
SF:models\servicestransaction.js
FN:3,(anonymous_0)
FN:10,(anonymous_1)
FNF:2
FNH:2
FNDA:1,(anonymous_0)
FNDA:1,(anonymous_1)
DA:2,1
DA:3,1
DA:12,1
DA:13,1
DA:16,1
DA:26,1
LF:6
LH:6
BRF:0
BRH:0
end_of_record
TN:
SF:models\transaction.js
FN:3,(anonymous_0)
FN:5,(anonymous_1)
FNF:2
FNH:2
FNDA:1,(anonymous_0)
FNDA:1,(anonymous_1)
DA:2,1
DA:3,1
DA:6,1
DA:7,1
DA:8,1
DA:11,1
DA:30,1
LF:7
LH:7
BRF:0
BRH:0
end_of_record
TN:
SF:modelsMongo\adminModel.js
FN:5,(anonymous_0)
FN:11,(anonymous_1)
FN:33,(anonymous_2)
FN:40,(anonymous_3)
FNF:4
FNH:0
FNDA:0,(anonymous_0)
FNDA:0,(anonymous_1)
FNDA:0,(anonymous_2)
FNDA:0,(anonymous_3)
DA:1,1
DA:2,1
DA:6,0
DA:7,0
DA:8,0
DA:12,0
DA:13,0
DA:14,0
DA:16,0
DA:17,0
DA:19,0
DA:20,0
DA:23,0
DA:29,0
DA:34,0
DA:41,0
DA:47,1
LF:17
LH:3
BRDA:13,0,0,0
BRDA:13,0,1,0
BRDA:16,1,0,0
BRDA:16,1,1,0
BRDA:19,2,0,0
BRDA:19,2,1,0
BRF:6
BRH:0
end_of_record
TN:
SF:modelsMongo\catalogModel.js
FN:5,(anonymous_0)
FN:11,(anonymous_1)
FN:15,(anonymous_2)
FN:29,(anonymous_3)
FNF:4
FNH:0
FNDA:0,(anonymous_0)
FNDA:0,(anonymous_1)
FNDA:0,(anonymous_2)
FNDA:0,(anonymous_3)
DA:1,1
DA:2,1
DA:6,0
DA:7,0
DA:8,0
DA:12,0
DA:16,0
DA:17,0
DA:18,0
DA:21,0
DA:25,0
DA:30,0
DA:36,1
LF:13
LH:3
BRDA:17,0,0,0
BRDA:17,0,1,0
BRF:2
BRH:0
end_of_record
TN:
SF:routes\barberRoutes.js
FNF:0
FNH:0
DA:1,1
DA:2,1
DA:3,1
DA:4,1
DA:6,1
DA:8,1
DA:9,1
DA:10,1
DA:11,1
DA:12,1
DA:13,1
DA:14,1
DA:17,1
LF:13
LH:13
BRF:0
BRH:0
end_of_record
TN:
SF:routes\cmsRoutes.js
FNF:0
FNH:0
DA:1,1
DA:2,1
DA:3,1
DA:4,1
DA:6,1
DA:7,1
DA:8,1
DA:9,1
DA:10,1
DA:11,1
DA:12,1
DA:13,1
DA:14,1
DA:15,1
DA:16,1
DA:17,1
DA:18,1
DA:19,1
DA:21,1
LF:19
LH:19
BRF:0
BRH:0
end_of_record
TN:
SF:routes\customerRoutes.js
FNF:0
FNH:0
DA:1,1
DA:2,1
DA:3,1
DA:4,1
DA:5,1
DA:7,1
DA:8,1
DA:10,1
DA:11,1
DA:12,1
DA:13,1
DA:14,1
DA:15,1
DA:16,1
DA:17,1
DA:18,1
DA:20,1
LF:17
LH:17
BRF:0
BRH:0
end_of_record
TN:
SF:routes\index.js
FNF:0
FNH:0
DA:1,1
DA:2,1
DA:5,1
DA:6,1
DA:7,1
DA:8,1
DA:9,1
DA:10,1
DA:12,1
LF:9
LH:9
BRF:0
BRH:0
end_of_record
